<?xml version="1.0" encoding="UTF-8"?>
<!-- Generated by org.testng.reporters.JUnitXMLReporter -->
<testsuite hostname="NHUTBM" name="Default test" tests="15" failures="0" timestamp="13 Jun 2019 09:03:30 GMT" time="0.073" errors="0">
  <testcase name="@BeforeClass beforeClass" time="0.0" classname="com.payzing.testcase.HomePageScript_Only_One">
    <failure type="org.testng.TestNGException" message="
Parameter &amp;apos;browser&amp;apos; is required by @Configuration on method beforeClass but has not been marked @Optional or defined
in C:\Users\LAP12160-local\AppData\Local\Temp\testng-eclipse--243200019\testng-customsuite.xml">
      <![CDATA[org.testng.TestNGException: 
Parameter 'browser' is required by @Configuration on method beforeClass but has not been marked @Optional or defined
in C:\Users\LAP12160-local\AppData\Local\Temp\testng-eclipse--243200019\testng-customsuite.xml
	at org.testng.internal.Parameters.createParameters(Parameters.java:155)
	at org.testng.internal.Parameters.createParameters(Parameters.java:355)
	at org.testng.internal.Parameters.createConfigurationParameters(Parameters.java:86)
	at org.testng.internal.Invoker.invokeConfigurations(Invoker.java:199)
	at org.testng.internal.Invoker.invokeConfigurations(Invoker.java:138)
	at org.testng.internal.TestMethodWorker.invokeBeforeClassMethods(TestMethodWorker.java:175)
	at org.testng.internal.TestMethodWorker.run(TestMethodWorker.java:107)
	at org.testng.TestRunner.privateRun(TestRunner.java:767)
	at org.testng.TestRunner.run(TestRunner.java:617)
	at org.testng.SuiteRunner.runTest(SuiteRunner.java:334)
	at org.testng.SuiteRunner.runSequentially(SuiteRunner.java:329)
	at org.testng.SuiteRunner.privateRun(SuiteRunner.java:291)
	at org.testng.SuiteRunner.run(SuiteRunner.java:240)
	at org.testng.SuiteRunnerWorker.runSuite(SuiteRunnerWorker.java:52)
	at org.testng.SuiteRunnerWorker.run(SuiteRunnerWorker.java:86)
	at org.testng.TestNG.runSuitesSequentially(TestNG.java:1198)
	at org.testng.TestNG.runSuitesLocally(TestNG.java:1123)
	at org.testng.TestNG.run(TestNG.java:1031)
	at org.testng.remote.AbstractRemoteTestNG.run(AbstractRemoteTestNG.java:114)
	at org.testng.remote.RemoteTestNG.initAndRun(RemoteTestNG.java:251)
	at org.testng.remote.RemoteTestNG.main(RemoteTestNG.java:77)
]]>
    </failure>
  </testcase> <!-- @BeforeClass beforeClass -->
  <testcase name="@BeforeMethod beforeMethod" time="0.0" classname="com.payzing.testcase.HomePageScript_Only_One">
    <skipped/>
  </testcase> <!-- @BeforeMethod beforeMethod -->
  <testcase name="@AfterMethod afterMethod" time="0.0" classname="com.payzing.testcase.HomePageScript_Only_One">
    <skipped/>
  </testcase> <!-- @AfterMethod afterMethod -->
  <testcase name="@BeforeMethod beforeMethod" time="0.0" classname="com.payzing.testcase.HomePageScript_Only_One">
    <skipped/>
  </testcase> <!-- @BeforeMethod beforeMethod -->
  <testcase name="@AfterMethod afterMethod" time="0.0" classname="com.payzing.testcase.HomePageScript_Only_One">
    <skipped/>
  </testcase> <!-- @AfterMethod afterMethod -->
  <testcase name="@BeforeMethod beforeMethod" time="0.0" classname="com.payzing.testcase.HomePageScript_Only_One">
    <skipped/>
  </testcase> <!-- @BeforeMethod beforeMethod -->
  <testcase name="@AfterMethod afterMethod" time="0.0" classname="com.payzing.testcase.HomePageScript_Only_One">
    <skipped/>
  </testcase> <!-- @AfterMethod afterMethod -->
  <testcase name="@BeforeMethod beforeMethod" time="0.0" classname="com.payzing.testcase.HomePageScript_Only_One">
    <skipped/>
  </testcase> <!-- @BeforeMethod beforeMethod -->
  <testcase name="@AfterMethod afterMethod" time="0.0" classname="com.payzing.testcase.HomePageScript_Only_One">
    <skipped/>
  </testcase> <!-- @AfterMethod afterMethod -->
  <testcase name="@BeforeMethod beforeMethod" time="0.0" classname="com.payzing.testcase.HomePageScript_Only_One">
    <skipped/>
  </testcase> <!-- @BeforeMethod beforeMethod -->
  <testcase name="@AfterMethod afterMethod" time="0.0" classname="com.payzing.testcase.HomePageScript_Only_One">
    <skipped/>
  </testcase> <!-- @AfterMethod afterMethod -->
  <testcase name="@BeforeMethod beforeMethod" time="0.0" classname="com.payzing.testcase.HomePageScript_Only_One">
    <skipped/>
  </testcase> <!-- @BeforeMethod beforeMethod -->
  <testcase name="@AfterMethod afterMethod" time="0.0" classname="com.payzing.testcase.HomePageScript_Only_One">
    <skipped/>
  </testcase> <!-- @AfterMethod afterMethod -->
  <testcase name="@BeforeMethod beforeMethod" time="0.0" classname="com.payzing.testcase.HomePageScript_Only_One">
    <skipped/>
  </testcase> <!-- @BeforeMethod beforeMethod -->
  <testcase name="@AfterMethod afterMethod" time="0.0" classname="com.payzing.testcase.HomePageScript_Only_One">
    <skipped/>
  </testcase> <!-- @AfterMethod afterMethod -->
  <testcase name="@BeforeMethod beforeMethod" time="0.0" classname="com.payzing.testcase.HomePageScript_Only_One">
    <skipped/>
  </testcase> <!-- @BeforeMethod beforeMethod -->
  <testcase name="@AfterMethod afterMethod" time="0.0" classname="com.payzing.testcase.HomePageScript_Only_One">
    <skipped/>
  </testcase> <!-- @AfterMethod afterMethod -->
  <testcase name="@BeforeMethod beforeMethod" time="0.0" classname="com.payzing.testcase.HomePageScript_Only_One">
    <skipped/>
  </testcase> <!-- @BeforeMethod beforeMethod -->
  <testcase name="@AfterMethod afterMethod" time="0.0" classname="com.payzing.testcase.HomePageScript_Only_One">
    <skipped/>
  </testcase> <!-- @AfterMethod afterMethod -->
  <testcase name="@BeforeMethod beforeMethod" time="0.0" classname="com.payzing.testcase.HomePageScript_Only_One">
    <skipped/>
  </testcase> <!-- @BeforeMethod beforeMethod -->
  <testcase name="@AfterMethod afterMethod" time="0.0" classname="com.payzing.testcase.HomePageScript_Only_One">
    <skipped/>
  </testcase> <!-- @AfterMethod afterMethod -->
  <testcase name="@BeforeMethod beforeMethod" time="0.0" classname="com.payzing.testcase.HomePageScript_Only_One">
    <skipped/>
  </testcase> <!-- @BeforeMethod beforeMethod -->
  <testcase name="@AfterMethod afterMethod" time="0.0" classname="com.payzing.testcase.HomePageScript_Only_One">
    <skipped/>
  </testcase> <!-- @AfterMethod afterMethod -->
  <testcase name="@BeforeMethod beforeMethod" time="0.0" classname="com.payzing.testcase.HomePageScript_Only_One">
    <skipped/>
  </testcase> <!-- @BeforeMethod beforeMethod -->
  <testcase name="@AfterMethod afterMethod" time="0.0" classname="com.payzing.testcase.HomePageScript_Only_One">
    <skipped/>
  </testcase> <!-- @AfterMethod afterMethod -->
  <testcase name="@BeforeMethod beforeMethod" time="0.0" classname="com.payzing.testcase.HomePageScript_Only_One">
    <skipped/>
  </testcase> <!-- @BeforeMethod beforeMethod -->
  <testcase name="@AfterMethod afterMethod" time="0.0" classname="com.payzing.testcase.HomePageScript_Only_One">
    <skipped/>
  </testcase> <!-- @AfterMethod afterMethod -->
  <testcase name="@BeforeMethod beforeMethod" time="0.0" classname="com.payzing.testcase.HomePageScript_Only_One">
    <skipped/>
  </testcase> <!-- @BeforeMethod beforeMethod -->
  <testcase name="@AfterMethod afterMethod" time="0.0" classname="com.payzing.testcase.HomePageScript_Only_One">
    <skipped/>
  </testcase> <!-- @AfterMethod afterMethod -->
  <testcase name="@BeforeMethod beforeMethod" time="0.0" classname="com.payzing.testcase.HomePageScript_Only_One">
    <skipped/>
  </testcase> <!-- @BeforeMethod beforeMethod -->
  <testcase name="@AfterMethod afterMethod" time="0.0" classname="com.payzing.testcase.HomePageScript_Only_One">
    <skipped/>
  </testcase> <!-- @AfterMethod afterMethod -->
  <testcase name="@AfterClass afterClass" time="0.0" classname="com.payzing.testcase.HomePageScript_Only_One">
    <skipped/>
  </testcase> <!-- @AfterClass afterClass -->
  <testcase name="testcase_01_ZaloPay_Verify_display_QR_code" time="0.004" classname="com.payzing.testcase.HomePageScript_Only_One">
    <skipped/>
  </testcase> <!-- testcase_01_ZaloPay_Verify_display_QR_code -->
  <testcase name="testcase_02_ZingCard_Verify_display_form_input_information_card" time="0.001" classname="com.payzing.testcase.HomePageScript_Only_One">
    <skipped/>
  </testcase> <!-- testcase_02_ZingCard_Verify_display_form_input_information_card -->
  <testcase name="testcase_03_ZingCard_Verify_display_message_when_dont_input_Seri_and_Pin_card" time="0.001" classname="com.payzing.testcase.HomePageScript_Only_One">
    <skipped/>
  </testcase> <!-- testcase_03_ZingCard_Verify_display_message_when_dont_input_Seri_and_Pin_card -->
  <testcase name="testcase_04_ZingCard_Verify_display_message_when_only_input_Seri" time="0.001" classname="com.payzing.testcase.HomePageScript_Only_One">
    <skipped/>
  </testcase> <!-- testcase_04_ZingCard_Verify_display_message_when_only_input_Seri -->
  <testcase name="testcase_05_ZingCard_Verify_display_message_when_only_input_Pin" time="0.001" classname="com.payzing.testcase.HomePageScript_Only_One">
    <skipped/>
  </testcase> <!-- testcase_05_ZingCard_Verify_display_message_when_only_input_Pin -->
  <testcase name="testcase_06_ZingCard_Verify_display_message_when_input_card_invalid" time="0.001" classname="com.payzing.testcase.HomePageScript_Only_One">
    <skipped/>
  </testcase> <!-- testcase_06_ZingCard_Verify_display_message_when_input_card_invalid -->
  <testcase name="testcase_07_ZingCard_Verify_display_message_when_input_card_had_used" time="0.001" classname="com.payzing.testcase.HomePageScript_Only_One">
    <skipped/>
  </testcase> <!-- testcase_07_ZingCard_Verify_display_message_when_input_card_had_used -->
  <testcase name="testcase_08_ATM_Transfer_Napas" time="0.001" classname="com.payzing.testcase.HomePageScript_Only_One">
    <skipped/>
  </testcase> <!-- testcase_08_ATM_Transfer_Napas -->
  <testcase name="testcase_09_ATM_Transfer_Napas_Verify_display_message_when_dont_input_information_card" time="0.001" classname="com.payzing.testcase.HomePageScript_Only_One">
    <skipped/>
  </testcase> <!-- testcase_09_ATM_Transfer_Napas_Verify_display_message_when_dont_input_information_card -->
  <testcase name="testcase_10_ATM_Transfer_Napas" time="0.001" classname="com.payzing.testcase.HomePageScript_Only_One">
    <skipped/>
  </testcase> <!-- testcase_10_ATM_Transfer_Napas -->
  <testcase name="testcase_11_ATM_Transfer_BANK_WEB" time="0.001" classname="com.payzing.testcase.HomePageScript_Only_One">
    <skipped/>
  </testcase> <!-- testcase_11_ATM_Transfer_BANK_WEB -->
  <testcase name="testcase_12_ATM_Transfer_ZaloPay_Verify_display_form_input_infor_card" time="0.002" classname="com.payzing.testcase.HomePageScript_Only_One">
    <skipped/>
  </testcase> <!-- testcase_12_ATM_Transfer_ZaloPay_Verify_display_form_input_infor_card -->
  <testcase name="testcase_13_ATM_Transfer_ZaloPay_Verify_display_transactionID" time="0.001" classname="com.payzing.testcase.HomePageScript_Only_One">
    <skipped/>
  </testcase> <!-- testcase_13_ATM_Transfer_ZaloPay_Verify_display_transactionID -->
  <testcase name="testcase_14_Credit_Card" time="0.001" classname="com.payzing.testcase.HomePageScript_Only_One">
    <skipped/>
  </testcase> <!-- testcase_14_Credit_Card -->
  <testcase name="testcase_15_SMS" time="0.001" classname="com.payzing.testcase.HomePageScript_Only_One">
    <skipped/>
  </testcase> <!-- testcase_15_SMS -->
</testsuite> <!-- Default test -->
