<?xml version="1.0" encoding="UTF-8"?>
<!-- Generated by org.testng.reporters.JUnitXMLReporter -->
<testsuite hostname="NHUTBM" name="Login guru on Chrome" tests="16" failures="0" timestamp="6 Jun 2019 10:12:22 GMT" time="198.098" errors="0">
  <testcase name="testcase_01_Dont_input_username_password" time="5.611" classname="com.payzing.testcase.LoginScript"/>
  <testcase name="testcase_02_Only_Type_Input_UserName" time="0.206" classname="com.payzing.testcase.LoginScript"/>
  <testcase name="testcase_03_Only_Type_Input_Password" time="0.213" classname="com.payzing.testcase.LoginScript"/>
  <testcase name="testcase_04_Type_Invalid_Account" time="3.241" classname="com.payzing.testcase.LoginScript"/>
  <testcase name="testcase_05_Login_account_ZingID_success" time="4.842" classname="com.payzing.testcase.LoginScript"/>
  <testcase name="testcase_06_select_quicklogin" time="0.699" classname="com.payzing.testcase.LoginScript"/>
  <testcase name="testcase_07_QuickLogin_Dont_type_Username_and_password" time="0.11" classname="com.payzing.testcase.LoginScript"/>
  <testcase name="testcase_08_QuickLogin_Only_type_Username" time="0.213" classname="com.payzing.testcase.LoginScript"/>
  <testcase name="testcase_09_QuickLogin_Only_type_Password" time="0.182" classname="com.payzing.testcase.LoginScript"/>
  <testcase name="testcase_10_QuickLogin_Login_account_invalid" time="2.27" classname="com.payzing.testcase.LoginScript"/>
  <testcase name="testcase_01_ZaloPay" time="2.381" classname="com.payzing.testcase.HomePageScript"/>
  <testcase name="testcase_02_ZingCard" time="11.134" classname="com.payzing.testcase.HomePageScript"/>
  <testcase name="testcase_03_ATM_Transfer_Napas" time="23.479" classname="com.payzing.testcase.HomePageScript"/>
  <testcase name="testcase_04_ATM_Transfer_BANK_WEB" time="39.709" classname="com.payzing.testcase.HomePageScript"/>
  <testcase name="testcase_05_ATM_Transfer_ZaloPay" time="25.632" classname="com.payzing.testcase.HomePageScript"/>
  <testcase name="testcase_06_Credit_Card" time="23.184" classname="com.payzing.testcase.HomePageScript"/>
</testsuite> <!-- Login guru on Chrome -->
