<?xml version="1.0" encoding="UTF-8"?>
<testng-results skipped="0" failed="23" total="74" passed="51">
  <reporter-output>
  </reporter-output>
  <suite name="Suite" duration-ms="77416881" started-at="2019-06-16T04:44:34Z" finished-at="2019-06-17T02:14:51Z">
    <groups>
    </groups>
    <test name="Login guru on Chrome" duration-ms="77416881" started-at="2019-06-16T04:44:34Z" finished-at="2019-06-17T02:14:51Z">
      <class name="com.payzing.testcase.HomePageScript_Only_One">
        <test-method status="PASS" signature="beforeClass(java.lang.String, java.lang.String, java.lang.String)[pri:0, instance:com.payzing.testcase.HomePageScript_Only_One@14acaea5]" name="beforeClass" is-config="true" duration-ms="20500" started-at="2019-06-17T08:58:18Z" finished-at="2019-06-17T08:58:39Z">
          <params>
            <param index="0">
              <value>
                <![CDATA[chrome]]>
              </value>
            </param>
            <param index="1">
              <value>
                <![CDATA[74.0.3729.6]]>
              </value>
            </param>
            <param index="2">
              <value>
                <![CDATA[https://pay.zing.vn]]>
              </value>
            </param>
          </params>
          <reporter-output>
          </reporter-output>
        </test-method> <!-- beforeClass -->
        <test-method status="PASS" signature="beforeMethod()[pri:0, instance:com.payzing.testcase.HomePageScript_Only_One@14acaea5]" name="beforeMethod" is-config="true" duration-ms="4241" started-at="2019-06-17T08:58:39Z" finished-at="2019-06-17T08:58:43Z">
          <reporter-output>
          </reporter-output>
        </test-method> <!-- beforeMethod -->
        <test-method status="PASS" signature="testcase_01_ZaloPay_Verify_display_QR_code()[pri:0, instance:com.payzing.testcase.HomePageScript_Only_One@14acaea5]" name="testcase_01_ZaloPay_Verify_display_QR_code" duration-ms="2804" started-at="2019-06-17T08:58:43Z" finished-at="2019-06-17T08:58:46Z">
          <reporter-output>
          </reporter-output>
        </test-method> <!-- testcase_01_ZaloPay_Verify_display_QR_code -->
        <test-method status="PASS" signature="afterMethod(org.testng.ITestResult)[pri:0, instance:com.payzing.testcase.HomePageScript_Only_One@14acaea5]" name="afterMethod" is-config="true" duration-ms="1" started-at="2019-06-17T08:58:46Z" finished-at="2019-06-17T08:58:46Z">
          <params>
            <param index="0">
              <value>
                <![CDATA[[TestResult name=testcase_01_ZaloPay_Verify_display_QR_code status=SUCCESS method=HomePageScript_Only_One.testcase_01_ZaloPay_Verify_display_QR_code()[pri:0, instance:com.payzing.testcase.HomePageScript_Only_One@14acaea5] output={null}]]]>
              </value>
            </param>
          </params>
          <reporter-output>
          </reporter-output>
        </test-method> <!-- afterMethod -->
        <test-method status="PASS" signature="beforeMethod()[pri:0, instance:com.payzing.testcase.HomePageScript_Only_One@14acaea5]" name="beforeMethod" is-config="true" duration-ms="4211" started-at="2019-06-17T08:58:46Z" finished-at="2019-06-17T08:58:50Z">
          <reporter-output>
          </reporter-output>
        </test-method> <!-- beforeMethod -->
        <test-method status="PASS" signature="testcase_02_ZingCard_Verify_display_form_input_information_card()[pri:0, instance:com.payzing.testcase.HomePageScript_Only_One@14acaea5]" name="testcase_02_ZingCard_Verify_display_form_input_information_card" duration-ms="116" started-at="2019-06-17T08:58:50Z" finished-at="2019-06-17T08:58:50Z">
          <reporter-output>
          </reporter-output>
        </test-method> <!-- testcase_02_ZingCard_Verify_display_form_input_information_card -->
        <test-method status="PASS" signature="afterMethod(org.testng.ITestResult)[pri:0, instance:com.payzing.testcase.HomePageScript_Only_One@14acaea5]" name="afterMethod" is-config="true" duration-ms="0" started-at="2019-06-17T08:58:50Z" finished-at="2019-06-17T08:58:50Z">
          <params>
            <param index="0">
              <value>
                <![CDATA[[TestResult name=testcase_02_ZingCard_Verify_display_form_input_information_card status=SUCCESS method=HomePageScript_Only_One.testcase_02_ZingCard_Verify_display_form_input_information_card()[pri:0, instance:com.payzing.testcase.HomePageScript_Only_One@14acaea5] output={null}]]]>
              </value>
            </param>
          </params>
          <reporter-output>
          </reporter-output>
        </test-method> <!-- afterMethod -->
        <test-method status="PASS" signature="beforeMethod()[pri:0, instance:com.payzing.testcase.HomePageScript_Only_One@14acaea5]" name="beforeMethod" is-config="true" duration-ms="4240" started-at="2019-06-17T08:58:50Z" finished-at="2019-06-17T08:58:54Z">
          <reporter-output>
          </reporter-output>
        </test-method> <!-- beforeMethod -->
        <test-method status="PASS" signature="testcase_03_ZingCard_Verify_display_message_when_dont_input_Seri_and_Pin_card()[pri:0, instance:com.payzing.testcase.HomePageScript_Only_One@14acaea5]" name="testcase_03_ZingCard_Verify_display_message_when_dont_input_Seri_and_Pin_card" duration-ms="815" started-at="2019-06-17T08:58:54Z" finished-at="2019-06-17T08:58:55Z">
          <reporter-output>
          </reporter-output>
        </test-method> <!-- testcase_03_ZingCard_Verify_display_message_when_dont_input_Seri_and_Pin_card -->
        <test-method status="PASS" signature="afterMethod(org.testng.ITestResult)[pri:0, instance:com.payzing.testcase.HomePageScript_Only_One@14acaea5]" name="afterMethod" is-config="true" duration-ms="0" started-at="2019-06-17T08:58:55Z" finished-at="2019-06-17T08:58:55Z">
          <params>
            <param index="0">
              <value>
                <![CDATA[[TestResult name=testcase_03_ZingCard_Verify_display_message_when_dont_input_Seri_and_Pin_card status=SUCCESS method=HomePageScript_Only_One.testcase_03_ZingCard_Verify_display_message_when_dont_input_Seri_and_Pin_card()[pri:0, instance:com.payzing.testcase.HomePageScript_Only_One@14acaea5] output={null}]]]>
              </value>
            </param>
          </params>
          <reporter-output>
          </reporter-output>
        </test-method> <!-- afterMethod -->
        <test-method status="PASS" signature="beforeMethod()[pri:0, instance:com.payzing.testcase.HomePageScript_Only_One@14acaea5]" name="beforeMethod" is-config="true" duration-ms="4228" started-at="2019-06-17T08:58:55Z" finished-at="2019-06-17T08:58:59Z">
          <reporter-output>
          </reporter-output>
        </test-method> <!-- beforeMethod -->
        <test-method status="PASS" signature="testcase_04_ZingCard_Verify_display_message_when_only_input_Seri()[pri:0, instance:com.payzing.testcase.HomePageScript_Only_One@14acaea5]" name="testcase_04_ZingCard_Verify_display_message_when_only_input_Seri" duration-ms="2436" started-at="2019-06-17T08:58:59Z" finished-at="2019-06-17T08:59:02Z">
          <reporter-output>
          </reporter-output>
        </test-method> <!-- testcase_04_ZingCard_Verify_display_message_when_only_input_Seri -->
        <test-method status="PASS" signature="beforeMethod()[pri:0, instance:com.payzing.testcase.HomePageScript_Only_One@14acaea5]" name="beforeMethod" is-config="true" duration-ms="4320" started-at="2019-06-17T08:59:02Z" finished-at="2019-06-17T08:59:06Z">
          <reporter-output>
          </reporter-output>
        </test-method> <!-- beforeMethod -->
        <test-method status="PASS" signature="afterMethod(org.testng.ITestResult)[pri:0, instance:com.payzing.testcase.HomePageScript_Only_One@14acaea5]" name="afterMethod" is-config="true" duration-ms="0" started-at="2019-06-17T08:59:02Z" finished-at="2019-06-17T08:59:02Z">
          <params>
            <param index="0">
              <value>
                <![CDATA[[TestResult name=testcase_04_ZingCard_Verify_display_message_when_only_input_Seri status=SUCCESS method=HomePageScript_Only_One.testcase_04_ZingCard_Verify_display_message_when_only_input_Seri()[pri:0, instance:com.payzing.testcase.HomePageScript_Only_One@14acaea5] output={null}]]]>
              </value>
            </param>
          </params>
          <reporter-output>
          </reporter-output>
        </test-method> <!-- afterMethod -->
        <test-method status="PASS" signature="testcase_05_ZingCard_Verify_display_message_when_only_input_Pin()[pri:0, instance:com.payzing.testcase.HomePageScript_Only_One@14acaea5]" name="testcase_05_ZingCard_Verify_display_message_when_only_input_Pin" duration-ms="2375" started-at="2019-06-17T08:59:06Z" finished-at="2019-06-17T08:59:09Z">
          <reporter-output>
          </reporter-output>
        </test-method> <!-- testcase_05_ZingCard_Verify_display_message_when_only_input_Pin -->
        <test-method status="PASS" signature="beforeMethod()[pri:0, instance:com.payzing.testcase.HomePageScript_Only_One@14acaea5]" name="beforeMethod" is-config="true" duration-ms="4289" started-at="2019-06-17T08:59:09Z" finished-at="2019-06-17T08:59:13Z">
          <reporter-output>
          </reporter-output>
        </test-method> <!-- beforeMethod -->
        <test-method status="PASS" signature="afterMethod(org.testng.ITestResult)[pri:0, instance:com.payzing.testcase.HomePageScript_Only_One@14acaea5]" name="afterMethod" is-config="true" duration-ms="0" started-at="2019-06-17T08:59:09Z" finished-at="2019-06-17T08:59:09Z">
          <params>
            <param index="0">
              <value>
                <![CDATA[[TestResult name=testcase_05_ZingCard_Verify_display_message_when_only_input_Pin status=SUCCESS method=HomePageScript_Only_One.testcase_05_ZingCard_Verify_display_message_when_only_input_Pin()[pri:0, instance:com.payzing.testcase.HomePageScript_Only_One@14acaea5] output={null}]]]>
              </value>
            </param>
          </params>
          <reporter-output>
          </reporter-output>
        </test-method> <!-- afterMethod -->
        <test-method status="PASS" signature="testcase_06_ZingCard_Verify_display_message_when_input_card_invalid()[pri:0, instance:com.payzing.testcase.HomePageScript_Only_One@14acaea5]" name="testcase_06_ZingCard_Verify_display_message_when_input_card_invalid" duration-ms="3926" started-at="2019-06-17T08:59:13Z" finished-at="2019-06-17T08:59:17Z">
          <reporter-output>
          </reporter-output>
        </test-method> <!-- testcase_06_ZingCard_Verify_display_message_when_input_card_invalid -->
        <test-method status="PASS" signature="afterMethod(org.testng.ITestResult)[pri:0, instance:com.payzing.testcase.HomePageScript_Only_One@14acaea5]" name="afterMethod" is-config="true" duration-ms="0" started-at="2019-06-17T08:59:17Z" finished-at="2019-06-17T08:59:17Z">
          <params>
            <param index="0">
              <value>
                <![CDATA[[TestResult name=testcase_06_ZingCard_Verify_display_message_when_input_card_invalid status=SUCCESS method=HomePageScript_Only_One.testcase_06_ZingCard_Verify_display_message_when_input_card_invalid()[pri:0, instance:com.payzing.testcase.HomePageScript_Only_One@14acaea5] output={null}]]]>
              </value>
            </param>
          </params>
          <reporter-output>
          </reporter-output>
        </test-method> <!-- afterMethod -->
        <test-method status="PASS" signature="beforeMethod()[pri:0, instance:com.payzing.testcase.HomePageScript_Only_One@14acaea5]" name="beforeMethod" is-config="true" duration-ms="4224" started-at="2019-06-17T08:59:17Z" finished-at="2019-06-17T08:59:21Z">
          <reporter-output>
          </reporter-output>
        </test-method> <!-- beforeMethod -->
        <test-method status="PASS" signature="testcase_07_ZingCard_Verify_display_message_when_input_card_had_used()[pri:0, instance:com.payzing.testcase.HomePageScript_Only_One@14acaea5]" name="testcase_07_ZingCard_Verify_display_message_when_input_card_had_used" duration-ms="3925" started-at="2019-06-17T08:59:21Z" finished-at="2019-06-17T08:59:25Z">
          <reporter-output>
          </reporter-output>
        </test-method> <!-- testcase_07_ZingCard_Verify_display_message_when_input_card_had_used -->
        <test-method status="PASS" signature="beforeMethod()[pri:0, instance:com.payzing.testcase.HomePageScript_Only_One@14acaea5]" name="beforeMethod" is-config="true" duration-ms="4300" started-at="2019-06-17T08:59:25Z" finished-at="2019-06-17T08:59:29Z">
          <reporter-output>
          </reporter-output>
        </test-method> <!-- beforeMethod -->
        <test-method status="PASS" signature="afterMethod(org.testng.ITestResult)[pri:0, instance:com.payzing.testcase.HomePageScript_Only_One@14acaea5]" name="afterMethod" is-config="true" duration-ms="0" started-at="2019-06-17T08:59:25Z" finished-at="2019-06-17T08:59:25Z">
          <params>
            <param index="0">
              <value>
                <![CDATA[[TestResult name=testcase_07_ZingCard_Verify_display_message_when_input_card_had_used status=SUCCESS method=HomePageScript_Only_One.testcase_07_ZingCard_Verify_display_message_when_input_card_had_used()[pri:0, instance:com.payzing.testcase.HomePageScript_Only_One@14acaea5] output={null}]]]>
              </value>
            </param>
          </params>
          <reporter-output>
          </reporter-output>
        </test-method> <!-- afterMethod -->
        <test-method status="PASS" signature="testcase_08_ATM_Transfer_Napas()[pri:0, instance:com.payzing.testcase.HomePageScript_Only_One@14acaea5]" name="testcase_08_ATM_Transfer_Napas" duration-ms="6839" started-at="2019-06-17T08:59:29Z" finished-at="2019-06-17T08:59:36Z">
          <reporter-output>
          </reporter-output>
        </test-method> <!-- testcase_08_ATM_Transfer_Napas -->
        <test-method status="PASS" signature="afterMethod(org.testng.ITestResult)[pri:0, instance:com.payzing.testcase.HomePageScript_Only_One@14acaea5]" name="afterMethod" is-config="true" duration-ms="1" started-at="2019-06-17T08:59:36Z" finished-at="2019-06-17T08:59:36Z">
          <params>
            <param index="0">
              <value>
                <![CDATA[[TestResult name=testcase_08_ATM_Transfer_Napas status=SUCCESS method=HomePageScript_Only_One.testcase_08_ATM_Transfer_Napas()[pri:0, instance:com.payzing.testcase.HomePageScript_Only_One@14acaea5] output={null}]]]>
              </value>
            </param>
          </params>
          <reporter-output>
          </reporter-output>
        </test-method> <!-- afterMethod -->
        <test-method status="PASS" signature="beforeMethod()[pri:0, instance:com.payzing.testcase.HomePageScript_Only_One@14acaea5]" name="beforeMethod" is-config="true" duration-ms="4591" started-at="2019-06-17T08:59:36Z" finished-at="2019-06-17T08:59:41Z">
          <reporter-output>
          </reporter-output>
        </test-method> <!-- beforeMethod -->
        <test-method status="PASS" signature="testcase_09_ATM_Transfer_Napas_Verify_display_message_when_dont_input_information_card()[pri:0, instance:com.payzing.testcase.HomePageScript_Only_One@14acaea5]" name="testcase_09_ATM_Transfer_Napas_Verify_display_message_when_dont_input_information_card" duration-ms="7452" started-at="2019-06-17T08:59:41Z" finished-at="2019-06-17T08:59:48Z">
          <reporter-output>
          </reporter-output>
        </test-method> <!-- testcase_09_ATM_Transfer_Napas_Verify_display_message_when_dont_input_information_card -->
        <test-method status="PASS" signature="beforeMethod()[pri:0, instance:com.payzing.testcase.HomePageScript_Only_One@14acaea5]" name="beforeMethod" is-config="true" duration-ms="5171" started-at="2019-06-17T08:59:48Z" finished-at="2019-06-17T08:59:53Z">
          <reporter-output>
          </reporter-output>
        </test-method> <!-- beforeMethod -->
        <test-method status="PASS" signature="afterMethod(org.testng.ITestResult)[pri:0, instance:com.payzing.testcase.HomePageScript_Only_One@14acaea5]" name="afterMethod" is-config="true" duration-ms="0" started-at="2019-06-17T08:59:48Z" finished-at="2019-06-17T08:59:48Z">
          <params>
            <param index="0">
              <value>
                <![CDATA[[TestResult name=testcase_09_ATM_Transfer_Napas_Verify_display_message_when_dont_input_information_card status=SUCCESS method=HomePageScript_Only_One.testcase_09_ATM_Transfer_Napas_Verify_display_message_when_dont_input_information_card()[pri:0, instance:com.payzing.testcase.HomePageScript_Only_One@14acaea5] output={null}]]]>
              </value>
            </param>
          </params>
          <reporter-output>
          </reporter-output>
        </test-method> <!-- afterMethod -->
        <test-method status="FAIL" signature="testcase_10_ATM_Transfer_Napas()[pri:0, instance:com.payzing.testcase.HomePageScript_Only_One@14acaea5]" name="testcase_10_ATM_Transfer_Napas" duration-ms="24911" started-at="2019-06-17T08:59:53Z" finished-at="2019-06-17T09:00:18Z">
          <exception class="org.openqa.selenium.ElementClickInterceptedException">
            <message>
              <![CDATA[element click intercepted: Element <span data-bind="text: gtCore.mess.ContinutePayment">...</span> is not clickable at point (767, 269). Other element would receive the click: <div id="preloader-background">...</div>
  (Session info: chrome=75.0.3770.90)
  (Driver info: chromedriver=74.0.3729.6 (255758eccf3d244491b8a1317aa76e1ce10d57e9-refs/branch-heads/3729@{#29}),platform=Windows NT 10.0.17134 x86_64) (WARNING: The server did not provide any stacktrace information)
Command duration or timeout: 0 milliseconds
Build info: version: '3.11.0', revision: 'e59cfb3', time: '2018-03-11T20:26:55.152Z'
System info: host: 'NHUTBM', ip: '192.168.56.1', os.name: 'Windows 10', os.arch: 'amd64', os.version: '10.0', java.version: '1.8.0_181'
Driver info: org.openqa.selenium.chrome.ChromeDriver
Capabilities {acceptInsecureCerts: false, acceptSslCerts: false, applicationCacheEnabled: false, browserConnectionEnabled: false, browserName: chrome, chrome: {chromedriverVersion: 74.0.3729.6 (255758eccf3d24..., userDataDir: C:\Users\LAP121~1\AppData\L...}, cssSelectorsEnabled: true, databaseEnabled: false, goog:chromeOptions: {debuggerAddress: localhost:60015}, handlesAlerts: true, hasTouchScreen: false, javascriptEnabled: true, locationContextEnabled: true, mobileEmulationEnabled: false, nativeEvents: true, networkConnectionEnabled: false, pageLoadStrategy: normal, platform: XP, platformName: XP, proxy: Proxy(), rotatable: false, setWindowRect: true, strictFileInteractability: false, takesHeapSnapshot: true, takesScreenshot: true, timeouts: {implicit: 0, pageLoad: 300000, script: 30000}, unexpectedAlertBehaviour: ignore, unhandledPromptBehavior: ignore, version: 75.0.3770.90, webStorageEnabled: true}
Session ID: df161d5c89108494a9eaf50dfc651f2f]]>
            </message>
            <full-stacktrace>
              <![CDATA[org.openqa.selenium.ElementClickInterceptedException: element click intercepted: Element <span data-bind="text: gtCore.mess.ContinutePayment">...</span> is not clickable at point (767, 269). Other element would receive the click: <div id="preloader-background">...</div>
  (Session info: chrome=75.0.3770.90)
  (Driver info: chromedriver=74.0.3729.6 (255758eccf3d244491b8a1317aa76e1ce10d57e9-refs/branch-heads/3729@{#29}),platform=Windows NT 10.0.17134 x86_64) (WARNING: The server did not provide any stacktrace information)
Command duration or timeout: 0 milliseconds
Build info: version: '3.11.0', revision: 'e59cfb3', time: '2018-03-11T20:26:55.152Z'
System info: host: 'NHUTBM', ip: '192.168.56.1', os.name: 'Windows 10', os.arch: 'amd64', os.version: '10.0', java.version: '1.8.0_181'
Driver info: org.openqa.selenium.chrome.ChromeDriver
Capabilities {acceptInsecureCerts: false, acceptSslCerts: false, applicationCacheEnabled: false, browserConnectionEnabled: false, browserName: chrome, chrome: {chromedriverVersion: 74.0.3729.6 (255758eccf3d24..., userDataDir: C:\Users\LAP121~1\AppData\L...}, cssSelectorsEnabled: true, databaseEnabled: false, goog:chromeOptions: {debuggerAddress: localhost:60015}, handlesAlerts: true, hasTouchScreen: false, javascriptEnabled: true, locationContextEnabled: true, mobileEmulationEnabled: false, nativeEvents: true, networkConnectionEnabled: false, pageLoadStrategy: normal, platform: XP, platformName: XP, proxy: Proxy(), rotatable: false, setWindowRect: true, strictFileInteractability: false, takesHeapSnapshot: true, takesScreenshot: true, timeouts: {implicit: 0, pageLoad: 300000, script: 30000}, unexpectedAlertBehaviour: ignore, unhandledPromptBehavior: ignore, version: 75.0.3770.90, webStorageEnabled: true}
Session ID: df161d5c89108494a9eaf50dfc651f2f
	at sun.reflect.NativeConstructorAccessorImpl.newInstance0(Native Method)
	at sun.reflect.NativeConstructorAccessorImpl.newInstance(NativeConstructorAccessorImpl.java:62)
	at sun.reflect.DelegatingConstructorAccessorImpl.newInstance(DelegatingConstructorAccessorImpl.java:45)
	at java.lang.reflect.Constructor.newInstance(Constructor.java:423)
	at org.openqa.selenium.remote.ErrorHandler.createThrowable(ErrorHandler.java:214)
	at org.openqa.selenium.remote.ErrorHandler.throwIfResponseFailed(ErrorHandler.java:166)
	at org.openqa.selenium.remote.http.JsonHttpResponseCodec.reconstructValue(JsonHttpResponseCodec.java:40)
	at org.openqa.selenium.remote.http.AbstractHttpResponseCodec.decode(AbstractHttpResponseCodec.java:80)
	at org.openqa.selenium.remote.http.AbstractHttpResponseCodec.decode(AbstractHttpResponseCodec.java:44)
	at org.openqa.selenium.remote.HttpCommandExecutor.execute(HttpCommandExecutor.java:158)
	at org.openqa.selenium.remote.service.DriverCommandExecutor.execute(DriverCommandExecutor.java:83)
	at org.openqa.selenium.remote.RemoteWebDriver.execute(RemoteWebDriver.java:545)
	at org.openqa.selenium.remote.RemoteWebElement.execute(RemoteWebElement.java:279)
	at org.openqa.selenium.remote.RemoteWebElement.click(RemoteWebElement.java:83)
	at CommonPage.commonFunction.click(commonFunction.java:49)
	at com.payzing.actions.HomePage.clickTiepTucThanhToan(HomePage.java:111)
	at com.payzing.testcase.HomePageScript_Only_One.testcase_10_ATM_Transfer_Napas(HomePageScript_Only_One.java:381)
	at sun.reflect.NativeMethodAccessorImpl.invoke0(Native Method)
	at sun.reflect.NativeMethodAccessorImpl.invoke(NativeMethodAccessorImpl.java:62)
	at sun.reflect.DelegatingMethodAccessorImpl.invoke(DelegatingMethodAccessorImpl.java:43)
	at java.lang.reflect.Method.invoke(Method.java:498)
	at org.testng.internal.MethodInvocationHelper.invokeMethod(MethodInvocationHelper.java:80)
	at org.testng.internal.Invoker.invokeMethod(Invoker.java:714)
	at org.testng.internal.Invoker.invokeTestMethod(Invoker.java:901)
	at org.testng.internal.Invoker.invokeTestMethods(Invoker.java:1231)
	at org.testng.internal.TestMethodWorker.invokeTestMethods(TestMethodWorker.java:127)
	at org.testng.internal.TestMethodWorker.run(TestMethodWorker.java:111)
	at org.testng.TestRunner.privateRun(TestRunner.java:767)
	at org.testng.TestRunner.run(TestRunner.java:617)
	at org.testng.SuiteRunner.runTest(SuiteRunner.java:334)
	at org.testng.SuiteRunner.access$000(SuiteRunner.java:37)
	at org.testng.SuiteRunner$SuiteWorker.run(SuiteRunner.java:368)
	at org.testng.internal.thread.ThreadUtil$2.call(ThreadUtil.java:64)
	at java.util.concurrent.FutureTask.run(FutureTask.java:266)
	at java.util.concurrent.ThreadPoolExecutor.runWorker(ThreadPoolExecutor.java:1149)
	at java.util.concurrent.ThreadPoolExecutor$Worker.run(ThreadPoolExecutor.java:624)
	at java.lang.Thread.run(Thread.java:748)
]]>
            </full-stacktrace>
          </exception> <!-- org.openqa.selenium.ElementClickInterceptedException -->
          <reporter-output>
          </reporter-output>
        </test-method> <!-- testcase_10_ATM_Transfer_Napas -->
        <test-method status="PASS" signature="afterMethod(org.testng.ITestResult)[pri:0, instance:com.payzing.testcase.HomePageScript_Only_One@14acaea5]" name="afterMethod" is-config="true" duration-ms="0" started-at="2019-06-17T09:00:18Z" finished-at="2019-06-17T09:00:18Z">
          <params>
            <param index="0">
              <value>
                <![CDATA[[TestResult name=testcase_10_ATM_Transfer_Napas status=FAILURE method=HomePageScript_Only_One.testcase_10_ATM_Transfer_Napas()[pri:0, instance:com.payzing.testcase.HomePageScript_Only_One@14acaea5] output={null}]]]>
              </value>
            </param>
          </params>
          <reporter-output>
          </reporter-output>
        </test-method> <!-- afterMethod -->
        <test-method status="PASS" signature="beforeMethod()[pri:0, instance:com.payzing.testcase.HomePageScript_Only_One@14acaea5]" name="beforeMethod" is-config="true" duration-ms="4313" started-at="2019-06-17T09:00:18Z" finished-at="2019-06-17T09:00:23Z">
          <reporter-output>
          </reporter-output>
        </test-method> <!-- beforeMethod -->
        <test-method status="FAIL" signature="testcase_11_ATM_Transfer_BANK_WEB()[pri:0, instance:com.payzing.testcase.HomePageScript_Only_One@14acaea5]" name="testcase_11_ATM_Transfer_BANK_WEB" duration-ms="108766" started-at="2019-06-17T09:00:23Z" finished-at="2019-06-17T09:02:11Z">
          <exception class="org.openqa.selenium.TimeoutException">
            <message>
              <![CDATA[Expected condition failed: waiting for visibility of element located by By.xpath: //a[contains(@class,'back')] (tried for 100 second(s) with 500 milliseconds interval)]]>
            </message>
            <full-stacktrace>
              <![CDATA[org.openqa.selenium.TimeoutException: Expected condition failed: waiting for visibility of element located by By.xpath: //a[contains(@class,'back')] (tried for 100 second(s) with 500 milliseconds interval)
	at org.openqa.selenium.support.ui.WebDriverWait.timeoutException(WebDriverWait.java:81)
	at org.openqa.selenium.support.ui.FluentWait.until(FluentWait.java:271)
	at CommonPage.commonFunction.waitVisible(commonFunction.java:307)
	at com.payzing.actions.HomePage.clickBank_Tranfers_ZALOPAY_Huy_Icon_PopUp_XacNhan_BTT_QuayVe_BTT(HomePage.java:334)
	at com.payzing.testcase.HomePageScript_Only_One.testcase_11_ATM_Transfer_BANK_WEB(HomePageScript_Only_One.java:403)
	at sun.reflect.NativeMethodAccessorImpl.invoke0(Native Method)
	at sun.reflect.NativeMethodAccessorImpl.invoke(NativeMethodAccessorImpl.java:62)
	at sun.reflect.DelegatingMethodAccessorImpl.invoke(DelegatingMethodAccessorImpl.java:43)
	at java.lang.reflect.Method.invoke(Method.java:498)
	at org.testng.internal.MethodInvocationHelper.invokeMethod(MethodInvocationHelper.java:80)
	at org.testng.internal.Invoker.invokeMethod(Invoker.java:714)
	at org.testng.internal.Invoker.invokeTestMethod(Invoker.java:901)
	at org.testng.internal.Invoker.invokeTestMethods(Invoker.java:1231)
	at org.testng.internal.TestMethodWorker.invokeTestMethods(TestMethodWorker.java:127)
	at org.testng.internal.TestMethodWorker.run(TestMethodWorker.java:111)
	at org.testng.TestRunner.privateRun(TestRunner.java:767)
	at org.testng.TestRunner.run(TestRunner.java:617)
	at org.testng.SuiteRunner.runTest(SuiteRunner.java:334)
	at org.testng.SuiteRunner.access$000(SuiteRunner.java:37)
	at org.testng.SuiteRunner$SuiteWorker.run(SuiteRunner.java:368)
	at org.testng.internal.thread.ThreadUtil$2.call(ThreadUtil.java:64)
	at java.util.concurrent.FutureTask.run(FutureTask.java:266)
	at java.util.concurrent.ThreadPoolExecutor.runWorker(ThreadPoolExecutor.java:1149)
	at java.util.concurrent.ThreadPoolExecutor$Worker.run(ThreadPoolExecutor.java:624)
	at java.lang.Thread.run(Thread.java:748)
Caused by: org.openqa.selenium.NoSuchElementException: Cannot locate an element using By.xpath: //a[contains(@class,'back')]
For documentation on this error, please visit: http://seleniumhq.org/exceptions/no_such_element.html
Build info: version: '3.11.0', revision: 'e59cfb3', time: '2018-03-11T20:26:55.152Z'
System info: host: 'NHUTBM', ip: '192.168.56.1', os.name: 'Windows 10', os.arch: 'amd64', os.version: '10.0', java.version: '1.8.0_181'
Driver info: driver.version: unknown
	at org.openqa.selenium.support.ui.ExpectedConditions.lambda$findElement$0(ExpectedConditions.java:896)
	at java.util.Optional.orElseThrow(Optional.java:290)
	at org.openqa.selenium.support.ui.ExpectedConditions.findElement(ExpectedConditions.java:895)
	at org.openqa.selenium.support.ui.ExpectedConditions.access$000(ExpectedConditions.java:44)
	at org.openqa.selenium.support.ui.ExpectedConditions$7.apply(ExpectedConditions.java:206)
	at org.openqa.selenium.support.ui.ExpectedConditions$7.apply(ExpectedConditions.java:202)
	at org.openqa.selenium.support.ui.FluentWait.until(FluentWait.java:248)
	... 23 more
]]>
            </full-stacktrace>
          </exception> <!-- org.openqa.selenium.TimeoutException -->
          <reporter-output>
          </reporter-output>
        </test-method> <!-- testcase_11_ATM_Transfer_BANK_WEB -->
        <test-method status="PASS" signature="afterMethod(org.testng.ITestResult)[pri:0, instance:com.payzing.testcase.HomePageScript_Only_One@14acaea5]" name="afterMethod" is-config="true" duration-ms="1" started-at="2019-06-17T09:02:11Z" finished-at="2019-06-17T09:02:11Z">
          <params>
            <param index="0">
              <value>
                <![CDATA[[TestResult name=testcase_11_ATM_Transfer_BANK_WEB status=FAILURE method=HomePageScript_Only_One.testcase_11_ATM_Transfer_BANK_WEB()[pri:0, instance:com.payzing.testcase.HomePageScript_Only_One@14acaea5] output={null}]]]>
              </value>
            </param>
          </params>
          <reporter-output>
          </reporter-output>
        </test-method> <!-- afterMethod -->
        <test-method status="PASS" signature="beforeMethod()[pri:0, instance:com.payzing.testcase.HomePageScript_Only_One@14acaea5]" name="beforeMethod" is-config="true" duration-ms="4298" started-at="2019-06-17T09:02:11Z" finished-at="2019-06-17T09:02:16Z">
          <reporter-output>
          </reporter-output>
        </test-method> <!-- beforeMethod -->
        <test-method status="FAIL" signature="testcase_12_ATM_Transfer_ZaloPay_Verify_display_form_input_infor_card()[pri:0, instance:com.payzing.testcase.HomePageScript_Only_One@14acaea5]" name="testcase_12_ATM_Transfer_ZaloPay_Verify_display_form_input_infor_card" duration-ms="5297" started-at="2019-06-17T09:02:16Z" finished-at="2019-06-17T09:02:21Z">
          <exception class="org.openqa.selenium.ElementClickInterceptedException">
            <message>
              <![CDATA[element click intercepted: Element <span data-bind="text: gtCore.mess.ContinutePayment">...</span> is not clickable at point (767, 234). Other element would receive the click: <div id="preloader-background">...</div>
  (Session info: chrome=75.0.3770.90)
  (Driver info: chromedriver=74.0.3729.6 (255758eccf3d244491b8a1317aa76e1ce10d57e9-refs/branch-heads/3729@{#29}),platform=Windows NT 10.0.17134 x86_64) (WARNING: The server did not provide any stacktrace information)
Command duration or timeout: 0 milliseconds
Build info: version: '3.11.0', revision: 'e59cfb3', time: '2018-03-11T20:26:55.152Z'
System info: host: 'NHUTBM', ip: '192.168.56.1', os.name: 'Windows 10', os.arch: 'amd64', os.version: '10.0', java.version: '1.8.0_181'
Driver info: org.openqa.selenium.chrome.ChromeDriver
Capabilities {acceptInsecureCerts: false, acceptSslCerts: false, applicationCacheEnabled: false, browserConnectionEnabled: false, browserName: chrome, chrome: {chromedriverVersion: 74.0.3729.6 (255758eccf3d24..., userDataDir: C:\Users\LAP121~1\AppData\L...}, cssSelectorsEnabled: true, databaseEnabled: false, goog:chromeOptions: {debuggerAddress: localhost:60015}, handlesAlerts: true, hasTouchScreen: false, javascriptEnabled: true, locationContextEnabled: true, mobileEmulationEnabled: false, nativeEvents: true, networkConnectionEnabled: false, pageLoadStrategy: normal, platform: XP, platformName: XP, proxy: Proxy(), rotatable: false, setWindowRect: true, strictFileInteractability: false, takesHeapSnapshot: true, takesScreenshot: true, timeouts: {implicit: 0, pageLoad: 300000, script: 30000}, unexpectedAlertBehaviour: ignore, unhandledPromptBehavior: ignore, version: 75.0.3770.90, webStorageEnabled: true}
Session ID: df161d5c89108494a9eaf50dfc651f2f]]>
            </message>
            <full-stacktrace>
              <![CDATA[org.openqa.selenium.ElementClickInterceptedException: element click intercepted: Element <span data-bind="text: gtCore.mess.ContinutePayment">...</span> is not clickable at point (767, 234). Other element would receive the click: <div id="preloader-background">...</div>
  (Session info: chrome=75.0.3770.90)
  (Driver info: chromedriver=74.0.3729.6 (255758eccf3d244491b8a1317aa76e1ce10d57e9-refs/branch-heads/3729@{#29}),platform=Windows NT 10.0.17134 x86_64) (WARNING: The server did not provide any stacktrace information)
Command duration or timeout: 0 milliseconds
Build info: version: '3.11.0', revision: 'e59cfb3', time: '2018-03-11T20:26:55.152Z'
System info: host: 'NHUTBM', ip: '192.168.56.1', os.name: 'Windows 10', os.arch: 'amd64', os.version: '10.0', java.version: '1.8.0_181'
Driver info: org.openqa.selenium.chrome.ChromeDriver
Capabilities {acceptInsecureCerts: false, acceptSslCerts: false, applicationCacheEnabled: false, browserConnectionEnabled: false, browserName: chrome, chrome: {chromedriverVersion: 74.0.3729.6 (255758eccf3d24..., userDataDir: C:\Users\LAP121~1\AppData\L...}, cssSelectorsEnabled: true, databaseEnabled: false, goog:chromeOptions: {debuggerAddress: localhost:60015}, handlesAlerts: true, hasTouchScreen: false, javascriptEnabled: true, locationContextEnabled: true, mobileEmulationEnabled: false, nativeEvents: true, networkConnectionEnabled: false, pageLoadStrategy: normal, platform: XP, platformName: XP, proxy: Proxy(), rotatable: false, setWindowRect: true, strictFileInteractability: false, takesHeapSnapshot: true, takesScreenshot: true, timeouts: {implicit: 0, pageLoad: 300000, script: 30000}, unexpectedAlertBehaviour: ignore, unhandledPromptBehavior: ignore, version: 75.0.3770.90, webStorageEnabled: true}
Session ID: df161d5c89108494a9eaf50dfc651f2f
	at sun.reflect.NativeConstructorAccessorImpl.newInstance0(Native Method)
	at sun.reflect.NativeConstructorAccessorImpl.newInstance(NativeConstructorAccessorImpl.java:62)
	at sun.reflect.DelegatingConstructorAccessorImpl.newInstance(DelegatingConstructorAccessorImpl.java:45)
	at java.lang.reflect.Constructor.newInstance(Constructor.java:423)
	at org.openqa.selenium.remote.ErrorHandler.createThrowable(ErrorHandler.java:214)
	at org.openqa.selenium.remote.ErrorHandler.throwIfResponseFailed(ErrorHandler.java:166)
	at org.openqa.selenium.remote.http.JsonHttpResponseCodec.reconstructValue(JsonHttpResponseCodec.java:40)
	at org.openqa.selenium.remote.http.AbstractHttpResponseCodec.decode(AbstractHttpResponseCodec.java:80)
	at org.openqa.selenium.remote.http.AbstractHttpResponseCodec.decode(AbstractHttpResponseCodec.java:44)
	at org.openqa.selenium.remote.HttpCommandExecutor.execute(HttpCommandExecutor.java:158)
	at org.openqa.selenium.remote.service.DriverCommandExecutor.execute(DriverCommandExecutor.java:83)
	at org.openqa.selenium.remote.RemoteWebDriver.execute(RemoteWebDriver.java:545)
	at org.openqa.selenium.remote.RemoteWebElement.execute(RemoteWebElement.java:279)
	at org.openqa.selenium.remote.RemoteWebElement.click(RemoteWebElement.java:83)
	at CommonPage.commonFunction.click(commonFunction.java:49)
	at com.payzing.actions.HomePage.clickTiepTucThanhToan(HomePage.java:111)
	at com.payzing.testcase.HomePageScript_Only_One.testcase_12_ATM_Transfer_ZaloPay_Verify_display_form_input_infor_card(HomePageScript_Only_One.java:434)
	at sun.reflect.NativeMethodAccessorImpl.invoke0(Native Method)
	at sun.reflect.NativeMethodAccessorImpl.invoke(NativeMethodAccessorImpl.java:62)
	at sun.reflect.DelegatingMethodAccessorImpl.invoke(DelegatingMethodAccessorImpl.java:43)
	at java.lang.reflect.Method.invoke(Method.java:498)
	at org.testng.internal.MethodInvocationHelper.invokeMethod(MethodInvocationHelper.java:80)
	at org.testng.internal.Invoker.invokeMethod(Invoker.java:714)
	at org.testng.internal.Invoker.invokeTestMethod(Invoker.java:901)
	at org.testng.internal.Invoker.invokeTestMethods(Invoker.java:1231)
	at org.testng.internal.TestMethodWorker.invokeTestMethods(TestMethodWorker.java:127)
	at org.testng.internal.TestMethodWorker.run(TestMethodWorker.java:111)
	at org.testng.TestRunner.privateRun(TestRunner.java:767)
	at org.testng.TestRunner.run(TestRunner.java:617)
	at org.testng.SuiteRunner.runTest(SuiteRunner.java:334)
	at org.testng.SuiteRunner.access$000(SuiteRunner.java:37)
	at org.testng.SuiteRunner$SuiteWorker.run(SuiteRunner.java:368)
	at org.testng.internal.thread.ThreadUtil$2.call(ThreadUtil.java:64)
	at java.util.concurrent.FutureTask.run(FutureTask.java:266)
	at java.util.concurrent.ThreadPoolExecutor.runWorker(ThreadPoolExecutor.java:1149)
	at java.util.concurrent.ThreadPoolExecutor$Worker.run(ThreadPoolExecutor.java:624)
	at java.lang.Thread.run(Thread.java:748)
]]>
            </full-stacktrace>
          </exception> <!-- org.openqa.selenium.ElementClickInterceptedException -->
          <reporter-output>
          </reporter-output>
        </test-method> <!-- testcase_12_ATM_Transfer_ZaloPay_Verify_display_form_input_infor_card -->
        <test-method status="PASS" signature="beforeMethod()[pri:0, instance:com.payzing.testcase.HomePageScript_Only_One@14acaea5]" name="beforeMethod" is-config="true" duration-ms="4298" started-at="2019-06-17T09:02:21Z" finished-at="2019-06-17T09:02:25Z">
          <reporter-output>
          </reporter-output>
        </test-method> <!-- beforeMethod -->
        <test-method status="PASS" signature="afterMethod(org.testng.ITestResult)[pri:0, instance:com.payzing.testcase.HomePageScript_Only_One@14acaea5]" name="afterMethod" is-config="true" duration-ms="0" started-at="2019-06-17T09:02:21Z" finished-at="2019-06-17T09:02:21Z">
          <params>
            <param index="0">
              <value>
                <![CDATA[[TestResult name=testcase_12_ATM_Transfer_ZaloPay_Verify_display_form_input_infor_card status=FAILURE method=HomePageScript_Only_One.testcase_12_ATM_Transfer_ZaloPay_Verify_display_form_input_infor_card()[pri:0, instance:com.payzing.testcase.HomePageScript_Only_One@14acaea5] output={null}]]]>
              </value>
            </param>
          </params>
          <reporter-output>
          </reporter-output>
        </test-method> <!-- afterMethod -->
        <test-method status="PASS" signature="testcase_13_ATM_Transfer_ZaloPay_Verify_display_transactionID()[pri:0, instance:com.payzing.testcase.HomePageScript_Only_One@14acaea5]" name="testcase_13_ATM_Transfer_ZaloPay_Verify_display_transactionID" duration-ms="24817" started-at="2019-06-17T09:02:25Z" finished-at="2019-06-17T09:02:50Z">
          <reporter-output>
          </reporter-output>
        </test-method> <!-- testcase_13_ATM_Transfer_ZaloPay_Verify_display_transactionID -->
        <test-method status="PASS" signature="afterMethod(org.testng.ITestResult)[pri:0, instance:com.payzing.testcase.HomePageScript_Only_One@14acaea5]" name="afterMethod" is-config="true" duration-ms="0" started-at="2019-06-17T09:02:50Z" finished-at="2019-06-17T09:02:50Z">
          <params>
            <param index="0">
              <value>
                <![CDATA[[TestResult name=testcase_13_ATM_Transfer_ZaloPay_Verify_display_transactionID status=SUCCESS method=HomePageScript_Only_One.testcase_13_ATM_Transfer_ZaloPay_Verify_display_transactionID()[pri:0, instance:com.payzing.testcase.HomePageScript_Only_One@14acaea5] output={null}]]]>
              </value>
            </param>
          </params>
          <reporter-output>
          </reporter-output>
        </test-method> <!-- afterMethod -->
        <test-method status="PASS" signature="beforeMethod()[pri:0, instance:com.payzing.testcase.HomePageScript_Only_One@14acaea5]" name="beforeMethod" is-config="true" duration-ms="4322" started-at="2019-06-17T09:02:50Z" finished-at="2019-06-17T09:02:54Z">
          <reporter-output>
          </reporter-output>
        </test-method> <!-- beforeMethod -->
        <test-method status="PASS" signature="testcase_14_Credit_Card()[pri:0, instance:com.payzing.testcase.HomePageScript_Only_One@14acaea5]" name="testcase_14_Credit_Card" duration-ms="24393" started-at="2019-06-17T09:02:54Z" finished-at="2019-06-17T09:03:19Z">
          <reporter-output>
          </reporter-output>
        </test-method> <!-- testcase_14_Credit_Card -->
        <test-method status="PASS" signature="beforeMethod()[pri:0, instance:com.payzing.testcase.HomePageScript_Only_One@14acaea5]" name="beforeMethod" is-config="true" duration-ms="4276" started-at="2019-06-17T09:03:19Z" finished-at="2019-06-17T09:03:23Z">
          <reporter-output>
          </reporter-output>
        </test-method> <!-- beforeMethod -->
        <test-method status="PASS" signature="afterMethod(org.testng.ITestResult)[pri:0, instance:com.payzing.testcase.HomePageScript_Only_One@14acaea5]" name="afterMethod" is-config="true" duration-ms="0" started-at="2019-06-17T09:03:19Z" finished-at="2019-06-17T09:03:19Z">
          <params>
            <param index="0">
              <value>
                <![CDATA[[TestResult name=testcase_14_Credit_Card status=SUCCESS method=HomePageScript_Only_One.testcase_14_Credit_Card()[pri:0, instance:com.payzing.testcase.HomePageScript_Only_One@14acaea5] output={null}]]]>
              </value>
            </param>
          </params>
          <reporter-output>
          </reporter-output>
        </test-method> <!-- afterMethod -->
        <test-method status="PASS" signature="testcase_15_SMS()[pri:0, instance:com.payzing.testcase.HomePageScript_Only_One@14acaea5]" name="testcase_15_SMS" duration-ms="5345" started-at="2019-06-17T09:03:23Z" finished-at="2019-06-17T09:03:28Z">
          <reporter-output>
          </reporter-output>
        </test-method> <!-- testcase_15_SMS -->
        <test-method status="PASS" signature="afterMethod(org.testng.ITestResult)[pri:0, instance:com.payzing.testcase.HomePageScript_Only_One@14acaea5]" name="afterMethod" is-config="true" duration-ms="0" started-at="2019-06-17T09:03:28Z" finished-at="2019-06-17T09:03:28Z">
          <params>
            <param index="0">
              <value>
                <![CDATA[[TestResult name=testcase_15_SMS status=SUCCESS method=HomePageScript_Only_One.testcase_15_SMS()[pri:0, instance:com.payzing.testcase.HomePageScript_Only_One@14acaea5] output={null}]]]>
              </value>
            </param>
          </params>
          <reporter-output>
          </reporter-output>
        </test-method> <!-- afterMethod -->
        <test-method status="PASS" signature="afterClass()[pri:0, instance:com.payzing.testcase.HomePageScript_Only_One@14acaea5]" name="afterClass" is-config="true" duration-ms="61" started-at="2019-06-17T09:03:28Z" finished-at="2019-06-17T09:03:28Z">
          <reporter-output>
          </reporter-output>
        </test-method> <!-- afterClass -->
      </class> <!-- com.payzing.testcase.HomePageScript_Only_One -->
      <class name="com.payzing.testcase.LoginScript">
        <test-method status="PASS" signature="beforeClass(java.lang.String, java.lang.String, java.lang.String)[pri:0, instance:com.payzing.testcase.LoginScript@59f99ea]" name="beforeClass" is-config="true" duration-ms="5242" started-at="2019-06-16T11:44:34Z" finished-at="2019-06-16T11:44:39Z">
          <params>
            <param index="0">
              <value>
                <![CDATA[chrome]]>
              </value>
            </param>
            <param index="1">
              <value>
                <![CDATA[74.0.3729.6]]>
              </value>
            </param>
            <param index="2">
              <value>
                <![CDATA[https://pay.zing.vn]]>
              </value>
            </param>
          </params>
          <reporter-output>
          </reporter-output>
        </test-method> <!-- beforeClass -->
        <test-method status="FAIL" signature="testcase_01_Dont_input_username_password()[pri:0, instance:com.payzing.testcase.LoginScript@59f99ea]" name="testcase_01_Dont_input_username_password" duration-ms="100726" started-at="2019-06-16T11:44:39Z" finished-at="2019-06-16T11:46:20Z">
          <exception class="org.openqa.selenium.TimeoutException">
            <message>
              <![CDATA[Expected condition failed: waiting for visibility of element located by By.xpath: //input[@type='text'] (tried for 100 second(s) with 500 milliseconds interval)]]>
            </message>
            <full-stacktrace>
              <![CDATA[org.openqa.selenium.TimeoutException: Expected condition failed: waiting for visibility of element located by By.xpath: //input[@type='text'] (tried for 100 second(s) with 500 milliseconds interval)
	at org.openqa.selenium.support.ui.WebDriverWait.timeoutException(WebDriverWait.java:81)
	at org.openqa.selenium.support.ui.FluentWait.until(FluentWait.java:271)
	at CommonPage.commonFunction.waitVisible(commonFunction.java:307)
	at com.payzing.actions.LogInPage.inputTXT_TIMKIEMGAME(LogInPage.java:63)
	at com.payzing.testcase.LoginScript.testcase_01_Dont_input_username_password(LoginScript.java:54)
	at sun.reflect.NativeMethodAccessorImpl.invoke0(Native Method)
	at sun.reflect.NativeMethodAccessorImpl.invoke(NativeMethodAccessorImpl.java:62)
	at sun.reflect.DelegatingMethodAccessorImpl.invoke(DelegatingMethodAccessorImpl.java:43)
	at java.lang.reflect.Method.invoke(Method.java:498)
	at org.testng.internal.MethodInvocationHelper.invokeMethod(MethodInvocationHelper.java:80)
	at org.testng.internal.Invoker.invokeMethod(Invoker.java:714)
	at org.testng.internal.Invoker.invokeTestMethod(Invoker.java:901)
	at org.testng.internal.Invoker.invokeTestMethods(Invoker.java:1231)
	at org.testng.internal.TestMethodWorker.invokeTestMethods(TestMethodWorker.java:127)
	at org.testng.internal.TestMethodWorker.run(TestMethodWorker.java:111)
	at org.testng.TestRunner.privateRun(TestRunner.java:767)
	at org.testng.TestRunner.run(TestRunner.java:617)
	at org.testng.SuiteRunner.runTest(SuiteRunner.java:334)
	at org.testng.SuiteRunner.access$000(SuiteRunner.java:37)
	at org.testng.SuiteRunner$SuiteWorker.run(SuiteRunner.java:368)
	at org.testng.internal.thread.ThreadUtil$2.call(ThreadUtil.java:64)
	at java.util.concurrent.FutureTask.run(FutureTask.java:266)
	at java.util.concurrent.ThreadPoolExecutor.runWorker(ThreadPoolExecutor.java:1149)
	at java.util.concurrent.ThreadPoolExecutor$Worker.run(ThreadPoolExecutor.java:624)
	at java.lang.Thread.run(Thread.java:748)
Caused by: org.openqa.selenium.NoSuchElementException: Cannot locate an element using By.xpath: //input[@type='text']
For documentation on this error, please visit: http://seleniumhq.org/exceptions/no_such_element.html
Build info: version: '3.11.0', revision: 'e59cfb3', time: '2018-03-11T20:26:55.152Z'
System info: host: 'NHUTBM', ip: '192.168.56.1', os.name: 'Windows 10', os.arch: 'amd64', os.version: '10.0', java.version: '1.8.0_181'
Driver info: driver.version: unknown
	at org.openqa.selenium.support.ui.ExpectedConditions.lambda$findElement$0(ExpectedConditions.java:896)
	at java.util.Optional.orElseThrow(Optional.java:290)
	at org.openqa.selenium.support.ui.ExpectedConditions.findElement(ExpectedConditions.java:895)
	at org.openqa.selenium.support.ui.ExpectedConditions.access$000(ExpectedConditions.java:44)
	at org.openqa.selenium.support.ui.ExpectedConditions$7.apply(ExpectedConditions.java:206)
	at org.openqa.selenium.support.ui.ExpectedConditions$7.apply(ExpectedConditions.java:202)
	at org.openqa.selenium.support.ui.FluentWait.until(FluentWait.java:248)
	... 23 more
]]>
            </full-stacktrace>
          </exception> <!-- org.openqa.selenium.TimeoutException -->
          <reporter-output>
          </reporter-output>
        </test-method> <!-- testcase_01_Dont_input_username_password -->
        <test-method status="PASS" signature="afterMethod(org.testng.ITestResult)[pri:0, instance:com.payzing.testcase.LoginScript@59f99ea]" name="afterMethod" is-config="true" duration-ms="8" started-at="2019-06-16T11:46:20Z" finished-at="2019-06-16T11:46:20Z">
          <params>
            <param index="0">
              <value>
                <![CDATA[[TestResult name=testcase_01_Dont_input_username_password status=FAILURE method=LoginScript.testcase_01_Dont_input_username_password()[pri:0, instance:com.payzing.testcase.LoginScript@59f99ea] output={null}]]]>
              </value>
            </param>
          </params>
          <reporter-output>
          </reporter-output>
        </test-method> <!-- afterMethod -->
        <test-method status="FAIL" signature="testcase_02_Only_Type_Input_UserName()[pri:0, instance:com.payzing.testcase.LoginScript@59f99ea]" name="testcase_02_Only_Type_Input_UserName" duration-ms="100214" started-at="2019-06-16T11:46:20Z" finished-at="2019-06-16T11:48:00Z">
          <exception class="org.openqa.selenium.TimeoutException">
            <message>
              <![CDATA[Expected condition failed: waiting for visibility of element located by By.xpath: //input[@id='u'] (tried for 100 second(s) with 500 milliseconds interval)]]>
            </message>
            <full-stacktrace>
              <![CDATA[org.openqa.selenium.TimeoutException: Expected condition failed: waiting for visibility of element located by By.xpath: //input[@id='u'] (tried for 100 second(s) with 500 milliseconds interval)
	at org.openqa.selenium.support.ui.WebDriverWait.timeoutException(WebDriverWait.java:81)
	at org.openqa.selenium.support.ui.FluentWait.until(FluentWait.java:271)
	at CommonPage.commonFunction.waitVisible(commonFunction.java:307)
	at com.payzing.actions.LogInPage.input_Username_TXT(LogInPage.java:31)
	at com.payzing.testcase.LoginScript.testcase_02_Only_Type_Input_UserName(LoginScript.java:70)
	at sun.reflect.NativeMethodAccessorImpl.invoke0(Native Method)
	at sun.reflect.NativeMethodAccessorImpl.invoke(NativeMethodAccessorImpl.java:62)
	at sun.reflect.DelegatingMethodAccessorImpl.invoke(DelegatingMethodAccessorImpl.java:43)
	at java.lang.reflect.Method.invoke(Method.java:498)
	at org.testng.internal.MethodInvocationHelper.invokeMethod(MethodInvocationHelper.java:80)
	at org.testng.internal.Invoker.invokeMethod(Invoker.java:714)
	at org.testng.internal.Invoker.invokeTestMethod(Invoker.java:901)
	at org.testng.internal.Invoker.invokeTestMethods(Invoker.java:1231)
	at org.testng.internal.TestMethodWorker.invokeTestMethods(TestMethodWorker.java:127)
	at org.testng.internal.TestMethodWorker.run(TestMethodWorker.java:111)
	at org.testng.TestRunner.privateRun(TestRunner.java:767)
	at org.testng.TestRunner.run(TestRunner.java:617)
	at org.testng.SuiteRunner.runTest(SuiteRunner.java:334)
	at org.testng.SuiteRunner.access$000(SuiteRunner.java:37)
	at org.testng.SuiteRunner$SuiteWorker.run(SuiteRunner.java:368)
	at org.testng.internal.thread.ThreadUtil$2.call(ThreadUtil.java:64)
	at java.util.concurrent.FutureTask.run(FutureTask.java:266)
	at java.util.concurrent.ThreadPoolExecutor.runWorker(ThreadPoolExecutor.java:1149)
	at java.util.concurrent.ThreadPoolExecutor$Worker.run(ThreadPoolExecutor.java:624)
	at java.lang.Thread.run(Thread.java:748)
Caused by: org.openqa.selenium.NoSuchElementException: Cannot locate an element using By.xpath: //input[@id='u']
For documentation on this error, please visit: http://seleniumhq.org/exceptions/no_such_element.html
Build info: version: '3.11.0', revision: 'e59cfb3', time: '2018-03-11T20:26:55.152Z'
System info: host: 'NHUTBM', ip: '192.168.56.1', os.name: 'Windows 10', os.arch: 'amd64', os.version: '10.0', java.version: '1.8.0_181'
Driver info: driver.version: unknown
	at org.openqa.selenium.support.ui.ExpectedConditions.lambda$findElement$0(ExpectedConditions.java:896)
	at java.util.Optional.orElseThrow(Optional.java:290)
	at org.openqa.selenium.support.ui.ExpectedConditions.findElement(ExpectedConditions.java:895)
	at org.openqa.selenium.support.ui.ExpectedConditions.access$000(ExpectedConditions.java:44)
	at org.openqa.selenium.support.ui.ExpectedConditions$7.apply(ExpectedConditions.java:206)
	at org.openqa.selenium.support.ui.ExpectedConditions$7.apply(ExpectedConditions.java:202)
	at org.openqa.selenium.support.ui.FluentWait.until(FluentWait.java:248)
	... 23 more
]]>
            </full-stacktrace>
          </exception> <!-- org.openqa.selenium.TimeoutException -->
          <reporter-output>
          </reporter-output>
        </test-method> <!-- testcase_02_Only_Type_Input_UserName -->
        <test-method status="PASS" signature="afterMethod(org.testng.ITestResult)[pri:0, instance:com.payzing.testcase.LoginScript@59f99ea]" name="afterMethod" is-config="true" duration-ms="0" started-at="2019-06-16T11:48:00Z" finished-at="2019-06-16T11:48:00Z">
          <params>
            <param index="0">
              <value>
                <![CDATA[[TestResult name=testcase_02_Only_Type_Input_UserName status=FAILURE method=LoginScript.testcase_02_Only_Type_Input_UserName()[pri:0, instance:com.payzing.testcase.LoginScript@59f99ea] output={null}]]]>
              </value>
            </param>
          </params>
          <reporter-output>
          </reporter-output>
        </test-method> <!-- afterMethod -->
        <test-method status="FAIL" signature="testcase_03_Only_Type_Input_Password()[pri:0, instance:com.payzing.testcase.LoginScript@59f99ea]" name="testcase_03_Only_Type_Input_Password" duration-ms="100446" started-at="2019-06-16T11:48:00Z" finished-at="2019-06-16T11:49:40Z">
          <exception class="org.openqa.selenium.TimeoutException">
            <message>
              <![CDATA[Expected condition failed: waiting for visibility of element located by By.xpath: //input[@id='p'] (tried for 100 second(s) with 500 milliseconds interval)]]>
            </message>
            <full-stacktrace>
              <![CDATA[org.openqa.selenium.TimeoutException: Expected condition failed: waiting for visibility of element located by By.xpath: //input[@id='p'] (tried for 100 second(s) with 500 milliseconds interval)
	at org.openqa.selenium.support.ui.WebDriverWait.timeoutException(WebDriverWait.java:81)
	at org.openqa.selenium.support.ui.FluentWait.until(FluentWait.java:271)
	at CommonPage.commonFunction.waitVisible(commonFunction.java:307)
	at com.payzing.actions.LogInPage.input_Password_TXT(LogInPage.java:42)
	at com.payzing.testcase.LoginScript.testcase_03_Only_Type_Input_Password(LoginScript.java:84)
	at sun.reflect.NativeMethodAccessorImpl.invoke0(Native Method)
	at sun.reflect.NativeMethodAccessorImpl.invoke(NativeMethodAccessorImpl.java:62)
	at sun.reflect.DelegatingMethodAccessorImpl.invoke(DelegatingMethodAccessorImpl.java:43)
	at java.lang.reflect.Method.invoke(Method.java:498)
	at org.testng.internal.MethodInvocationHelper.invokeMethod(MethodInvocationHelper.java:80)
	at org.testng.internal.Invoker.invokeMethod(Invoker.java:714)
	at org.testng.internal.Invoker.invokeTestMethod(Invoker.java:901)
	at org.testng.internal.Invoker.invokeTestMethods(Invoker.java:1231)
	at org.testng.internal.TestMethodWorker.invokeTestMethods(TestMethodWorker.java:127)
	at org.testng.internal.TestMethodWorker.run(TestMethodWorker.java:111)
	at org.testng.TestRunner.privateRun(TestRunner.java:767)
	at org.testng.TestRunner.run(TestRunner.java:617)
	at org.testng.SuiteRunner.runTest(SuiteRunner.java:334)
	at org.testng.SuiteRunner.access$000(SuiteRunner.java:37)
	at org.testng.SuiteRunner$SuiteWorker.run(SuiteRunner.java:368)
	at org.testng.internal.thread.ThreadUtil$2.call(ThreadUtil.java:64)
	at java.util.concurrent.FutureTask.run(FutureTask.java:266)
	at java.util.concurrent.ThreadPoolExecutor.runWorker(ThreadPoolExecutor.java:1149)
	at java.util.concurrent.ThreadPoolExecutor$Worker.run(ThreadPoolExecutor.java:624)
	at java.lang.Thread.run(Thread.java:748)
Caused by: org.openqa.selenium.NoSuchElementException: Cannot locate an element using By.xpath: //input[@id='p']
For documentation on this error, please visit: http://seleniumhq.org/exceptions/no_such_element.html
Build info: version: '3.11.0', revision: 'e59cfb3', time: '2018-03-11T20:26:55.152Z'
System info: host: 'NHUTBM', ip: '192.168.56.1', os.name: 'Windows 10', os.arch: 'amd64', os.version: '10.0', java.version: '1.8.0_181'
Driver info: driver.version: unknown
	at org.openqa.selenium.support.ui.ExpectedConditions.lambda$findElement$0(ExpectedConditions.java:896)
	at java.util.Optional.orElseThrow(Optional.java:290)
	at org.openqa.selenium.support.ui.ExpectedConditions.findElement(ExpectedConditions.java:895)
	at org.openqa.selenium.support.ui.ExpectedConditions.access$000(ExpectedConditions.java:44)
	at org.openqa.selenium.support.ui.ExpectedConditions$7.apply(ExpectedConditions.java:206)
	at org.openqa.selenium.support.ui.ExpectedConditions$7.apply(ExpectedConditions.java:202)
	at org.openqa.selenium.support.ui.FluentWait.until(FluentWait.java:248)
	... 23 more
]]>
            </full-stacktrace>
          </exception> <!-- org.openqa.selenium.TimeoutException -->
          <reporter-output>
          </reporter-output>
        </test-method> <!-- testcase_03_Only_Type_Input_Password -->
        <test-method status="PASS" signature="afterMethod(org.testng.ITestResult)[pri:0, instance:com.payzing.testcase.LoginScript@59f99ea]" name="afterMethod" is-config="true" duration-ms="1" started-at="2019-06-16T11:49:40Z" finished-at="2019-06-16T11:49:40Z">
          <params>
            <param index="0">
              <value>
                <![CDATA[[TestResult name=testcase_03_Only_Type_Input_Password status=FAILURE method=LoginScript.testcase_03_Only_Type_Input_Password()[pri:0, instance:com.payzing.testcase.LoginScript@59f99ea] output={null}]]]>
              </value>
            </param>
          </params>
          <reporter-output>
          </reporter-output>
        </test-method> <!-- afterMethod -->
        <test-method status="FAIL" signature="testcase_04_Type_Invalid_Account()[pri:0, instance:com.payzing.testcase.LoginScript@59f99ea]" name="testcase_04_Type_Invalid_Account" duration-ms="19731099" started-at="2019-06-16T11:49:40Z" finished-at="2019-06-16T17:18:32Z">
          <exception class="org.openqa.selenium.TimeoutException">
            <message>
              <![CDATA[Expected condition failed: waiting for visibility of element located by By.xpath: //input[@id='u'] (tried for 100 second(s) with 500 milliseconds interval)]]>
            </message>
            <full-stacktrace>
              <![CDATA[org.openqa.selenium.TimeoutException: Expected condition failed: waiting for visibility of element located by By.xpath: //input[@id='u'] (tried for 100 second(s) with 500 milliseconds interval)
	at org.openqa.selenium.support.ui.WebDriverWait.timeoutException(WebDriverWait.java:81)
	at org.openqa.selenium.support.ui.FluentWait.until(FluentWait.java:271)
	at CommonPage.commonFunction.waitVisible(commonFunction.java:307)
	at com.payzing.actions.LogInPage.input_Username_TXT(LogInPage.java:31)
	at com.payzing.testcase.LoginScript.testcase_04_Type_Invalid_Account(LoginScript.java:98)
	at sun.reflect.NativeMethodAccessorImpl.invoke0(Native Method)
	at sun.reflect.NativeMethodAccessorImpl.invoke(NativeMethodAccessorImpl.java:62)
	at sun.reflect.DelegatingMethodAccessorImpl.invoke(DelegatingMethodAccessorImpl.java:43)
	at java.lang.reflect.Method.invoke(Method.java:498)
	at org.testng.internal.MethodInvocationHelper.invokeMethod(MethodInvocationHelper.java:80)
	at org.testng.internal.Invoker.invokeMethod(Invoker.java:714)
	at org.testng.internal.Invoker.invokeTestMethod(Invoker.java:901)
	at org.testng.internal.Invoker.invokeTestMethods(Invoker.java:1231)
	at org.testng.internal.TestMethodWorker.invokeTestMethods(TestMethodWorker.java:127)
	at org.testng.internal.TestMethodWorker.run(TestMethodWorker.java:111)
	at org.testng.TestRunner.privateRun(TestRunner.java:767)
	at org.testng.TestRunner.run(TestRunner.java:617)
	at org.testng.SuiteRunner.runTest(SuiteRunner.java:334)
	at org.testng.SuiteRunner.access$000(SuiteRunner.java:37)
	at org.testng.SuiteRunner$SuiteWorker.run(SuiteRunner.java:368)
	at org.testng.internal.thread.ThreadUtil$2.call(ThreadUtil.java:64)
	at java.util.concurrent.FutureTask.run(FutureTask.java:266)
	at java.util.concurrent.ThreadPoolExecutor.runWorker(ThreadPoolExecutor.java:1149)
	at java.util.concurrent.ThreadPoolExecutor$Worker.run(ThreadPoolExecutor.java:624)
	at java.lang.Thread.run(Thread.java:748)
Caused by: org.openqa.selenium.NoSuchElementException: Cannot locate an element using By.xpath: //input[@id='u']
For documentation on this error, please visit: http://seleniumhq.org/exceptions/no_such_element.html
Build info: version: '3.11.0', revision: 'e59cfb3', time: '2018-03-11T20:26:55.152Z'
System info: host: 'NHUTBM', ip: '192.168.56.1', os.name: 'Windows 10', os.arch: 'amd64', os.version: '10.0', java.version: '1.8.0_181'
Driver info: driver.version: unknown
	at org.openqa.selenium.support.ui.ExpectedConditions.lambda$findElement$0(ExpectedConditions.java:896)
	at java.util.Optional.orElseThrow(Optional.java:290)
	at org.openqa.selenium.support.ui.ExpectedConditions.findElement(ExpectedConditions.java:895)
	at org.openqa.selenium.support.ui.ExpectedConditions.access$000(ExpectedConditions.java:44)
	at org.openqa.selenium.support.ui.ExpectedConditions$7.apply(ExpectedConditions.java:206)
	at org.openqa.selenium.support.ui.ExpectedConditions$7.apply(ExpectedConditions.java:202)
	at org.openqa.selenium.support.ui.FluentWait.until(FluentWait.java:248)
	... 23 more
]]>
            </full-stacktrace>
          </exception> <!-- org.openqa.selenium.TimeoutException -->
          <reporter-output>
          </reporter-output>
        </test-method> <!-- testcase_04_Type_Invalid_Account -->
        <test-method status="PASS" signature="afterMethod(org.testng.ITestResult)[pri:0, instance:com.payzing.testcase.LoginScript@59f99ea]" name="afterMethod" is-config="true" duration-ms="1" started-at="2019-06-16T17:18:32Z" finished-at="2019-06-16T17:18:32Z">
          <params>
            <param index="0">
              <value>
                <![CDATA[[TestResult name=testcase_04_Type_Invalid_Account status=FAILURE method=LoginScript.testcase_04_Type_Invalid_Account()[pri:0, instance:com.payzing.testcase.LoginScript@59f99ea] output={null}]]]>
              </value>
            </param>
          </params>
          <reporter-output>
          </reporter-output>
        </test-method> <!-- afterMethod -->
        <test-method status="FAIL" signature="testcase_05_Login_account_ZingID_success()[pri:0, instance:com.payzing.testcase.LoginScript@59f99ea]" name="testcase_05_Login_account_ZingID_success" duration-ms="55505767" started-at="2019-06-16T17:18:32Z" finished-at="2019-06-17T08:43:37Z">
          <exception class="org.openqa.selenium.TimeoutException">
            <message>
              <![CDATA[Expected condition failed: waiting for visibility of element located by By.xpath: //input[@id='u'] (tried for 100 second(s) with 500 milliseconds interval)]]>
            </message>
            <full-stacktrace>
              <![CDATA[org.openqa.selenium.TimeoutException: Expected condition failed: waiting for visibility of element located by By.xpath: //input[@id='u'] (tried for 100 second(s) with 500 milliseconds interval)
	at org.openqa.selenium.support.ui.WebDriverWait.timeoutException(WebDriverWait.java:81)
	at org.openqa.selenium.support.ui.FluentWait.until(FluentWait.java:271)
	at CommonPage.commonFunction.waitVisible(commonFunction.java:307)
	at com.payzing.actions.LogInPage.input_Username_TXT(LogInPage.java:31)
	at com.payzing.testcase.LoginScript.testcase_05_Login_account_ZingID_success(LoginScript.java:119)
	at sun.reflect.NativeMethodAccessorImpl.invoke0(Native Method)
	at sun.reflect.NativeMethodAccessorImpl.invoke(NativeMethodAccessorImpl.java:62)
	at sun.reflect.DelegatingMethodAccessorImpl.invoke(DelegatingMethodAccessorImpl.java:43)
	at java.lang.reflect.Method.invoke(Method.java:498)
	at org.testng.internal.MethodInvocationHelper.invokeMethod(MethodInvocationHelper.java:80)
	at org.testng.internal.Invoker.invokeMethod(Invoker.java:714)
	at org.testng.internal.Invoker.invokeTestMethod(Invoker.java:901)
	at org.testng.internal.Invoker.invokeTestMethods(Invoker.java:1231)
	at org.testng.internal.TestMethodWorker.invokeTestMethods(TestMethodWorker.java:127)
	at org.testng.internal.TestMethodWorker.run(TestMethodWorker.java:111)
	at org.testng.TestRunner.privateRun(TestRunner.java:767)
	at org.testng.TestRunner.run(TestRunner.java:617)
	at org.testng.SuiteRunner.runTest(SuiteRunner.java:334)
	at org.testng.SuiteRunner.access$000(SuiteRunner.java:37)
	at org.testng.SuiteRunner$SuiteWorker.run(SuiteRunner.java:368)
	at org.testng.internal.thread.ThreadUtil$2.call(ThreadUtil.java:64)
	at java.util.concurrent.FutureTask.run(FutureTask.java:266)
	at java.util.concurrent.ThreadPoolExecutor.runWorker(ThreadPoolExecutor.java:1149)
	at java.util.concurrent.ThreadPoolExecutor$Worker.run(ThreadPoolExecutor.java:624)
	at java.lang.Thread.run(Thread.java:748)
Caused by: org.openqa.selenium.NoSuchElementException: Cannot locate an element using By.xpath: //input[@id='u']
For documentation on this error, please visit: http://seleniumhq.org/exceptions/no_such_element.html
Build info: version: '3.11.0', revision: 'e59cfb3', time: '2018-03-11T20:26:55.152Z'
System info: host: 'NHUTBM', ip: '192.168.56.1', os.name: 'Windows 10', os.arch: 'amd64', os.version: '10.0', java.version: '1.8.0_181'
Driver info: driver.version: unknown
	at org.openqa.selenium.support.ui.ExpectedConditions.lambda$findElement$0(ExpectedConditions.java:896)
	at java.util.Optional.orElseThrow(Optional.java:290)
	at org.openqa.selenium.support.ui.ExpectedConditions.findElement(ExpectedConditions.java:895)
	at org.openqa.selenium.support.ui.ExpectedConditions.access$000(ExpectedConditions.java:44)
	at org.openqa.selenium.support.ui.ExpectedConditions$7.apply(ExpectedConditions.java:206)
	at org.openqa.selenium.support.ui.ExpectedConditions$7.apply(ExpectedConditions.java:202)
	at org.openqa.selenium.support.ui.FluentWait.until(FluentWait.java:248)
	... 23 more
]]>
            </full-stacktrace>
          </exception> <!-- org.openqa.selenium.TimeoutException -->
          <reporter-output>
          </reporter-output>
        </test-method> <!-- testcase_05_Login_account_ZingID_success -->
        <test-method status="PASS" signature="afterMethod(org.testng.ITestResult)[pri:0, instance:com.payzing.testcase.LoginScript@59f99ea]" name="afterMethod" is-config="true" duration-ms="1" started-at="2019-06-17T08:43:37Z" finished-at="2019-06-17T08:43:37Z">
          <params>
            <param index="0">
              <value>
                <![CDATA[[TestResult name=testcase_05_Login_account_ZingID_success status=FAILURE method=LoginScript.testcase_05_Login_account_ZingID_success()[pri:0, instance:com.payzing.testcase.LoginScript@59f99ea] output={null}]]]>
              </value>
            </param>
          </params>
          <reporter-output>
          </reporter-output>
        </test-method> <!-- afterMethod -->
        <test-method status="FAIL" signature="testcase_06_select_quicklogin()[pri:0, instance:com.payzing.testcase.LoginScript@59f99ea]" name="testcase_06_select_quicklogin" duration-ms="100208" started-at="2019-06-17T08:43:37Z" finished-at="2019-06-17T08:45:17Z">
          <exception class="org.openqa.selenium.TimeoutException">
            <message>
              <![CDATA[Expected condition failed: waiting for visibility of element located by By.xpath: //a[@id='other_email'] (tried for 100 second(s) with 500 milliseconds interval)]]>
            </message>
            <full-stacktrace>
              <![CDATA[org.openqa.selenium.TimeoutException: Expected condition failed: waiting for visibility of element located by By.xpath: //a[@id='other_email'] (tried for 100 second(s) with 500 milliseconds interval)
	at org.openqa.selenium.support.ui.WebDriverWait.timeoutException(WebDriverWait.java:81)
	at org.openqa.selenium.support.ui.FluentWait.until(FluentWait.java:271)
	at CommonPage.commonFunction.waitVisible(commonFunction.java:307)
	at com.payzing.actions.LogInPage.clickQuickLogin_Icon(LogInPage.java:79)
	at com.payzing.testcase.LoginScript.testcase_06_select_quicklogin(LoginScript.java:182)
	at sun.reflect.NativeMethodAccessorImpl.invoke0(Native Method)
	at sun.reflect.NativeMethodAccessorImpl.invoke(NativeMethodAccessorImpl.java:62)
	at sun.reflect.DelegatingMethodAccessorImpl.invoke(DelegatingMethodAccessorImpl.java:43)
	at java.lang.reflect.Method.invoke(Method.java:498)
	at org.testng.internal.MethodInvocationHelper.invokeMethod(MethodInvocationHelper.java:80)
	at org.testng.internal.Invoker.invokeMethod(Invoker.java:714)
	at org.testng.internal.Invoker.invokeTestMethod(Invoker.java:901)
	at org.testng.internal.Invoker.invokeTestMethods(Invoker.java:1231)
	at org.testng.internal.TestMethodWorker.invokeTestMethods(TestMethodWorker.java:127)
	at org.testng.internal.TestMethodWorker.run(TestMethodWorker.java:111)
	at org.testng.TestRunner.privateRun(TestRunner.java:767)
	at org.testng.TestRunner.run(TestRunner.java:617)
	at org.testng.SuiteRunner.runTest(SuiteRunner.java:334)
	at org.testng.SuiteRunner.access$000(SuiteRunner.java:37)
	at org.testng.SuiteRunner$SuiteWorker.run(SuiteRunner.java:368)
	at org.testng.internal.thread.ThreadUtil$2.call(ThreadUtil.java:64)
	at java.util.concurrent.FutureTask.run(FutureTask.java:266)
	at java.util.concurrent.ThreadPoolExecutor.runWorker(ThreadPoolExecutor.java:1149)
	at java.util.concurrent.ThreadPoolExecutor$Worker.run(ThreadPoolExecutor.java:624)
	at java.lang.Thread.run(Thread.java:748)
Caused by: org.openqa.selenium.NoSuchElementException: Cannot locate an element using By.xpath: //a[@id='other_email']
For documentation on this error, please visit: http://seleniumhq.org/exceptions/no_such_element.html
Build info: version: '3.11.0', revision: 'e59cfb3', time: '2018-03-11T20:26:55.152Z'
System info: host: 'NHUTBM', ip: '192.168.56.1', os.name: 'Windows 10', os.arch: 'amd64', os.version: '10.0', java.version: '1.8.0_181'
Driver info: driver.version: unknown
	at org.openqa.selenium.support.ui.ExpectedConditions.lambda$findElement$0(ExpectedConditions.java:896)
	at java.util.Optional.orElseThrow(Optional.java:290)
	at org.openqa.selenium.support.ui.ExpectedConditions.findElement(ExpectedConditions.java:895)
	at org.openqa.selenium.support.ui.ExpectedConditions.access$000(ExpectedConditions.java:44)
	at org.openqa.selenium.support.ui.ExpectedConditions$7.apply(ExpectedConditions.java:206)
	at org.openqa.selenium.support.ui.ExpectedConditions$7.apply(ExpectedConditions.java:202)
	at org.openqa.selenium.support.ui.FluentWait.until(FluentWait.java:248)
	... 23 more
]]>
            </full-stacktrace>
          </exception> <!-- org.openqa.selenium.TimeoutException -->
          <reporter-output>
          </reporter-output>
        </test-method> <!-- testcase_06_select_quicklogin -->
        <test-method status="PASS" signature="afterMethod(org.testng.ITestResult)[pri:0, instance:com.payzing.testcase.LoginScript@59f99ea]" name="afterMethod" is-config="true" duration-ms="0" started-at="2019-06-17T08:45:17Z" finished-at="2019-06-17T08:45:17Z">
          <params>
            <param index="0">
              <value>
                <![CDATA[[TestResult name=testcase_06_select_quicklogin status=FAILURE method=LoginScript.testcase_06_select_quicklogin()[pri:0, instance:com.payzing.testcase.LoginScript@59f99ea] output={null}]]]>
              </value>
            </param>
          </params>
          <reporter-output>
          </reporter-output>
        </test-method> <!-- afterMethod -->
        <test-method status="FAIL" signature="testcase_07_QuickLogin_Dont_type_Username_and_password()[pri:0, instance:com.payzing.testcase.LoginScript@59f99ea]" name="testcase_07_QuickLogin_Dont_type_Username_and_password" duration-ms="100375" started-at="2019-06-17T08:45:17Z" finished-at="2019-06-17T08:46:58Z">
          <exception class="org.openqa.selenium.TimeoutException">
            <message>
              <![CDATA[Expected condition failed: waiting for visibility of element located by By.xpath: //button[@id='login_submit_btn'] (tried for 100 second(s) with 500 milliseconds interval)]]>
            </message>
            <full-stacktrace>
              <![CDATA[org.openqa.selenium.TimeoutException: Expected condition failed: waiting for visibility of element located by By.xpath: //button[@id='login_submit_btn'] (tried for 100 second(s) with 500 milliseconds interval)
	at org.openqa.selenium.support.ui.WebDriverWait.timeoutException(WebDriverWait.java:81)
	at org.openqa.selenium.support.ui.FluentWait.until(FluentWait.java:271)
	at CommonPage.commonFunction.waitVisible(commonFunction.java:307)
	at com.payzing.actions.LogInPage.clickBTT_DangNhap(LogInPage.java:19)
	at com.payzing.testcase.LoginScript.testcase_07_QuickLogin_Dont_type_Username_and_password(LoginScript.java:190)
	at sun.reflect.NativeMethodAccessorImpl.invoke0(Native Method)
	at sun.reflect.NativeMethodAccessorImpl.invoke(NativeMethodAccessorImpl.java:62)
	at sun.reflect.DelegatingMethodAccessorImpl.invoke(DelegatingMethodAccessorImpl.java:43)
	at java.lang.reflect.Method.invoke(Method.java:498)
	at org.testng.internal.MethodInvocationHelper.invokeMethod(MethodInvocationHelper.java:80)
	at org.testng.internal.Invoker.invokeMethod(Invoker.java:714)
	at org.testng.internal.Invoker.invokeTestMethod(Invoker.java:901)
	at org.testng.internal.Invoker.invokeTestMethods(Invoker.java:1231)
	at org.testng.internal.TestMethodWorker.invokeTestMethods(TestMethodWorker.java:127)
	at org.testng.internal.TestMethodWorker.run(TestMethodWorker.java:111)
	at org.testng.TestRunner.privateRun(TestRunner.java:767)
	at org.testng.TestRunner.run(TestRunner.java:617)
	at org.testng.SuiteRunner.runTest(SuiteRunner.java:334)
	at org.testng.SuiteRunner.access$000(SuiteRunner.java:37)
	at org.testng.SuiteRunner$SuiteWorker.run(SuiteRunner.java:368)
	at org.testng.internal.thread.ThreadUtil$2.call(ThreadUtil.java:64)
	at java.util.concurrent.FutureTask.run(FutureTask.java:266)
	at java.util.concurrent.ThreadPoolExecutor.runWorker(ThreadPoolExecutor.java:1149)
	at java.util.concurrent.ThreadPoolExecutor$Worker.run(ThreadPoolExecutor.java:624)
	at java.lang.Thread.run(Thread.java:748)
Caused by: org.openqa.selenium.NoSuchElementException: Cannot locate an element using By.xpath: //button[@id='login_submit_btn']
For documentation on this error, please visit: http://seleniumhq.org/exceptions/no_such_element.html
Build info: version: '3.11.0', revision: 'e59cfb3', time: '2018-03-11T20:26:55.152Z'
System info: host: 'NHUTBM', ip: '192.168.56.1', os.name: 'Windows 10', os.arch: 'amd64', os.version: '10.0', java.version: '1.8.0_181'
Driver info: driver.version: unknown
	at org.openqa.selenium.support.ui.ExpectedConditions.lambda$findElement$0(ExpectedConditions.java:896)
	at java.util.Optional.orElseThrow(Optional.java:290)
	at org.openqa.selenium.support.ui.ExpectedConditions.findElement(ExpectedConditions.java:895)
	at org.openqa.selenium.support.ui.ExpectedConditions.access$000(ExpectedConditions.java:44)
	at org.openqa.selenium.support.ui.ExpectedConditions$7.apply(ExpectedConditions.java:206)
	at org.openqa.selenium.support.ui.ExpectedConditions$7.apply(ExpectedConditions.java:202)
	at org.openqa.selenium.support.ui.FluentWait.until(FluentWait.java:248)
	... 23 more
]]>
            </full-stacktrace>
          </exception> <!-- org.openqa.selenium.TimeoutException -->
          <reporter-output>
          </reporter-output>
        </test-method> <!-- testcase_07_QuickLogin_Dont_type_Username_and_password -->
        <test-method status="PASS" signature="afterMethod(org.testng.ITestResult)[pri:0, instance:com.payzing.testcase.LoginScript@59f99ea]" name="afterMethod" is-config="true" duration-ms="1" started-at="2019-06-17T08:46:58Z" finished-at="2019-06-17T08:46:58Z">
          <params>
            <param index="0">
              <value>
                <![CDATA[[TestResult name=testcase_07_QuickLogin_Dont_type_Username_and_password status=FAILURE method=LoginScript.testcase_07_QuickLogin_Dont_type_Username_and_password()[pri:0, instance:com.payzing.testcase.LoginScript@59f99ea] output={null}]]]>
              </value>
            </param>
          </params>
          <reporter-output>
          </reporter-output>
        </test-method> <!-- afterMethod -->
        <test-method status="FAIL" signature="testcase_08_QuickLogin_Only_type_Username()[pri:0, instance:com.payzing.testcase.LoginScript@59f99ea]" name="testcase_08_QuickLogin_Only_type_Username" duration-ms="100291" started-at="2019-06-17T08:46:58Z" finished-at="2019-06-17T08:48:38Z">
          <exception class="org.openqa.selenium.TimeoutException">
            <message>
              <![CDATA[Expected condition failed: waiting for visibility of element located by By.xpath: //input[@id='u'] (tried for 100 second(s) with 500 milliseconds interval)]]>
            </message>
            <full-stacktrace>
              <![CDATA[org.openqa.selenium.TimeoutException: Expected condition failed: waiting for visibility of element located by By.xpath: //input[@id='u'] (tried for 100 second(s) with 500 milliseconds interval)
	at org.openqa.selenium.support.ui.WebDriverWait.timeoutException(WebDriverWait.java:81)
	at org.openqa.selenium.support.ui.FluentWait.until(FluentWait.java:271)
	at CommonPage.commonFunction.waitVisible(commonFunction.java:307)
	at com.payzing.actions.LogInPage.input_Username_TXT(LogInPage.java:31)
	at com.payzing.testcase.LoginScript.testcase_08_QuickLogin_Only_type_Username(LoginScript.java:200)
	at sun.reflect.NativeMethodAccessorImpl.invoke0(Native Method)
	at sun.reflect.NativeMethodAccessorImpl.invoke(NativeMethodAccessorImpl.java:62)
	at sun.reflect.DelegatingMethodAccessorImpl.invoke(DelegatingMethodAccessorImpl.java:43)
	at java.lang.reflect.Method.invoke(Method.java:498)
	at org.testng.internal.MethodInvocationHelper.invokeMethod(MethodInvocationHelper.java:80)
	at org.testng.internal.Invoker.invokeMethod(Invoker.java:714)
	at org.testng.internal.Invoker.invokeTestMethod(Invoker.java:901)
	at org.testng.internal.Invoker.invokeTestMethods(Invoker.java:1231)
	at org.testng.internal.TestMethodWorker.invokeTestMethods(TestMethodWorker.java:127)
	at org.testng.internal.TestMethodWorker.run(TestMethodWorker.java:111)
	at org.testng.TestRunner.privateRun(TestRunner.java:767)
	at org.testng.TestRunner.run(TestRunner.java:617)
	at org.testng.SuiteRunner.runTest(SuiteRunner.java:334)
	at org.testng.SuiteRunner.access$000(SuiteRunner.java:37)
	at org.testng.SuiteRunner$SuiteWorker.run(SuiteRunner.java:368)
	at org.testng.internal.thread.ThreadUtil$2.call(ThreadUtil.java:64)
	at java.util.concurrent.FutureTask.run(FutureTask.java:266)
	at java.util.concurrent.ThreadPoolExecutor.runWorker(ThreadPoolExecutor.java:1149)
	at java.util.concurrent.ThreadPoolExecutor$Worker.run(ThreadPoolExecutor.java:624)
	at java.lang.Thread.run(Thread.java:748)
Caused by: org.openqa.selenium.NoSuchElementException: Cannot locate an element using By.xpath: //input[@id='u']
For documentation on this error, please visit: http://seleniumhq.org/exceptions/no_such_element.html
Build info: version: '3.11.0', revision: 'e59cfb3', time: '2018-03-11T20:26:55.152Z'
System info: host: 'NHUTBM', ip: '192.168.56.1', os.name: 'Windows 10', os.arch: 'amd64', os.version: '10.0', java.version: '1.8.0_181'
Driver info: driver.version: unknown
	at org.openqa.selenium.support.ui.ExpectedConditions.lambda$findElement$0(ExpectedConditions.java:896)
	at java.util.Optional.orElseThrow(Optional.java:290)
	at org.openqa.selenium.support.ui.ExpectedConditions.findElement(ExpectedConditions.java:895)
	at org.openqa.selenium.support.ui.ExpectedConditions.access$000(ExpectedConditions.java:44)
	at org.openqa.selenium.support.ui.ExpectedConditions$7.apply(ExpectedConditions.java:206)
	at org.openqa.selenium.support.ui.ExpectedConditions$7.apply(ExpectedConditions.java:202)
	at org.openqa.selenium.support.ui.FluentWait.until(FluentWait.java:248)
	... 23 more
]]>
            </full-stacktrace>
          </exception> <!-- org.openqa.selenium.TimeoutException -->
          <reporter-output>
          </reporter-output>
        </test-method> <!-- testcase_08_QuickLogin_Only_type_Username -->
        <test-method status="FAIL" signature="testcase_09_QuickLogin_Only_type_Password()[pri:0, instance:com.payzing.testcase.LoginScript@59f99ea]" name="testcase_09_QuickLogin_Only_type_Password" duration-ms="100335" started-at="2019-06-17T08:48:38Z" finished-at="2019-06-17T08:50:18Z">
          <exception class="org.openqa.selenium.TimeoutException">
            <message>
              <![CDATA[Expected condition failed: waiting for visibility of element located by By.xpath: //input[@id='p'] (tried for 100 second(s) with 500 milliseconds interval)]]>
            </message>
            <full-stacktrace>
              <![CDATA[org.openqa.selenium.TimeoutException: Expected condition failed: waiting for visibility of element located by By.xpath: //input[@id='p'] (tried for 100 second(s) with 500 milliseconds interval)
	at org.openqa.selenium.support.ui.WebDriverWait.timeoutException(WebDriverWait.java:81)
	at org.openqa.selenium.support.ui.FluentWait.until(FluentWait.java:271)
	at CommonPage.commonFunction.waitVisible(commonFunction.java:307)
	at com.payzing.actions.LogInPage.input_Password_TXT(LogInPage.java:42)
	at com.payzing.testcase.LoginScript.testcase_09_QuickLogin_Only_type_Password(LoginScript.java:215)
	at sun.reflect.NativeMethodAccessorImpl.invoke0(Native Method)
	at sun.reflect.NativeMethodAccessorImpl.invoke(NativeMethodAccessorImpl.java:62)
	at sun.reflect.DelegatingMethodAccessorImpl.invoke(DelegatingMethodAccessorImpl.java:43)
	at java.lang.reflect.Method.invoke(Method.java:498)
	at org.testng.internal.MethodInvocationHelper.invokeMethod(MethodInvocationHelper.java:80)
	at org.testng.internal.Invoker.invokeMethod(Invoker.java:714)
	at org.testng.internal.Invoker.invokeTestMethod(Invoker.java:901)
	at org.testng.internal.Invoker.invokeTestMethods(Invoker.java:1231)
	at org.testng.internal.TestMethodWorker.invokeTestMethods(TestMethodWorker.java:127)
	at org.testng.internal.TestMethodWorker.run(TestMethodWorker.java:111)
	at org.testng.TestRunner.privateRun(TestRunner.java:767)
	at org.testng.TestRunner.run(TestRunner.java:617)
	at org.testng.SuiteRunner.runTest(SuiteRunner.java:334)
	at org.testng.SuiteRunner.access$000(SuiteRunner.java:37)
	at org.testng.SuiteRunner$SuiteWorker.run(SuiteRunner.java:368)
	at org.testng.internal.thread.ThreadUtil$2.call(ThreadUtil.java:64)
	at java.util.concurrent.FutureTask.run(FutureTask.java:266)
	at java.util.concurrent.ThreadPoolExecutor.runWorker(ThreadPoolExecutor.java:1149)
	at java.util.concurrent.ThreadPoolExecutor$Worker.run(ThreadPoolExecutor.java:624)
	at java.lang.Thread.run(Thread.java:748)
Caused by: org.openqa.selenium.NoSuchElementException: Cannot locate an element using By.xpath: //input[@id='p']
For documentation on this error, please visit: http://seleniumhq.org/exceptions/no_such_element.html
Build info: version: '3.11.0', revision: 'e59cfb3', time: '2018-03-11T20:26:55.152Z'
System info: host: 'NHUTBM', ip: '192.168.56.1', os.name: 'Windows 10', os.arch: 'amd64', os.version: '10.0', java.version: '1.8.0_181'
Driver info: driver.version: unknown
	at org.openqa.selenium.support.ui.ExpectedConditions.lambda$findElement$0(ExpectedConditions.java:896)
	at java.util.Optional.orElseThrow(Optional.java:290)
	at org.openqa.selenium.support.ui.ExpectedConditions.findElement(ExpectedConditions.java:895)
	at org.openqa.selenium.support.ui.ExpectedConditions.access$000(ExpectedConditions.java:44)
	at org.openqa.selenium.support.ui.ExpectedConditions$7.apply(ExpectedConditions.java:206)
	at org.openqa.selenium.support.ui.ExpectedConditions$7.apply(ExpectedConditions.java:202)
	at org.openqa.selenium.support.ui.FluentWait.until(FluentWait.java:248)
	... 23 more
]]>
            </full-stacktrace>
          </exception> <!-- org.openqa.selenium.TimeoutException -->
          <reporter-output>
          </reporter-output>
        </test-method> <!-- testcase_09_QuickLogin_Only_type_Password -->
        <test-method status="PASS" signature="afterMethod(org.testng.ITestResult)[pri:0, instance:com.payzing.testcase.LoginScript@59f99ea]" name="afterMethod" is-config="true" duration-ms="0" started-at="2019-06-17T08:48:38Z" finished-at="2019-06-17T08:48:38Z">
          <params>
            <param index="0">
              <value>
                <![CDATA[[TestResult name=testcase_08_QuickLogin_Only_type_Username status=FAILURE method=LoginScript.testcase_08_QuickLogin_Only_type_Username()[pri:0, instance:com.payzing.testcase.LoginScript@59f99ea] output={null}]]]>
              </value>
            </param>
          </params>
          <reporter-output>
          </reporter-output>
        </test-method> <!-- afterMethod -->
        <test-method status="PASS" signature="afterMethod(org.testng.ITestResult)[pri:0, instance:com.payzing.testcase.LoginScript@59f99ea]" name="afterMethod" is-config="true" duration-ms="0" started-at="2019-06-17T08:50:18Z" finished-at="2019-06-17T08:50:18Z">
          <params>
            <param index="0">
              <value>
                <![CDATA[[TestResult name=testcase_09_QuickLogin_Only_type_Password status=FAILURE method=LoginScript.testcase_09_QuickLogin_Only_type_Password()[pri:0, instance:com.payzing.testcase.LoginScript@59f99ea] output={null}]]]>
              </value>
            </param>
          </params>
          <reporter-output>
          </reporter-output>
        </test-method> <!-- afterMethod -->
        <test-method status="FAIL" signature="testcase_10_QuickLogin_Login_account_invalid()[pri:0, instance:com.payzing.testcase.LoginScript@59f99ea]" name="testcase_10_QuickLogin_Login_account_invalid" duration-ms="100370" started-at="2019-06-17T08:50:18Z" finished-at="2019-06-17T08:51:59Z">
          <exception class="org.openqa.selenium.TimeoutException">
            <message>
              <![CDATA[Expected condition failed: waiting for visibility of element located by By.xpath: //input[@id='u'] (tried for 100 second(s) with 500 milliseconds interval)]]>
            </message>
            <full-stacktrace>
              <![CDATA[org.openqa.selenium.TimeoutException: Expected condition failed: waiting for visibility of element located by By.xpath: //input[@id='u'] (tried for 100 second(s) with 500 milliseconds interval)
	at org.openqa.selenium.support.ui.WebDriverWait.timeoutException(WebDriverWait.java:81)
	at org.openqa.selenium.support.ui.FluentWait.until(FluentWait.java:271)
	at CommonPage.commonFunction.waitVisible(commonFunction.java:307)
	at com.payzing.actions.LogInPage.input_Username_TXT(LogInPage.java:31)
	at com.payzing.testcase.LoginScript.testcase_10_QuickLogin_Login_account_invalid(LoginScript.java:229)
	at sun.reflect.NativeMethodAccessorImpl.invoke0(Native Method)
	at sun.reflect.NativeMethodAccessorImpl.invoke(NativeMethodAccessorImpl.java:62)
	at sun.reflect.DelegatingMethodAccessorImpl.invoke(DelegatingMethodAccessorImpl.java:43)
	at java.lang.reflect.Method.invoke(Method.java:498)
	at org.testng.internal.MethodInvocationHelper.invokeMethod(MethodInvocationHelper.java:80)
	at org.testng.internal.Invoker.invokeMethod(Invoker.java:714)
	at org.testng.internal.Invoker.invokeTestMethod(Invoker.java:901)
	at org.testng.internal.Invoker.invokeTestMethods(Invoker.java:1231)
	at org.testng.internal.TestMethodWorker.invokeTestMethods(TestMethodWorker.java:127)
	at org.testng.internal.TestMethodWorker.run(TestMethodWorker.java:111)
	at org.testng.TestRunner.privateRun(TestRunner.java:767)
	at org.testng.TestRunner.run(TestRunner.java:617)
	at org.testng.SuiteRunner.runTest(SuiteRunner.java:334)
	at org.testng.SuiteRunner.access$000(SuiteRunner.java:37)
	at org.testng.SuiteRunner$SuiteWorker.run(SuiteRunner.java:368)
	at org.testng.internal.thread.ThreadUtil$2.call(ThreadUtil.java:64)
	at java.util.concurrent.FutureTask.run(FutureTask.java:266)
	at java.util.concurrent.ThreadPoolExecutor.runWorker(ThreadPoolExecutor.java:1149)
	at java.util.concurrent.ThreadPoolExecutor$Worker.run(ThreadPoolExecutor.java:624)
	at java.lang.Thread.run(Thread.java:748)
Caused by: org.openqa.selenium.NoSuchElementException: Cannot locate an element using By.xpath: //input[@id='u']
For documentation on this error, please visit: http://seleniumhq.org/exceptions/no_such_element.html
Build info: version: '3.11.0', revision: 'e59cfb3', time: '2018-03-11T20:26:55.152Z'
System info: host: 'NHUTBM', ip: '192.168.56.1', os.name: 'Windows 10', os.arch: 'amd64', os.version: '10.0', java.version: '1.8.0_181'
Driver info: driver.version: unknown
	at org.openqa.selenium.support.ui.ExpectedConditions.lambda$findElement$0(ExpectedConditions.java:896)
	at java.util.Optional.orElseThrow(Optional.java:290)
	at org.openqa.selenium.support.ui.ExpectedConditions.findElement(ExpectedConditions.java:895)
	at org.openqa.selenium.support.ui.ExpectedConditions.access$000(ExpectedConditions.java:44)
	at org.openqa.selenium.support.ui.ExpectedConditions$7.apply(ExpectedConditions.java:206)
	at org.openqa.selenium.support.ui.ExpectedConditions$7.apply(ExpectedConditions.java:202)
	at org.openqa.selenium.support.ui.FluentWait.until(FluentWait.java:248)
	... 23 more
]]>
            </full-stacktrace>
          </exception> <!-- org.openqa.selenium.TimeoutException -->
          <reporter-output>
          </reporter-output>
        </test-method> <!-- testcase_10_QuickLogin_Login_account_invalid -->
        <test-method status="PASS" signature="afterMethod(org.testng.ITestResult)[pri:0, instance:com.payzing.testcase.LoginScript@59f99ea]" name="afterMethod" is-config="true" duration-ms="1" started-at="2019-06-17T08:51:59Z" finished-at="2019-06-17T08:51:59Z">
          <params>
            <param index="0">
              <value>
                <![CDATA[[TestResult name=testcase_10_QuickLogin_Login_account_invalid status=FAILURE method=LoginScript.testcase_10_QuickLogin_Login_account_invalid()[pri:0, instance:com.payzing.testcase.LoginScript@59f99ea] output={null}]]]>
              </value>
            </param>
          </params>
          <reporter-output>
          </reporter-output>
        </test-method> <!-- afterMethod -->
        <test-method status="FAIL" signature="testcase_11_QuickLogin_Login_success()[pri:0, instance:com.payzing.testcase.LoginScript@59f99ea]" name="testcase_11_QuickLogin_Login_success" duration-ms="14" started-at="2019-06-17T08:51:59Z" finished-at="2019-06-17T08:51:59Z">
          <exception class="org.openqa.selenium.JavascriptException">
            <message>
              <![CDATA[javascript error: $ is not defined
  (Session info: chrome=75.0.3770.90)
  (Driver info: chromedriver=74.0.3729.6 (255758eccf3d244491b8a1317aa76e1ce10d57e9-refs/branch-heads/3729@{#29}),platform=Windows NT 10.0.17134 x86_64) (WARNING: The server did not provide any stacktrace information)
Command duration or timeout: 0 milliseconds
Build info: version: '3.11.0', revision: 'e59cfb3', time: '2018-03-11T20:26:55.152Z'
System info: host: 'NHUTBM', ip: '192.168.56.1', os.name: 'Windows 10', os.arch: 'amd64', os.version: '10.0', java.version: '1.8.0_181'
Driver info: org.openqa.selenium.chrome.ChromeDriver
Capabilities {acceptInsecureCerts: false, acceptSslCerts: false, applicationCacheEnabled: false, browserConnectionEnabled: false, browserName: chrome, chrome: {chromedriverVersion: 74.0.3729.6 (255758eccf3d24..., userDataDir: C:\Users\LAP121~1\AppData\L...}, cssSelectorsEnabled: true, databaseEnabled: false, goog:chromeOptions: {debuggerAddress: localhost:49224}, handlesAlerts: true, hasTouchScreen: false, javascriptEnabled: true, locationContextEnabled: true, mobileEmulationEnabled: false, nativeEvents: true, networkConnectionEnabled: false, pageLoadStrategy: normal, platform: XP, platformName: XP, proxy: Proxy(), rotatable: false, setWindowRect: true, strictFileInteractability: false, takesHeapSnapshot: true, takesScreenshot: true, timeouts: {implicit: 0, pageLoad: 300000, script: 30000}, unexpectedAlertBehaviour: ignore, unhandledPromptBehavior: ignore, version: 75.0.3770.90, webStorageEnabled: true}
Session ID: 6ed17765e7e5a7f99238840bee1fd845]]>
            </message>
            <full-stacktrace>
              <![CDATA[org.openqa.selenium.JavascriptException: javascript error: $ is not defined
  (Session info: chrome=75.0.3770.90)
  (Driver info: chromedriver=74.0.3729.6 (255758eccf3d244491b8a1317aa76e1ce10d57e9-refs/branch-heads/3729@{#29}),platform=Windows NT 10.0.17134 x86_64) (WARNING: The server did not provide any stacktrace information)
Command duration or timeout: 0 milliseconds
Build info: version: '3.11.0', revision: 'e59cfb3', time: '2018-03-11T20:26:55.152Z'
System info: host: 'NHUTBM', ip: '192.168.56.1', os.name: 'Windows 10', os.arch: 'amd64', os.version: '10.0', java.version: '1.8.0_181'
Driver info: org.openqa.selenium.chrome.ChromeDriver
Capabilities {acceptInsecureCerts: false, acceptSslCerts: false, applicationCacheEnabled: false, browserConnectionEnabled: false, browserName: chrome, chrome: {chromedriverVersion: 74.0.3729.6 (255758eccf3d24..., userDataDir: C:\Users\LAP121~1\AppData\L...}, cssSelectorsEnabled: true, databaseEnabled: false, goog:chromeOptions: {debuggerAddress: localhost:49224}, handlesAlerts: true, hasTouchScreen: false, javascriptEnabled: true, locationContextEnabled: true, mobileEmulationEnabled: false, nativeEvents: true, networkConnectionEnabled: false, pageLoadStrategy: normal, platform: XP, platformName: XP, proxy: Proxy(), rotatable: false, setWindowRect: true, strictFileInteractability: false, takesHeapSnapshot: true, takesScreenshot: true, timeouts: {implicit: 0, pageLoad: 300000, script: 30000}, unexpectedAlertBehaviour: ignore, unhandledPromptBehavior: ignore, version: 75.0.3770.90, webStorageEnabled: true}
Session ID: 6ed17765e7e5a7f99238840bee1fd845
	at sun.reflect.NativeConstructorAccessorImpl.newInstance0(Native Method)
	at sun.reflect.NativeConstructorAccessorImpl.newInstance(NativeConstructorAccessorImpl.java:62)
	at sun.reflect.DelegatingConstructorAccessorImpl.newInstance(DelegatingConstructorAccessorImpl.java:45)
	at java.lang.reflect.Constructor.newInstance(Constructor.java:423)
	at org.openqa.selenium.remote.ErrorHandler.createThrowable(ErrorHandler.java:214)
	at org.openqa.selenium.remote.ErrorHandler.throwIfResponseFailed(ErrorHandler.java:166)
	at org.openqa.selenium.remote.http.JsonHttpResponseCodec.reconstructValue(JsonHttpResponseCodec.java:40)
	at org.openqa.selenium.remote.http.AbstractHttpResponseCodec.decode(AbstractHttpResponseCodec.java:80)
	at org.openqa.selenium.remote.http.AbstractHttpResponseCodec.decode(AbstractHttpResponseCodec.java:44)
	at org.openqa.selenium.remote.HttpCommandExecutor.execute(HttpCommandExecutor.java:158)
	at org.openqa.selenium.remote.service.DriverCommandExecutor.execute(DriverCommandExecutor.java:83)
	at org.openqa.selenium.remote.RemoteWebDriver.execute(RemoteWebDriver.java:545)
	at org.openqa.selenium.remote.RemoteWebDriver.executeScript(RemoteWebDriver.java:482)
	at CommonPage.commonFunction.executeScriptBrowser(commonFunction.java:272)
	at com.payzing.actions.LogInPage.clearByJs(LogInPage.java:53)
	at com.payzing.testcase.LoginScript.testcase_11_QuickLogin_Login_success(LoginScript.java:246)
	at sun.reflect.NativeMethodAccessorImpl.invoke0(Native Method)
	at sun.reflect.NativeMethodAccessorImpl.invoke(NativeMethodAccessorImpl.java:62)
	at sun.reflect.DelegatingMethodAccessorImpl.invoke(DelegatingMethodAccessorImpl.java:43)
	at java.lang.reflect.Method.invoke(Method.java:498)
	at org.testng.internal.MethodInvocationHelper.invokeMethod(MethodInvocationHelper.java:80)
	at org.testng.internal.Invoker.invokeMethod(Invoker.java:714)
	at org.testng.internal.Invoker.invokeTestMethod(Invoker.java:901)
	at org.testng.internal.Invoker.invokeTestMethods(Invoker.java:1231)
	at org.testng.internal.TestMethodWorker.invokeTestMethods(TestMethodWorker.java:127)
	at org.testng.internal.TestMethodWorker.run(TestMethodWorker.java:111)
	at org.testng.TestRunner.privateRun(TestRunner.java:767)
	at org.testng.TestRunner.run(TestRunner.java:617)
	at org.testng.SuiteRunner.runTest(SuiteRunner.java:334)
	at org.testng.SuiteRunner.access$000(SuiteRunner.java:37)
	at org.testng.SuiteRunner$SuiteWorker.run(SuiteRunner.java:368)
	at org.testng.internal.thread.ThreadUtil$2.call(ThreadUtil.java:64)
	at java.util.concurrent.FutureTask.run(FutureTask.java:266)
	at java.util.concurrent.ThreadPoolExecutor.runWorker(ThreadPoolExecutor.java:1149)
	at java.util.concurrent.ThreadPoolExecutor$Worker.run(ThreadPoolExecutor.java:624)
	at java.lang.Thread.run(Thread.java:748)
]]>
            </full-stacktrace>
          </exception> <!-- org.openqa.selenium.JavascriptException -->
          <reporter-output>
          </reporter-output>
        </test-method> <!-- testcase_11_QuickLogin_Login_success -->
        <test-method status="PASS" signature="afterMethod(org.testng.ITestResult)[pri:0, instance:com.payzing.testcase.LoginScript@59f99ea]" name="afterMethod" is-config="true" duration-ms="0" started-at="2019-06-17T08:51:59Z" finished-at="2019-06-17T08:51:59Z">
          <params>
            <param index="0">
              <value>
                <![CDATA[[TestResult name=testcase_11_QuickLogin_Login_success status=FAILURE method=LoginScript.testcase_11_QuickLogin_Login_success()[pri:0, instance:com.payzing.testcase.LoginScript@59f99ea] output={null}]]]>
              </value>
            </param>
          </params>
          <reporter-output>
          </reporter-output>
        </test-method> <!-- afterMethod -->
        <test-method status="PASS" signature="testcase_12_Login_By_Zalo()[pri:0, instance:com.payzing.testcase.LoginScript@59f99ea]" name="testcase_12_Login_By_Zalo" duration-ms="2074" started-at="2019-06-17T08:51:59Z" finished-at="2019-06-17T08:52:01Z">
          <reporter-output>
          </reporter-output>
        </test-method> <!-- testcase_12_Login_By_Zalo -->
        <test-method status="PASS" signature="afterMethod(org.testng.ITestResult)[pri:0, instance:com.payzing.testcase.LoginScript@59f99ea]" name="afterMethod" is-config="true" duration-ms="1" started-at="2019-06-17T08:52:01Z" finished-at="2019-06-17T08:52:01Z">
          <params>
            <param index="0">
              <value>
                <![CDATA[[TestResult name=testcase_12_Login_By_Zalo status=SUCCESS method=LoginScript.testcase_12_Login_By_Zalo()[pri:0, instance:com.payzing.testcase.LoginScript@59f99ea] output={null}]]]>
              </value>
            </param>
          </params>
          <reporter-output>
          </reporter-output>
        </test-method> <!-- afterMethod -->
        <test-method status="PASS" signature="testcase_13_Login_By_Facebook()[pri:0, instance:com.payzing.testcase.LoginScript@59f99ea]" name="testcase_13_Login_By_Facebook" duration-ms="2024" started-at="2019-06-17T08:52:01Z" finished-at="2019-06-17T08:52:03Z">
          <reporter-output>
          </reporter-output>
        </test-method> <!-- testcase_13_Login_By_Facebook -->
        <test-method status="PASS" signature="afterMethod(org.testng.ITestResult)[pri:0, instance:com.payzing.testcase.LoginScript@59f99ea]" name="afterMethod" is-config="true" duration-ms="0" started-at="2019-06-17T08:52:03Z" finished-at="2019-06-17T08:52:03Z">
          <params>
            <param index="0">
              <value>
                <![CDATA[[TestResult name=testcase_13_Login_By_Facebook status=SUCCESS method=LoginScript.testcase_13_Login_By_Facebook()[pri:0, instance:com.payzing.testcase.LoginScript@59f99ea] output={null}]]]>
              </value>
            </param>
          </params>
          <reporter-output>
          </reporter-output>
        </test-method> <!-- afterMethod -->
        <test-method status="PASS" signature="testcase_14_Role_Ingame_Verify_display_srceen_login()[pri:0, instance:com.payzing.testcase.LoginScript@59f99ea]" name="testcase_14_Role_Ingame_Verify_display_srceen_login" duration-ms="10005" started-at="2019-06-17T08:52:03Z" finished-at="2019-06-17T08:52:13Z">
          <reporter-output>
          </reporter-output>
        </test-method> <!-- testcase_14_Role_Ingame_Verify_display_srceen_login -->
        <test-method status="PASS" signature="afterMethod(org.testng.ITestResult)[pri:0, instance:com.payzing.testcase.LoginScript@59f99ea]" name="afterMethod" is-config="true" duration-ms="2" started-at="2019-06-17T08:52:13Z" finished-at="2019-06-17T08:52:13Z">
          <params>
            <param index="0">
              <value>
                <![CDATA[[TestResult name=testcase_14_Role_Ingame_Verify_display_srceen_login status=SUCCESS method=LoginScript.testcase_14_Role_Ingame_Verify_display_srceen_login()[pri:0, instance:com.payzing.testcase.LoginScript@59f99ea] output={null}]]]>
              </value>
            </param>
          </params>
          <reporter-output>
          </reporter-output>
        </test-method> <!-- afterMethod -->
        <test-method status="PASS" signature="testcase_15_Login_By_Name_Ingame_Verify_message_when_null_information()[pri:0, instance:com.payzing.testcase.LoginScript@59f99ea]" name="testcase_15_Login_By_Name_Ingame_Verify_message_when_null_information" duration-ms="1647" started-at="2019-06-17T08:52:13Z" finished-at="2019-06-17T08:52:15Z">
          <reporter-output>
          </reporter-output>
        </test-method> <!-- testcase_15_Login_By_Name_Ingame_Verify_message_when_null_information -->
        <test-method status="PASS" signature="afterMethod(org.testng.ITestResult)[pri:0, instance:com.payzing.testcase.LoginScript@59f99ea]" name="afterMethod" is-config="true" duration-ms="0" started-at="2019-06-17T08:52:15Z" finished-at="2019-06-17T08:52:15Z">
          <params>
            <param index="0">
              <value>
                <![CDATA[[TestResult name=testcase_15_Login_By_Name_Ingame_Verify_message_when_null_information status=SUCCESS method=LoginScript.testcase_15_Login_By_Name_Ingame_Verify_message_when_null_information()[pri:0, instance:com.payzing.testcase.LoginScript@59f99ea] output={null}]]]>
              </value>
            </param>
          </params>
          <reporter-output>
          </reporter-output>
        </test-method> <!-- afterMethod -->
        <test-method status="PASS" signature="testcase_16_Login_By_Name_Ingame_Verify_message_when_only_input_Name()[pri:0, instance:com.payzing.testcase.LoginScript@59f99ea]" name="testcase_16_Login_By_Name_Ingame_Verify_message_when_only_input_Name" duration-ms="2800" started-at="2019-06-17T08:52:15Z" finished-at="2019-06-17T08:52:17Z">
          <reporter-output>
          </reporter-output>
        </test-method> <!-- testcase_16_Login_By_Name_Ingame_Verify_message_when_only_input_Name -->
        <test-method status="PASS" signature="afterMethod(org.testng.ITestResult)[pri:0, instance:com.payzing.testcase.LoginScript@59f99ea]" name="afterMethod" is-config="true" duration-ms="1" started-at="2019-06-17T08:52:17Z" finished-at="2019-06-17T08:52:17Z">
          <params>
            <param index="0">
              <value>
                <![CDATA[[TestResult name=testcase_16_Login_By_Name_Ingame_Verify_message_when_only_input_Name status=SUCCESS method=LoginScript.testcase_16_Login_By_Name_Ingame_Verify_message_when_only_input_Name()[pri:0, instance:com.payzing.testcase.LoginScript@59f99ea] output={null}]]]>
              </value>
            </param>
          </params>
          <reporter-output>
          </reporter-output>
        </test-method> <!-- afterMethod -->
        <test-method status="PASS" signature="testcase_17_Login_By_Name_Ingame_Verify_message_when_only_select_Server()[pri:0, instance:com.payzing.testcase.LoginScript@59f99ea]" name="testcase_17_Login_By_Name_Ingame_Verify_message_when_only_select_Server" duration-ms="3922" started-at="2019-06-17T08:52:17Z" finished-at="2019-06-17T08:52:21Z">
          <reporter-output>
          </reporter-output>
        </test-method> <!-- testcase_17_Login_By_Name_Ingame_Verify_message_when_only_select_Server -->
        <test-method status="PASS" signature="afterMethod(org.testng.ITestResult)[pri:0, instance:com.payzing.testcase.LoginScript@59f99ea]" name="afterMethod" is-config="true" duration-ms="0" started-at="2019-06-17T08:52:21Z" finished-at="2019-06-17T08:52:21Z">
          <params>
            <param index="0">
              <value>
                <![CDATA[[TestResult name=testcase_17_Login_By_Name_Ingame_Verify_message_when_only_select_Server status=SUCCESS method=LoginScript.testcase_17_Login_By_Name_Ingame_Verify_message_when_only_select_Server()[pri:0, instance:com.payzing.testcase.LoginScript@59f99ea] output={null}]]]>
              </value>
            </param>
          </params>
          <reporter-output>
          </reporter-output>
        </test-method> <!-- afterMethod -->
        <test-method status="PASS" signature="testcase_18_Login_By_Name_Ingame_Verify_message_when_input_invalid_information()[pri:0, instance:com.payzing.testcase.LoginScript@59f99ea]" name="testcase_18_Login_By_Name_Ingame_Verify_message_when_input_invalid_information" duration-ms="8182" started-at="2019-06-17T08:52:21Z" finished-at="2019-06-17T08:52:30Z">
          <reporter-output>
          </reporter-output>
        </test-method> <!-- testcase_18_Login_By_Name_Ingame_Verify_message_when_input_invalid_information -->
        <test-method status="PASS" signature="afterMethod(org.testng.ITestResult)[pri:0, instance:com.payzing.testcase.LoginScript@59f99ea]" name="afterMethod" is-config="true" duration-ms="1" started-at="2019-06-17T08:52:30Z" finished-at="2019-06-17T08:52:30Z">
          <params>
            <param index="0">
              <value>
                <![CDATA[[TestResult name=testcase_18_Login_By_Name_Ingame_Verify_message_when_input_invalid_information status=SUCCESS method=LoginScript.testcase_18_Login_By_Name_Ingame_Verify_message_when_input_invalid_information()[pri:0, instance:com.payzing.testcase.LoginScript@59f99ea] output={null}]]]>
              </value>
            </param>
          </params>
          <reporter-output>
          </reporter-output>
        </test-method> <!-- afterMethod -->
        <test-method status="PASS" signature="testcase_19_Login_By_Name_Ingame_Verify_message_when_input_roleID()[pri:0, instance:com.payzing.testcase.LoginScript@59f99ea]" name="testcase_19_Login_By_Name_Ingame_Verify_message_when_input_roleID" duration-ms="4336" started-at="2019-06-17T08:52:30Z" finished-at="2019-06-17T08:52:34Z">
          <reporter-output>
          </reporter-output>
        </test-method> <!-- testcase_19_Login_By_Name_Ingame_Verify_message_when_input_roleID -->
        <test-method status="PASS" signature="testcase_20_Login_By_Name_Ingame_Verify_login_success()[pri:0, instance:com.payzing.testcase.LoginScript@59f99ea]" name="testcase_20_Login_By_Name_Ingame_Verify_login_success" duration-ms="5011" started-at="2019-06-17T08:52:34Z" finished-at="2019-06-17T08:52:39Z">
          <reporter-output>
          </reporter-output>
        </test-method> <!-- testcase_20_Login_By_Name_Ingame_Verify_login_success -->
        <test-method status="PASS" signature="afterMethod(org.testng.ITestResult)[pri:0, instance:com.payzing.testcase.LoginScript@59f99ea]" name="afterMethod" is-config="true" duration-ms="0" started-at="2019-06-17T08:52:34Z" finished-at="2019-06-17T08:52:34Z">
          <params>
            <param index="0">
              <value>
                <![CDATA[[TestResult name=testcase_19_Login_By_Name_Ingame_Verify_message_when_input_roleID status=SUCCESS method=LoginScript.testcase_19_Login_By_Name_Ingame_Verify_message_when_input_roleID()[pri:0, instance:com.payzing.testcase.LoginScript@59f99ea] output={null}]]]>
              </value>
            </param>
          </params>
          <reporter-output>
          </reporter-output>
        </test-method> <!-- afterMethod -->
        <test-method status="PASS" signature="afterMethod(org.testng.ITestResult)[pri:0, instance:com.payzing.testcase.LoginScript@59f99ea]" name="afterMethod" is-config="true" duration-ms="0" started-at="2019-06-17T08:52:39Z" finished-at="2019-06-17T08:52:39Z">
          <params>
            <param index="0">
              <value>
                <![CDATA[[TestResult name=testcase_20_Login_By_Name_Ingame_Verify_login_success status=SUCCESS method=LoginScript.testcase_20_Login_By_Name_Ingame_Verify_login_success()[pri:0, instance:com.payzing.testcase.LoginScript@59f99ea] output={null}]]]>
              </value>
            </param>
          </params>
          <reporter-output>
          </reporter-output>
        </test-method> <!-- afterMethod -->
        <test-method status="PASS" signature="testcase_21_Login_By_Role_Ingame_Verify_message_when_null_information()[pri:0, instance:com.payzing.testcase.LoginScript@59f99ea]" name="testcase_21_Login_By_Role_Ingame_Verify_message_when_null_information" duration-ms="9908" started-at="2019-06-17T08:52:39Z" finished-at="2019-06-17T08:52:49Z">
          <reporter-output>
          </reporter-output>
        </test-method> <!-- testcase_21_Login_By_Role_Ingame_Verify_message_when_null_information -->
        <test-method status="PASS" signature="afterMethod(org.testng.ITestResult)[pri:0, instance:com.payzing.testcase.LoginScript@59f99ea]" name="afterMethod" is-config="true" duration-ms="1" started-at="2019-06-17T08:52:49Z" finished-at="2019-06-17T08:52:49Z">
          <params>
            <param index="0">
              <value>
                <![CDATA[[TestResult name=testcase_21_Login_By_Role_Ingame_Verify_message_when_null_information status=SUCCESS method=LoginScript.testcase_21_Login_By_Role_Ingame_Verify_message_when_null_information()[pri:0, instance:com.payzing.testcase.LoginScript@59f99ea] output={null}]]]>
              </value>
            </param>
          </params>
          <reporter-output>
          </reporter-output>
        </test-method> <!-- afterMethod -->
        <test-method status="PASS" signature="testcase_22_Login_By_Role_Ingame_Verify_message_when_only_input_Name()[pri:0, instance:com.payzing.testcase.LoginScript@59f99ea]" name="testcase_22_Login_By_Role_Ingame_Verify_message_when_only_input_Name" duration-ms="2815" started-at="2019-06-17T08:52:49Z" finished-at="2019-06-17T08:52:52Z">
          <reporter-output>
          </reporter-output>
        </test-method> <!-- testcase_22_Login_By_Role_Ingame_Verify_message_when_only_input_Name -->
        <test-method status="PASS" signature="afterMethod(org.testng.ITestResult)[pri:0, instance:com.payzing.testcase.LoginScript@59f99ea]" name="afterMethod" is-config="true" duration-ms="9" started-at="2019-06-17T08:52:52Z" finished-at="2019-06-17T08:52:52Z">
          <params>
            <param index="0">
              <value>
                <![CDATA[[TestResult name=testcase_22_Login_By_Role_Ingame_Verify_message_when_only_input_Name status=SUCCESS method=LoginScript.testcase_22_Login_By_Role_Ingame_Verify_message_when_only_input_Name()[pri:0, instance:com.payzing.testcase.LoginScript@59f99ea] output={null}]]]>
              </value>
            </param>
          </params>
          <reporter-output>
          </reporter-output>
        </test-method> <!-- afterMethod -->
        <test-method status="PASS" signature="testcase_23_Login_By_Role_Ingame_Verify_message_when_only_select_Server()[pri:0, instance:com.payzing.testcase.LoginScript@59f99ea]" name="testcase_23_Login_By_Role_Ingame_Verify_message_when_only_select_Server" duration-ms="3921" started-at="2019-06-17T08:52:52Z" finished-at="2019-06-17T08:52:56Z">
          <reporter-output>
          </reporter-output>
        </test-method> <!-- testcase_23_Login_By_Role_Ingame_Verify_message_when_only_select_Server -->
        <test-method status="PASS" signature="afterMethod(org.testng.ITestResult)[pri:0, instance:com.payzing.testcase.LoginScript@59f99ea]" name="afterMethod" is-config="true" duration-ms="0" started-at="2019-06-17T08:52:56Z" finished-at="2019-06-17T08:52:56Z">
          <params>
            <param index="0">
              <value>
                <![CDATA[[TestResult name=testcase_23_Login_By_Role_Ingame_Verify_message_when_only_select_Server status=SUCCESS method=LoginScript.testcase_23_Login_By_Role_Ingame_Verify_message_when_only_select_Server()[pri:0, instance:com.payzing.testcase.LoginScript@59f99ea] output={null}]]]>
              </value>
            </param>
          </params>
          <reporter-output>
          </reporter-output>
        </test-method> <!-- afterMethod -->
        <test-method status="PASS" signature="testcase_24_Login_By_Role_Ingame_Verify_message_when_input_invalid_information()[pri:0, instance:com.payzing.testcase.LoginScript@59f99ea]" name="testcase_24_Login_By_Role_Ingame_Verify_message_when_input_invalid_information" duration-ms="7179" started-at="2019-06-17T08:52:56Z" finished-at="2019-06-17T08:53:03Z">
          <reporter-output>
          </reporter-output>
        </test-method> <!-- testcase_24_Login_By_Role_Ingame_Verify_message_when_input_invalid_information -->
        <test-method status="PASS" signature="afterMethod(org.testng.ITestResult)[pri:0, instance:com.payzing.testcase.LoginScript@59f99ea]" name="afterMethod" is-config="true" duration-ms="0" started-at="2019-06-17T08:53:03Z" finished-at="2019-06-17T08:53:03Z">
          <params>
            <param index="0">
              <value>
                <![CDATA[[TestResult name=testcase_24_Login_By_Role_Ingame_Verify_message_when_input_invalid_information status=SUCCESS method=LoginScript.testcase_24_Login_By_Role_Ingame_Verify_message_when_input_invalid_information()[pri:0, instance:com.payzing.testcase.LoginScript@59f99ea] output={null}]]]>
              </value>
            </param>
          </params>
          <reporter-output>
          </reporter-output>
        </test-method> <!-- afterMethod -->
        <test-method status="PASS" signature="testcase_25_Login_By_Role_Ingame_Verify_message_when_input_roleID()[pri:0, instance:com.payzing.testcase.LoginScript@59f99ea]" name="testcase_25_Login_By_Role_Ingame_Verify_message_when_input_roleID" duration-ms="4403" started-at="2019-06-17T08:53:03Z" finished-at="2019-06-17T08:53:07Z">
          <reporter-output>
          </reporter-output>
        </test-method> <!-- testcase_25_Login_By_Role_Ingame_Verify_message_when_input_roleID -->
        <test-method status="PASS" signature="testcase_26_Login_By_Role_Ingame_Verify_login_success()[pri:0, instance:com.payzing.testcase.LoginScript@59f99ea]" name="testcase_26_Login_By_Role_Ingame_Verify_login_success" duration-ms="5026" started-at="2019-06-17T08:53:07Z" finished-at="2019-06-17T08:53:12Z">
          <reporter-output>
          </reporter-output>
        </test-method> <!-- testcase_26_Login_By_Role_Ingame_Verify_login_success -->
        <test-method status="PASS" signature="afterMethod(org.testng.ITestResult)[pri:0, instance:com.payzing.testcase.LoginScript@59f99ea]" name="afterMethod" is-config="true" duration-ms="0" started-at="2019-06-17T08:53:07Z" finished-at="2019-06-17T08:53:07Z">
          <params>
            <param index="0">
              <value>
                <![CDATA[[TestResult name=testcase_25_Login_By_Role_Ingame_Verify_message_when_input_roleID status=SUCCESS method=LoginScript.testcase_25_Login_By_Role_Ingame_Verify_message_when_input_roleID()[pri:0, instance:com.payzing.testcase.LoginScript@59f99ea] output={null}]]]>
              </value>
            </param>
          </params>
          <reporter-output>
          </reporter-output>
        </test-method> <!-- afterMethod -->
        <test-method status="PASS" signature="afterMethod(org.testng.ITestResult)[pri:0, instance:com.payzing.testcase.LoginScript@59f99ea]" name="afterMethod" is-config="true" duration-ms="0" started-at="2019-06-17T08:53:12Z" finished-at="2019-06-17T08:53:12Z">
          <params>
            <param index="0">
              <value>
                <![CDATA[[TestResult name=testcase_26_Login_By_Role_Ingame_Verify_login_success status=SUCCESS method=LoginScript.testcase_26_Login_By_Role_Ingame_Verify_login_success()[pri:0, instance:com.payzing.testcase.LoginScript@59f99ea] output={null}]]]>
              </value>
            </param>
          </params>
          <reporter-output>
          </reporter-output>
        </test-method> <!-- afterMethod -->
        <test-method status="PASS" signature="afterClass()[pri:0, instance:com.payzing.testcase.LoginScript@59f99ea]" name="afterClass" is-config="true" duration-ms="268" started-at="2019-06-17T08:53:12Z" finished-at="2019-06-17T08:53:12Z">
          <reporter-output>
          </reporter-output>
        </test-method> <!-- afterClass -->
      </class> <!-- com.payzing.testcase.LoginScript -->
      <class name="com.payzing.testcase.HomePageScript_Game_Convert">
        <test-method status="PASS" signature="beforeClass(java.lang.String, java.lang.String, java.lang.String)[pri:0, instance:com.payzing.testcase.HomePageScript_Game_Convert@ae45eb6]" name="beforeClass" is-config="true" duration-ms="14620" started-at="2019-06-17T09:03:28Z" finished-at="2019-06-17T09:03:43Z">
          <params>
            <param index="0">
              <value>
                <![CDATA[chrome]]>
              </value>
            </param>
            <param index="1">
              <value>
                <![CDATA[74.0.3729.6]]>
              </value>
            </param>
            <param index="2">
              <value>
                <![CDATA[https://pay.zing.vn]]>
              </value>
            </param>
          </params>
          <reporter-output>
          </reporter-output>
        </test-method> <!-- beforeClass -->
        <test-method status="PASS" signature="testcase_01_ZaloPay_Verify_message_when_delete_price()[pri:0, instance:com.payzing.testcase.HomePageScript_Game_Convert@ae45eb6]" name="testcase_01_ZaloPay_Verify_message_when_delete_price" duration-ms="1117" started-at="2019-06-17T09:03:43Z" finished-at="2019-06-17T09:03:44Z">
          <reporter-output>
          </reporter-output>
        </test-method> <!-- testcase_01_ZaloPay_Verify_message_when_delete_price -->
        <test-method status="PASS" signature="afterMethod(org.testng.ITestResult)[pri:0, instance:com.payzing.testcase.HomePageScript_Game_Convert@ae45eb6]" name="afterMethod" is-config="true" duration-ms="1" started-at="2019-06-17T09:03:44Z" finished-at="2019-06-17T09:03:44Z">
          <params>
            <param index="0">
              <value>
                <![CDATA[[TestResult name=testcase_01_ZaloPay_Verify_message_when_delete_price status=SUCCESS method=HomePageScript_Game_Convert.testcase_01_ZaloPay_Verify_message_when_delete_price()[pri:0, instance:com.payzing.testcase.HomePageScript_Game_Convert@ae45eb6] output={null}]]]>
              </value>
            </param>
          </params>
          <reporter-output>
          </reporter-output>
        </test-method> <!-- afterMethod -->
        <test-method status="PASS" signature="testcase_02_ZaloPay_Verify_message_when_input_invalid_price()[pri:0, instance:com.payzing.testcase.HomePageScript_Game_Convert@ae45eb6]" name="testcase_02_ZaloPay_Verify_message_when_input_invalid_price" duration-ms="4571" started-at="2019-06-17T09:03:44Z" finished-at="2019-06-17T09:03:49Z">
          <reporter-output>
          </reporter-output>
        </test-method> <!-- testcase_02_ZaloPay_Verify_message_when_input_invalid_price -->
        <test-method status="PASS" signature="afterMethod(org.testng.ITestResult)[pri:0, instance:com.payzing.testcase.HomePageScript_Game_Convert@ae45eb6]" name="afterMethod" is-config="true" duration-ms="1" started-at="2019-06-17T09:03:49Z" finished-at="2019-06-17T09:03:49Z">
          <params>
            <param index="0">
              <value>
                <![CDATA[[TestResult name=testcase_02_ZaloPay_Verify_message_when_input_invalid_price status=SUCCESS method=HomePageScript_Game_Convert.testcase_02_ZaloPay_Verify_message_when_input_invalid_price()[pri:0, instance:com.payzing.testcase.HomePageScript_Game_Convert@ae45eb6] output={null}]]]>
              </value>
            </param>
          </params>
          <reporter-output>
          </reporter-output>
        </test-method> <!-- afterMethod -->
        <test-method status="PASS" signature="testcase_03_ZaloPay_Verify_message_when_input_valid_price()[pri:0, instance:com.payzing.testcase.HomePageScript_Game_Convert@ae45eb6]" name="testcase_03_ZaloPay_Verify_message_when_input_valid_price" duration-ms="3418" started-at="2019-06-17T09:03:49Z" finished-at="2019-06-17T09:03:52Z">
          <reporter-output>
          </reporter-output>
        </test-method> <!-- testcase_03_ZaloPay_Verify_message_when_input_valid_price -->
        <test-method status="PASS" signature="testcase_04_ZingCard_Verify_display_form_input_information_card()[pri:0, instance:com.payzing.testcase.HomePageScript_Game_Convert@ae45eb6]" name="testcase_04_ZingCard_Verify_display_form_input_information_card" duration-ms="1108" started-at="2019-06-17T09:03:52Z" finished-at="2019-06-17T09:03:53Z">
          <reporter-output>
          </reporter-output>
        </test-method> <!-- testcase_04_ZingCard_Verify_display_form_input_information_card -->
        <test-method status="PASS" signature="afterMethod(org.testng.ITestResult)[pri:0, instance:com.payzing.testcase.HomePageScript_Game_Convert@ae45eb6]" name="afterMethod" is-config="true" duration-ms="0" started-at="2019-06-17T09:03:52Z" finished-at="2019-06-17T09:03:52Z">
          <params>
            <param index="0">
              <value>
                <![CDATA[[TestResult name=testcase_03_ZaloPay_Verify_message_when_input_valid_price status=SUCCESS method=HomePageScript_Game_Convert.testcase_03_ZaloPay_Verify_message_when_input_valid_price()[pri:0, instance:com.payzing.testcase.HomePageScript_Game_Convert@ae45eb6] output={null}]]]>
              </value>
            </param>
          </params>
          <reporter-output>
          </reporter-output>
        </test-method> <!-- afterMethod -->
        <test-method status="PASS" signature="testcase_05_ZingCard_Verify_display_message_when_dont_input_Seri_and_Pin_card()[pri:0, instance:com.payzing.testcase.HomePageScript_Game_Convert@ae45eb6]" name="testcase_05_ZingCard_Verify_display_message_when_dont_input_Seri_and_Pin_card" duration-ms="1171" started-at="2019-06-17T09:03:53Z" finished-at="2019-06-17T09:03:54Z">
          <reporter-output>
          </reporter-output>
        </test-method> <!-- testcase_05_ZingCard_Verify_display_message_when_dont_input_Seri_and_Pin_card -->
        <test-method status="PASS" signature="afterMethod(org.testng.ITestResult)[pri:0, instance:com.payzing.testcase.HomePageScript_Game_Convert@ae45eb6]" name="afterMethod" is-config="true" duration-ms="0" started-at="2019-06-17T09:03:53Z" finished-at="2019-06-17T09:03:53Z">
          <params>
            <param index="0">
              <value>
                <![CDATA[[TestResult name=testcase_04_ZingCard_Verify_display_form_input_information_card status=SUCCESS method=HomePageScript_Game_Convert.testcase_04_ZingCard_Verify_display_form_input_information_card()[pri:0, instance:com.payzing.testcase.HomePageScript_Game_Convert@ae45eb6] output={null}]]]>
              </value>
            </param>
          </params>
          <reporter-output>
          </reporter-output>
        </test-method> <!-- afterMethod -->
        <test-method status="PASS" signature="testcase_06_ZingCard_Verify_display_message_when_only_input_Seri()[pri:0, instance:com.payzing.testcase.HomePageScript_Game_Convert@ae45eb6]" name="testcase_06_ZingCard_Verify_display_message_when_only_input_Seri" duration-ms="2781" started-at="2019-06-17T09:03:54Z" finished-at="2019-06-17T09:03:57Z">
          <reporter-output>
          </reporter-output>
        </test-method> <!-- testcase_06_ZingCard_Verify_display_message_when_only_input_Seri -->
        <test-method status="PASS" signature="afterMethod(org.testng.ITestResult)[pri:0, instance:com.payzing.testcase.HomePageScript_Game_Convert@ae45eb6]" name="afterMethod" is-config="true" duration-ms="0" started-at="2019-06-17T09:03:54Z" finished-at="2019-06-17T09:03:54Z">
          <params>
            <param index="0">
              <value>
                <![CDATA[[TestResult name=testcase_05_ZingCard_Verify_display_message_when_dont_input_Seri_and_Pin_card status=SUCCESS method=HomePageScript_Game_Convert.testcase_05_ZingCard_Verify_display_message_when_dont_input_Seri_and_Pin_card()[pri:0, instance:com.payzing.testcase.HomePageScript_Game_Convert@ae45eb6] output={null}]]]>
              </value>
            </param>
          </params>
          <reporter-output>
          </reporter-output>
        </test-method> <!-- afterMethod -->
        <test-method status="PASS" signature="afterMethod(org.testng.ITestResult)[pri:0, instance:com.payzing.testcase.HomePageScript_Game_Convert@ae45eb6]" name="afterMethod" is-config="true" duration-ms="0" started-at="2019-06-17T09:03:57Z" finished-at="2019-06-17T09:03:57Z">
          <params>
            <param index="0">
              <value>
                <![CDATA[[TestResult name=testcase_06_ZingCard_Verify_display_message_when_only_input_Seri status=SUCCESS method=HomePageScript_Game_Convert.testcase_06_ZingCard_Verify_display_message_when_only_input_Seri()[pri:0, instance:com.payzing.testcase.HomePageScript_Game_Convert@ae45eb6] output={null}]]]>
              </value>
            </param>
          </params>
          <reporter-output>
          </reporter-output>
        </test-method> <!-- afterMethod -->
        <test-method status="PASS" signature="testcase_07_ZingCard_Verify_display_message_when_only_input_Pin()[pri:0, instance:com.payzing.testcase.HomePageScript_Game_Convert@ae45eb6]" name="testcase_07_ZingCard_Verify_display_message_when_only_input_Pin" duration-ms="3858" started-at="2019-06-17T09:03:57Z" finished-at="2019-06-17T09:04:01Z">
          <reporter-output>
          </reporter-output>
        </test-method> <!-- testcase_07_ZingCard_Verify_display_message_when_only_input_Pin -->
        <test-method status="PASS" signature="testcase_08_ZingCard_Verify_display_message_when_input_card_invalid()[pri:0, instance:com.payzing.testcase.HomePageScript_Game_Convert@ae45eb6]" name="testcase_08_ZingCard_Verify_display_message_when_input_card_invalid" duration-ms="2925" started-at="2019-06-17T09:04:01Z" finished-at="2019-06-17T09:04:04Z">
          <reporter-output>
          </reporter-output>
        </test-method> <!-- testcase_08_ZingCard_Verify_display_message_when_input_card_invalid -->
        <test-method status="PASS" signature="afterMethod(org.testng.ITestResult)[pri:0, instance:com.payzing.testcase.HomePageScript_Game_Convert@ae45eb6]" name="afterMethod" is-config="true" duration-ms="0" started-at="2019-06-17T09:04:01Z" finished-at="2019-06-17T09:04:01Z">
          <params>
            <param index="0">
              <value>
                <![CDATA[[TestResult name=testcase_07_ZingCard_Verify_display_message_when_only_input_Pin status=SUCCESS method=HomePageScript_Game_Convert.testcase_07_ZingCard_Verify_display_message_when_only_input_Pin()[pri:0, instance:com.payzing.testcase.HomePageScript_Game_Convert@ae45eb6] output={null}]]]>
              </value>
            </param>
          </params>
          <reporter-output>
          </reporter-output>
        </test-method> <!-- afterMethod -->
        <test-method status="PASS" signature="testcase_09_ZingCard_Verify_display_message_when_input_card_had_used()[pri:0, instance:com.payzing.testcase.HomePageScript_Game_Convert@ae45eb6]" name="testcase_09_ZingCard_Verify_display_message_when_input_card_had_used" duration-ms="3423" started-at="2019-06-17T09:04:04Z" finished-at="2019-06-17T09:04:07Z">
          <reporter-output>
          </reporter-output>
        </test-method> <!-- testcase_09_ZingCard_Verify_display_message_when_input_card_had_used -->
        <test-method status="PASS" signature="afterMethod(org.testng.ITestResult)[pri:0, instance:com.payzing.testcase.HomePageScript_Game_Convert@ae45eb6]" name="afterMethod" is-config="true" duration-ms="0" started-at="2019-06-17T09:04:04Z" finished-at="2019-06-17T09:04:04Z">
          <params>
            <param index="0">
              <value>
                <![CDATA[[TestResult name=testcase_08_ZingCard_Verify_display_message_when_input_card_invalid status=SUCCESS method=HomePageScript_Game_Convert.testcase_08_ZingCard_Verify_display_message_when_input_card_invalid()[pri:0, instance:com.payzing.testcase.HomePageScript_Game_Convert@ae45eb6] output={null}]]]>
              </value>
            </param>
          </params>
          <reporter-output>
          </reporter-output>
        </test-method> <!-- afterMethod -->
        <test-method status="PASS" signature="testcase_10_ATM_Verify_message_when_delete_price()[pri:0, instance:com.payzing.testcase.HomePageScript_Game_Convert@ae45eb6]" name="testcase_10_ATM_Verify_message_when_delete_price" duration-ms="734" started-at="2019-06-17T09:04:07Z" finished-at="2019-06-17T09:04:08Z">
          <reporter-output>
          </reporter-output>
        </test-method> <!-- testcase_10_ATM_Verify_message_when_delete_price -->
        <test-method status="PASS" signature="afterMethod(org.testng.ITestResult)[pri:0, instance:com.payzing.testcase.HomePageScript_Game_Convert@ae45eb6]" name="afterMethod" is-config="true" duration-ms="0" started-at="2019-06-17T09:04:07Z" finished-at="2019-06-17T09:04:07Z">
          <params>
            <param index="0">
              <value>
                <![CDATA[[TestResult name=testcase_09_ZingCard_Verify_display_message_when_input_card_had_used status=SUCCESS method=HomePageScript_Game_Convert.testcase_09_ZingCard_Verify_display_message_when_input_card_had_used()[pri:0, instance:com.payzing.testcase.HomePageScript_Game_Convert@ae45eb6] output={null}]]]>
              </value>
            </param>
          </params>
          <reporter-output>
          </reporter-output>
        </test-method> <!-- afterMethod -->
        <test-method status="PASS" signature="afterMethod(org.testng.ITestResult)[pri:0, instance:com.payzing.testcase.HomePageScript_Game_Convert@ae45eb6]" name="afterMethod" is-config="true" duration-ms="0" started-at="2019-06-17T09:04:08Z" finished-at="2019-06-17T09:04:08Z">
          <params>
            <param index="0">
              <value>
                <![CDATA[[TestResult name=testcase_10_ATM_Verify_message_when_delete_price status=SUCCESS method=HomePageScript_Game_Convert.testcase_10_ATM_Verify_message_when_delete_price()[pri:0, instance:com.payzing.testcase.HomePageScript_Game_Convert@ae45eb6] output={null}]]]>
              </value>
            </param>
          </params>
          <reporter-output>
          </reporter-output>
        </test-method> <!-- afterMethod -->
        <test-method status="PASS" signature="testcase_11_ATM_Verify_message_when_input_invalid_price()[pri:0, instance:com.payzing.testcase.HomePageScript_Game_Convert@ae45eb6]" name="testcase_11_ATM_Verify_message_when_input_invalid_price" duration-ms="3538" started-at="2019-06-17T09:04:08Z" finished-at="2019-06-17T09:04:12Z">
          <reporter-output>
          </reporter-output>
        </test-method> <!-- testcase_11_ATM_Verify_message_when_input_invalid_price -->
        <test-method status="PASS" signature="testcase_12_ATM_Transfer_Napas()[pri:0, instance:com.payzing.testcase.HomePageScript_Game_Convert@ae45eb6]" name="testcase_12_ATM_Transfer_Napas" duration-ms="25081" started-at="2019-06-17T09:04:12Z" finished-at="2019-06-17T09:04:37Z">
          <reporter-output>
          </reporter-output>
        </test-method> <!-- testcase_12_ATM_Transfer_Napas -->
        <test-method status="PASS" signature="afterMethod(org.testng.ITestResult)[pri:0, instance:com.payzing.testcase.HomePageScript_Game_Convert@ae45eb6]" name="afterMethod" is-config="true" duration-ms="0" started-at="2019-06-17T09:04:12Z" finished-at="2019-06-17T09:04:12Z">
          <params>
            <param index="0">
              <value>
                <![CDATA[[TestResult name=testcase_11_ATM_Verify_message_when_input_invalid_price status=SUCCESS method=HomePageScript_Game_Convert.testcase_11_ATM_Verify_message_when_input_invalid_price()[pri:0, instance:com.payzing.testcase.HomePageScript_Game_Convert@ae45eb6] output={null}]]]>
              </value>
            </param>
          </params>
          <reporter-output>
          </reporter-output>
        </test-method> <!-- afterMethod -->
        <test-method status="FAIL" signature="testcase_13_ATM_Transfer_BANK_WEB()[pri:0, instance:com.payzing.testcase.HomePageScript_Game_Convert@ae45eb6]" name="testcase_13_ATM_Transfer_BANK_WEB" duration-ms="110563" started-at="2019-06-17T09:04:37Z" finished-at="2019-06-17T09:06:27Z">
          <exception class="org.openqa.selenium.TimeoutException">
            <message>
              <![CDATA[Expected condition failed: waiting for visibility of element located by By.xpath: //a[contains(@class,'back')] (tried for 100 second(s) with 500 milliseconds interval)]]>
            </message>
            <full-stacktrace>
              <![CDATA[org.openqa.selenium.TimeoutException: Expected condition failed: waiting for visibility of element located by By.xpath: //a[contains(@class,'back')] (tried for 100 second(s) with 500 milliseconds interval)
	at org.openqa.selenium.support.ui.WebDriverWait.timeoutException(WebDriverWait.java:81)
	at org.openqa.selenium.support.ui.FluentWait.until(FluentWait.java:271)
	at CommonPage.commonFunction.waitVisible(commonFunction.java:307)
	at com.payzing.actions.HomePage.clickBank_Tranfers_ZALOPAY_Huy_Icon_PopUp_XacNhan_BTT_QuayVe_BTT(HomePage.java:334)
	at com.payzing.testcase.HomePageScript_Game_Convert.testcase_13_ATM_Transfer_BANK_WEB(HomePageScript_Game_Convert.java:481)
	at sun.reflect.NativeMethodAccessorImpl.invoke0(Native Method)
	at sun.reflect.NativeMethodAccessorImpl.invoke(NativeMethodAccessorImpl.java:62)
	at sun.reflect.DelegatingMethodAccessorImpl.invoke(DelegatingMethodAccessorImpl.java:43)
	at java.lang.reflect.Method.invoke(Method.java:498)
	at org.testng.internal.MethodInvocationHelper.invokeMethod(MethodInvocationHelper.java:80)
	at org.testng.internal.Invoker.invokeMethod(Invoker.java:714)
	at org.testng.internal.Invoker.invokeTestMethod(Invoker.java:901)
	at org.testng.internal.Invoker.invokeTestMethods(Invoker.java:1231)
	at org.testng.internal.TestMethodWorker.invokeTestMethods(TestMethodWorker.java:127)
	at org.testng.internal.TestMethodWorker.run(TestMethodWorker.java:111)
	at org.testng.TestRunner.privateRun(TestRunner.java:767)
	at org.testng.TestRunner.run(TestRunner.java:617)
	at org.testng.SuiteRunner.runTest(SuiteRunner.java:334)
	at org.testng.SuiteRunner.access$000(SuiteRunner.java:37)
	at org.testng.SuiteRunner$SuiteWorker.run(SuiteRunner.java:368)
	at org.testng.internal.thread.ThreadUtil$2.call(ThreadUtil.java:64)
	at java.util.concurrent.FutureTask.run(FutureTask.java:266)
	at java.util.concurrent.ThreadPoolExecutor.runWorker(ThreadPoolExecutor.java:1149)
	at java.util.concurrent.ThreadPoolExecutor$Worker.run(ThreadPoolExecutor.java:624)
	at java.lang.Thread.run(Thread.java:748)
Caused by: org.openqa.selenium.NoSuchElementException: Cannot locate an element using By.xpath: //a[contains(@class,'back')]
For documentation on this error, please visit: http://seleniumhq.org/exceptions/no_such_element.html
Build info: version: '3.11.0', revision: 'e59cfb3', time: '2018-03-11T20:26:55.152Z'
System info: host: 'NHUTBM', ip: '192.168.56.1', os.name: 'Windows 10', os.arch: 'amd64', os.version: '10.0', java.version: '1.8.0_181'
Driver info: driver.version: unknown
	at org.openqa.selenium.support.ui.ExpectedConditions.lambda$findElement$0(ExpectedConditions.java:896)
	at java.util.Optional.orElseThrow(Optional.java:290)
	at org.openqa.selenium.support.ui.ExpectedConditions.findElement(ExpectedConditions.java:895)
	at org.openqa.selenium.support.ui.ExpectedConditions.access$000(ExpectedConditions.java:44)
	at org.openqa.selenium.support.ui.ExpectedConditions$7.apply(ExpectedConditions.java:206)
	at org.openqa.selenium.support.ui.ExpectedConditions$7.apply(ExpectedConditions.java:202)
	at org.openqa.selenium.support.ui.FluentWait.until(FluentWait.java:248)
	... 23 more
]]>
            </full-stacktrace>
          </exception> <!-- org.openqa.selenium.TimeoutException -->
          <reporter-output>
          </reporter-output>
        </test-method> <!-- testcase_13_ATM_Transfer_BANK_WEB -->
        <test-method status="PASS" signature="afterMethod(org.testng.ITestResult)[pri:0, instance:com.payzing.testcase.HomePageScript_Game_Convert@ae45eb6]" name="afterMethod" is-config="true" duration-ms="0" started-at="2019-06-17T09:04:37Z" finished-at="2019-06-17T09:04:37Z">
          <params>
            <param index="0">
              <value>
                <![CDATA[[TestResult name=testcase_12_ATM_Transfer_Napas status=SUCCESS method=HomePageScript_Game_Convert.testcase_12_ATM_Transfer_Napas()[pri:0, instance:com.payzing.testcase.HomePageScript_Game_Convert@ae45eb6] output={null}]]]>
              </value>
            </param>
          </params>
          <reporter-output>
          </reporter-output>
        </test-method> <!-- afterMethod -->
        <test-method status="PASS" signature="afterMethod(org.testng.ITestResult)[pri:0, instance:com.payzing.testcase.HomePageScript_Game_Convert@ae45eb6]" name="afterMethod" is-config="true" duration-ms="1" started-at="2019-06-17T09:06:27Z" finished-at="2019-06-17T09:06:27Z">
          <params>
            <param index="0">
              <value>
                <![CDATA[[TestResult name=testcase_13_ATM_Transfer_BANK_WEB status=FAILURE method=HomePageScript_Game_Convert.testcase_13_ATM_Transfer_BANK_WEB()[pri:0, instance:com.payzing.testcase.HomePageScript_Game_Convert@ae45eb6] output={null}]]]>
              </value>
            </param>
          </params>
          <reporter-output>
          </reporter-output>
        </test-method> <!-- afterMethod -->
        <test-method status="FAIL" signature="testcase_14_ATM_Transfer_ZaloPay_Verify_display_transactionID()[pri:0, instance:com.payzing.testcase.HomePageScript_Game_Convert@ae45eb6]" name="testcase_14_ATM_Transfer_ZaloPay_Verify_display_transactionID" duration-ms="100048" started-at="2019-06-17T09:06:27Z" finished-at="2019-06-17T09:08:07Z">
          <exception class="org.openqa.selenium.TimeoutException">
            <message>
              <![CDATA[Expected condition failed: waiting for visibility of element located by By.xpath: //h4[@id='txtpaymentMethodbank'] (tried for 100 second(s) with 500 milliseconds interval)]]>
            </message>
            <full-stacktrace>
              <![CDATA[org.openqa.selenium.TimeoutException: Expected condition failed: waiting for visibility of element located by By.xpath: //h4[@id='txtpaymentMethodbank'] (tried for 100 second(s) with 500 milliseconds interval)
	at org.openqa.selenium.support.ui.WebDriverWait.timeoutException(WebDriverWait.java:81)
	at org.openqa.selenium.support.ui.FluentWait.until(FluentWait.java:271)
	at CommonPage.commonFunction.waitVisible(commonFunction.java:307)
	at com.payzing.actions.HomePage.clickPhuongThuc_ATM(HomePage.java:165)
	at com.payzing.testcase.HomePageScript_Game_Convert.testcase_14_ATM_Transfer_ZaloPay_Verify_display_transactionID(HomePageScript_Game_Convert.java:494)
	at sun.reflect.NativeMethodAccessorImpl.invoke0(Native Method)
	at sun.reflect.NativeMethodAccessorImpl.invoke(NativeMethodAccessorImpl.java:62)
	at sun.reflect.DelegatingMethodAccessorImpl.invoke(DelegatingMethodAccessorImpl.java:43)
	at java.lang.reflect.Method.invoke(Method.java:498)
	at org.testng.internal.MethodInvocationHelper.invokeMethod(MethodInvocationHelper.java:80)
	at org.testng.internal.Invoker.invokeMethod(Invoker.java:714)
	at org.testng.internal.Invoker.invokeTestMethod(Invoker.java:901)
	at org.testng.internal.Invoker.invokeTestMethods(Invoker.java:1231)
	at org.testng.internal.TestMethodWorker.invokeTestMethods(TestMethodWorker.java:127)
	at org.testng.internal.TestMethodWorker.run(TestMethodWorker.java:111)
	at org.testng.TestRunner.privateRun(TestRunner.java:767)
	at org.testng.TestRunner.run(TestRunner.java:617)
	at org.testng.SuiteRunner.runTest(SuiteRunner.java:334)
	at org.testng.SuiteRunner.access$000(SuiteRunner.java:37)
	at org.testng.SuiteRunner$SuiteWorker.run(SuiteRunner.java:368)
	at org.testng.internal.thread.ThreadUtil$2.call(ThreadUtil.java:64)
	at java.util.concurrent.FutureTask.run(FutureTask.java:266)
	at java.util.concurrent.ThreadPoolExecutor.runWorker(ThreadPoolExecutor.java:1149)
	at java.util.concurrent.ThreadPoolExecutor$Worker.run(ThreadPoolExecutor.java:624)
	at java.lang.Thread.run(Thread.java:748)
Caused by: org.openqa.selenium.NoSuchElementException: Cannot locate an element using By.xpath: //h4[@id='txtpaymentMethodbank']
For documentation on this error, please visit: http://seleniumhq.org/exceptions/no_such_element.html
Build info: version: '3.11.0', revision: 'e59cfb3', time: '2018-03-11T20:26:55.152Z'
System info: host: 'NHUTBM', ip: '192.168.56.1', os.name: 'Windows 10', os.arch: 'amd64', os.version: '10.0', java.version: '1.8.0_181'
Driver info: driver.version: unknown
	at org.openqa.selenium.support.ui.ExpectedConditions.lambda$findElement$0(ExpectedConditions.java:896)
	at java.util.Optional.orElseThrow(Optional.java:290)
	at org.openqa.selenium.support.ui.ExpectedConditions.findElement(ExpectedConditions.java:895)
	at org.openqa.selenium.support.ui.ExpectedConditions.access$000(ExpectedConditions.java:44)
	at org.openqa.selenium.support.ui.ExpectedConditions$7.apply(ExpectedConditions.java:206)
	at org.openqa.selenium.support.ui.ExpectedConditions$7.apply(ExpectedConditions.java:202)
	at org.openqa.selenium.support.ui.FluentWait.until(FluentWait.java:248)
	... 23 more
]]>
            </full-stacktrace>
          </exception> <!-- org.openqa.selenium.TimeoutException -->
          <reporter-output>
          </reporter-output>
        </test-method> <!-- testcase_14_ATM_Transfer_ZaloPay_Verify_display_transactionID -->
        <test-method status="PASS" signature="afterMethod(org.testng.ITestResult)[pri:0, instance:com.payzing.testcase.HomePageScript_Game_Convert@ae45eb6]" name="afterMethod" is-config="true" duration-ms="0" started-at="2019-06-17T09:08:07Z" finished-at="2019-06-17T09:08:07Z">
          <params>
            <param index="0">
              <value>
                <![CDATA[[TestResult name=testcase_14_ATM_Transfer_ZaloPay_Verify_display_transactionID status=FAILURE method=HomePageScript_Game_Convert.testcase_14_ATM_Transfer_ZaloPay_Verify_display_transactionID()[pri:0, instance:com.payzing.testcase.HomePageScript_Game_Convert@ae45eb6] output={null}]]]>
              </value>
            </param>
          </params>
          <reporter-output>
          </reporter-output>
        </test-method> <!-- afterMethod -->
        <test-method status="FAIL" signature="testcase_15_Credit_Card_Verify_message_when_delete_price()[pri:0, instance:com.payzing.testcase.HomePageScript_Game_Convert@ae45eb6]" name="testcase_15_Credit_Card_Verify_message_when_delete_price" duration-ms="100408" started-at="2019-06-17T09:08:07Z" finished-at="2019-06-17T09:09:48Z">
          <exception class="org.openqa.selenium.TimeoutException">
            <message>
              <![CDATA[Expected condition failed: waiting for visibility of element located by By.xpath: //h4[@id='txtpaymentMethodcredit'] (tried for 100 second(s) with 500 milliseconds interval)]]>
            </message>
            <full-stacktrace>
              <![CDATA[org.openqa.selenium.TimeoutException: Expected condition failed: waiting for visibility of element located by By.xpath: //h4[@id='txtpaymentMethodcredit'] (tried for 100 second(s) with 500 milliseconds interval)
	at org.openqa.selenium.support.ui.WebDriverWait.timeoutException(WebDriverWait.java:81)
	at org.openqa.selenium.support.ui.FluentWait.until(FluentWait.java:271)
	at CommonPage.commonFunction.waitVisible(commonFunction.java:307)
	at com.payzing.actions.HomePage.clickPhuongThuc_CreditCard(HomePage.java:341)
	at com.payzing.testcase.HomePageScript_Game_Convert.testcase_15_Credit_Card_Verify_message_when_delete_price(HomePageScript_Game_Convert.java:571)
	at sun.reflect.NativeMethodAccessorImpl.invoke0(Native Method)
	at sun.reflect.NativeMethodAccessorImpl.invoke(NativeMethodAccessorImpl.java:62)
	at sun.reflect.DelegatingMethodAccessorImpl.invoke(DelegatingMethodAccessorImpl.java:43)
	at java.lang.reflect.Method.invoke(Method.java:498)
	at org.testng.internal.MethodInvocationHelper.invokeMethod(MethodInvocationHelper.java:80)
	at org.testng.internal.Invoker.invokeMethod(Invoker.java:714)
	at org.testng.internal.Invoker.invokeTestMethod(Invoker.java:901)
	at org.testng.internal.Invoker.invokeTestMethods(Invoker.java:1231)
	at org.testng.internal.TestMethodWorker.invokeTestMethods(TestMethodWorker.java:127)
	at org.testng.internal.TestMethodWorker.run(TestMethodWorker.java:111)
	at org.testng.TestRunner.privateRun(TestRunner.java:767)
	at org.testng.TestRunner.run(TestRunner.java:617)
	at org.testng.SuiteRunner.runTest(SuiteRunner.java:334)
	at org.testng.SuiteRunner.access$000(SuiteRunner.java:37)
	at org.testng.SuiteRunner$SuiteWorker.run(SuiteRunner.java:368)
	at org.testng.internal.thread.ThreadUtil$2.call(ThreadUtil.java:64)
	at java.util.concurrent.FutureTask.run(FutureTask.java:266)
	at java.util.concurrent.ThreadPoolExecutor.runWorker(ThreadPoolExecutor.java:1149)
	at java.util.concurrent.ThreadPoolExecutor$Worker.run(ThreadPoolExecutor.java:624)
	at java.lang.Thread.run(Thread.java:748)
Caused by: org.openqa.selenium.NoSuchElementException: Cannot locate an element using By.xpath: //h4[@id='txtpaymentMethodcredit']
For documentation on this error, please visit: http://seleniumhq.org/exceptions/no_such_element.html
Build info: version: '3.11.0', revision: 'e59cfb3', time: '2018-03-11T20:26:55.152Z'
System info: host: 'NHUTBM', ip: '192.168.56.1', os.name: 'Windows 10', os.arch: 'amd64', os.version: '10.0', java.version: '1.8.0_181'
Driver info: driver.version: unknown
	at org.openqa.selenium.support.ui.ExpectedConditions.lambda$findElement$0(ExpectedConditions.java:896)
	at java.util.Optional.orElseThrow(Optional.java:290)
	at org.openqa.selenium.support.ui.ExpectedConditions.findElement(ExpectedConditions.java:895)
	at org.openqa.selenium.support.ui.ExpectedConditions.access$000(ExpectedConditions.java:44)
	at org.openqa.selenium.support.ui.ExpectedConditions$7.apply(ExpectedConditions.java:206)
	at org.openqa.selenium.support.ui.ExpectedConditions$7.apply(ExpectedConditions.java:202)
	at org.openqa.selenium.support.ui.FluentWait.until(FluentWait.java:248)
	... 23 more
]]>
            </full-stacktrace>
          </exception> <!-- org.openqa.selenium.TimeoutException -->
          <reporter-output>
          </reporter-output>
        </test-method> <!-- testcase_15_Credit_Card_Verify_message_when_delete_price -->
        <test-method status="PASS" signature="afterMethod(org.testng.ITestResult)[pri:0, instance:com.payzing.testcase.HomePageScript_Game_Convert@ae45eb6]" name="afterMethod" is-config="true" duration-ms="1" started-at="2019-06-17T09:09:48Z" finished-at="2019-06-17T09:09:48Z">
          <params>
            <param index="0">
              <value>
                <![CDATA[[TestResult name=testcase_15_Credit_Card_Verify_message_when_delete_price status=FAILURE method=HomePageScript_Game_Convert.testcase_15_Credit_Card_Verify_message_when_delete_price()[pri:0, instance:com.payzing.testcase.HomePageScript_Game_Convert@ae45eb6] output={null}]]]>
              </value>
            </param>
          </params>
          <reporter-output>
          </reporter-output>
        </test-method> <!-- afterMethod -->
        <test-method status="FAIL" signature="testcase_16_Credit_Card_Verify_message_when_input_invalid_price()[pri:0, instance:com.payzing.testcase.HomePageScript_Game_Convert@ae45eb6]" name="testcase_16_Credit_Card_Verify_message_when_input_invalid_price" duration-ms="102396" started-at="2019-06-17T09:09:48Z" finished-at="2019-06-17T09:11:30Z">
          <exception class="org.openqa.selenium.TimeoutException">
            <message>
              <![CDATA[Expected condition failed: waiting for visibility of element located by By.xpath: //input[@id='txtAmountDynamicInputcredit'] (tried for 100 second(s) with 500 milliseconds interval)]]>
            </message>
            <full-stacktrace>
              <![CDATA[org.openqa.selenium.TimeoutException: Expected condition failed: waiting for visibility of element located by By.xpath: //input[@id='txtAmountDynamicInputcredit'] (tried for 100 second(s) with 500 milliseconds interval)
	at org.openqa.selenium.support.ui.WebDriverWait.timeoutException(WebDriverWait.java:81)
	at org.openqa.selenium.support.ui.FluentWait.until(FluentWait.java:271)
	at CommonPage.commonFunction.waitVisible(commonFunction.java:307)
	at com.payzing.actions.HomePage.inputSoTienThanhToan_TXT_CreditCard(HomePage.java:353)
	at com.payzing.testcase.HomePageScript_Game_Convert.testcase_16_Credit_Card_Verify_message_when_input_invalid_price(HomePageScript_Game_Convert.java:585)
	at sun.reflect.NativeMethodAccessorImpl.invoke0(Native Method)
	at sun.reflect.NativeMethodAccessorImpl.invoke(NativeMethodAccessorImpl.java:62)
	at sun.reflect.DelegatingMethodAccessorImpl.invoke(DelegatingMethodAccessorImpl.java:43)
	at java.lang.reflect.Method.invoke(Method.java:498)
	at org.testng.internal.MethodInvocationHelper.invokeMethod(MethodInvocationHelper.java:80)
	at org.testng.internal.Invoker.invokeMethod(Invoker.java:714)
	at org.testng.internal.Invoker.invokeTestMethod(Invoker.java:901)
	at org.testng.internal.Invoker.invokeTestMethods(Invoker.java:1231)
	at org.testng.internal.TestMethodWorker.invokeTestMethods(TestMethodWorker.java:127)
	at org.testng.internal.TestMethodWorker.run(TestMethodWorker.java:111)
	at org.testng.TestRunner.privateRun(TestRunner.java:767)
	at org.testng.TestRunner.run(TestRunner.java:617)
	at org.testng.SuiteRunner.runTest(SuiteRunner.java:334)
	at org.testng.SuiteRunner.access$000(SuiteRunner.java:37)
	at org.testng.SuiteRunner$SuiteWorker.run(SuiteRunner.java:368)
	at org.testng.internal.thread.ThreadUtil$2.call(ThreadUtil.java:64)
	at java.util.concurrent.FutureTask.run(FutureTask.java:266)
	at java.util.concurrent.ThreadPoolExecutor.runWorker(ThreadPoolExecutor.java:1149)
	at java.util.concurrent.ThreadPoolExecutor$Worker.run(ThreadPoolExecutor.java:624)
	at java.lang.Thread.run(Thread.java:748)
Caused by: org.openqa.selenium.NoSuchElementException: Cannot locate an element using By.xpath: //input[@id='txtAmountDynamicInputcredit']
For documentation on this error, please visit: http://seleniumhq.org/exceptions/no_such_element.html
Build info: version: '3.11.0', revision: 'e59cfb3', time: '2018-03-11T20:26:55.152Z'
System info: host: 'NHUTBM', ip: '192.168.56.1', os.name: 'Windows 10', os.arch: 'amd64', os.version: '10.0', java.version: '1.8.0_181'
Driver info: driver.version: unknown
	at org.openqa.selenium.support.ui.ExpectedConditions.lambda$findElement$0(ExpectedConditions.java:896)
	at java.util.Optional.orElseThrow(Optional.java:290)
	at org.openqa.selenium.support.ui.ExpectedConditions.findElement(ExpectedConditions.java:895)
	at org.openqa.selenium.support.ui.ExpectedConditions.access$000(ExpectedConditions.java:44)
	at org.openqa.selenium.support.ui.ExpectedConditions$7.apply(ExpectedConditions.java:206)
	at org.openqa.selenium.support.ui.ExpectedConditions$7.apply(ExpectedConditions.java:202)
	at org.openqa.selenium.support.ui.FluentWait.until(FluentWait.java:248)
	... 23 more
]]>
            </full-stacktrace>
          </exception> <!-- org.openqa.selenium.TimeoutException -->
          <reporter-output>
          </reporter-output>
        </test-method> <!-- testcase_16_Credit_Card_Verify_message_when_input_invalid_price -->
        <test-method status="PASS" signature="afterMethod(org.testng.ITestResult)[pri:0, instance:com.payzing.testcase.HomePageScript_Game_Convert@ae45eb6]" name="afterMethod" is-config="true" duration-ms="1" started-at="2019-06-17T09:11:30Z" finished-at="2019-06-17T09:11:30Z">
          <params>
            <param index="0">
              <value>
                <![CDATA[[TestResult name=testcase_16_Credit_Card_Verify_message_when_input_invalid_price status=FAILURE method=HomePageScript_Game_Convert.testcase_16_Credit_Card_Verify_message_when_input_invalid_price()[pri:0, instance:com.payzing.testcase.HomePageScript_Game_Convert@ae45eb6] output={null}]]]>
              </value>
            </param>
          </params>
          <reporter-output>
          </reporter-output>
        </test-method> <!-- afterMethod -->
        <test-method status="FAIL" signature="testcase_17_Credit_Card()[pri:0, instance:com.payzing.testcase.HomePageScript_Game_Convert@ae45eb6]" name="testcase_17_Credit_Card" duration-ms="100369" started-at="2019-06-17T09:11:30Z" finished-at="2019-06-17T09:13:11Z">
          <exception class="org.openqa.selenium.TimeoutException">
            <message>
              <![CDATA[Expected condition failed: waiting for visibility of element located by By.xpath: //input[@id='txtAmountDynamicInputcredit'] (tried for 100 second(s) with 500 milliseconds interval)]]>
            </message>
            <full-stacktrace>
              <![CDATA[org.openqa.selenium.TimeoutException: Expected condition failed: waiting for visibility of element located by By.xpath: //input[@id='txtAmountDynamicInputcredit'] (tried for 100 second(s) with 500 milliseconds interval)
	at org.openqa.selenium.support.ui.WebDriverWait.timeoutException(WebDriverWait.java:81)
	at org.openqa.selenium.support.ui.FluentWait.until(FluentWait.java:271)
	at CommonPage.commonFunction.waitVisible(commonFunction.java:307)
	at com.payzing.actions.HomePage.clearSoTienThanhToan_TXT_CreditCard(HomePage.java:359)
	at com.payzing.testcase.HomePageScript_Game_Convert.testcase_17_Credit_Card(HomePageScript_Game_Convert.java:628)
	at sun.reflect.NativeMethodAccessorImpl.invoke0(Native Method)
	at sun.reflect.NativeMethodAccessorImpl.invoke(NativeMethodAccessorImpl.java:62)
	at sun.reflect.DelegatingMethodAccessorImpl.invoke(DelegatingMethodAccessorImpl.java:43)
	at java.lang.reflect.Method.invoke(Method.java:498)
	at org.testng.internal.MethodInvocationHelper.invokeMethod(MethodInvocationHelper.java:80)
	at org.testng.internal.Invoker.invokeMethod(Invoker.java:714)
	at org.testng.internal.Invoker.invokeTestMethod(Invoker.java:901)
	at org.testng.internal.Invoker.invokeTestMethods(Invoker.java:1231)
	at org.testng.internal.TestMethodWorker.invokeTestMethods(TestMethodWorker.java:127)
	at org.testng.internal.TestMethodWorker.run(TestMethodWorker.java:111)
	at org.testng.TestRunner.privateRun(TestRunner.java:767)
	at org.testng.TestRunner.run(TestRunner.java:617)
	at org.testng.SuiteRunner.runTest(SuiteRunner.java:334)
	at org.testng.SuiteRunner.access$000(SuiteRunner.java:37)
	at org.testng.SuiteRunner$SuiteWorker.run(SuiteRunner.java:368)
	at org.testng.internal.thread.ThreadUtil$2.call(ThreadUtil.java:64)
	at java.util.concurrent.FutureTask.run(FutureTask.java:266)
	at java.util.concurrent.ThreadPoolExecutor.runWorker(ThreadPoolExecutor.java:1149)
	at java.util.concurrent.ThreadPoolExecutor$Worker.run(ThreadPoolExecutor.java:624)
	at java.lang.Thread.run(Thread.java:748)
Caused by: org.openqa.selenium.NoSuchElementException: Cannot locate an element using By.xpath: //input[@id='txtAmountDynamicInputcredit']
For documentation on this error, please visit: http://seleniumhq.org/exceptions/no_such_element.html
Build info: version: '3.11.0', revision: 'e59cfb3', time: '2018-03-11T20:26:55.152Z'
System info: host: 'NHUTBM', ip: '192.168.56.1', os.name: 'Windows 10', os.arch: 'amd64', os.version: '10.0', java.version: '1.8.0_181'
Driver info: driver.version: unknown
	at org.openqa.selenium.support.ui.ExpectedConditions.lambda$findElement$0(ExpectedConditions.java:896)
	at java.util.Optional.orElseThrow(Optional.java:290)
	at org.openqa.selenium.support.ui.ExpectedConditions.findElement(ExpectedConditions.java:895)
	at org.openqa.selenium.support.ui.ExpectedConditions.access$000(ExpectedConditions.java:44)
	at org.openqa.selenium.support.ui.ExpectedConditions$7.apply(ExpectedConditions.java:206)
	at org.openqa.selenium.support.ui.ExpectedConditions$7.apply(ExpectedConditions.java:202)
	at org.openqa.selenium.support.ui.FluentWait.until(FluentWait.java:248)
	... 23 more
]]>
            </full-stacktrace>
          </exception> <!-- org.openqa.selenium.TimeoutException -->
          <reporter-output>
          </reporter-output>
        </test-method> <!-- testcase_17_Credit_Card -->
        <test-method status="FAIL" signature="testcase_18_SMS()[pri:0, instance:com.payzing.testcase.HomePageScript_Game_Convert@ae45eb6]" name="testcase_18_SMS" duration-ms="100014" started-at="2019-06-17T09:13:11Z" finished-at="2019-06-17T09:14:51Z">
          <exception class="org.openqa.selenium.TimeoutException">
            <message>
              <![CDATA[Expected condition failed: waiting for visibility of element located by By.xpath: //h4[@id='txtpaymentMethodsms'] (tried for 100 second(s) with 500 milliseconds interval)]]>
            </message>
            <full-stacktrace>
              <![CDATA[org.openqa.selenium.TimeoutException: Expected condition failed: waiting for visibility of element located by By.xpath: //h4[@id='txtpaymentMethodsms'] (tried for 100 second(s) with 500 milliseconds interval)
	at org.openqa.selenium.support.ui.WebDriverWait.timeoutException(WebDriverWait.java:81)
	at org.openqa.selenium.support.ui.FluentWait.until(FluentWait.java:271)
	at CommonPage.commonFunction.waitVisible(commonFunction.java:307)
	at com.payzing.actions.HomePage.clickPhuongThuc_SMS_Game_Convert(HomePage.java:426)
	at com.payzing.testcase.HomePageScript_Game_Convert.testcase_18_SMS(HomePageScript_Game_Convert.java:674)
	at sun.reflect.NativeMethodAccessorImpl.invoke0(Native Method)
	at sun.reflect.NativeMethodAccessorImpl.invoke(NativeMethodAccessorImpl.java:62)
	at sun.reflect.DelegatingMethodAccessorImpl.invoke(DelegatingMethodAccessorImpl.java:43)
	at java.lang.reflect.Method.invoke(Method.java:498)
	at org.testng.internal.MethodInvocationHelper.invokeMethod(MethodInvocationHelper.java:80)
	at org.testng.internal.Invoker.invokeMethod(Invoker.java:714)
	at org.testng.internal.Invoker.invokeTestMethod(Invoker.java:901)
	at org.testng.internal.Invoker.invokeTestMethods(Invoker.java:1231)
	at org.testng.internal.TestMethodWorker.invokeTestMethods(TestMethodWorker.java:127)
	at org.testng.internal.TestMethodWorker.run(TestMethodWorker.java:111)
	at org.testng.TestRunner.privateRun(TestRunner.java:767)
	at org.testng.TestRunner.run(TestRunner.java:617)
	at org.testng.SuiteRunner.runTest(SuiteRunner.java:334)
	at org.testng.SuiteRunner.access$000(SuiteRunner.java:37)
	at org.testng.SuiteRunner$SuiteWorker.run(SuiteRunner.java:368)
	at org.testng.internal.thread.ThreadUtil$2.call(ThreadUtil.java:64)
	at java.util.concurrent.FutureTask.run(FutureTask.java:266)
	at java.util.concurrent.ThreadPoolExecutor.runWorker(ThreadPoolExecutor.java:1149)
	at java.util.concurrent.ThreadPoolExecutor$Worker.run(ThreadPoolExecutor.java:624)
	at java.lang.Thread.run(Thread.java:748)
Caused by: org.openqa.selenium.NoSuchElementException: Cannot locate an element using By.xpath: //h4[@id='txtpaymentMethodsms']
For documentation on this error, please visit: http://seleniumhq.org/exceptions/no_such_element.html
Build info: version: '3.11.0', revision: 'e59cfb3', time: '2018-03-11T20:26:55.152Z'
System info: host: 'NHUTBM', ip: '192.168.56.1', os.name: 'Windows 10', os.arch: 'amd64', os.version: '10.0', java.version: '1.8.0_181'
Driver info: driver.version: unknown
	at org.openqa.selenium.support.ui.ExpectedConditions.lambda$findElement$0(ExpectedConditions.java:896)
	at java.util.Optional.orElseThrow(Optional.java:290)
	at org.openqa.selenium.support.ui.ExpectedConditions.findElement(ExpectedConditions.java:895)
	at org.openqa.selenium.support.ui.ExpectedConditions.access$000(ExpectedConditions.java:44)
	at org.openqa.selenium.support.ui.ExpectedConditions$7.apply(ExpectedConditions.java:206)
	at org.openqa.selenium.support.ui.ExpectedConditions$7.apply(ExpectedConditions.java:202)
	at org.openqa.selenium.support.ui.FluentWait.until(FluentWait.java:248)
	... 23 more
]]>
            </full-stacktrace>
          </exception> <!-- org.openqa.selenium.TimeoutException -->
          <reporter-output>
          </reporter-output>
        </test-method> <!-- testcase_18_SMS -->
        <test-method status="PASS" signature="afterMethod(org.testng.ITestResult)[pri:0, instance:com.payzing.testcase.HomePageScript_Game_Convert@ae45eb6]" name="afterMethod" is-config="true" duration-ms="0" started-at="2019-06-17T09:13:11Z" finished-at="2019-06-17T09:13:11Z">
          <params>
            <param index="0">
              <value>
                <![CDATA[[TestResult name=testcase_17_Credit_Card status=FAILURE method=HomePageScript_Game_Convert.testcase_17_Credit_Card()[pri:0, instance:com.payzing.testcase.HomePageScript_Game_Convert@ae45eb6] output={null}]]]>
              </value>
            </param>
          </params>
          <reporter-output>
          </reporter-output>
        </test-method> <!-- afterMethod -->
        <test-method status="PASS" signature="afterMethod(org.testng.ITestResult)[pri:0, instance:com.payzing.testcase.HomePageScript_Game_Convert@ae45eb6]" name="afterMethod" is-config="true" duration-ms="0" started-at="2019-06-17T09:14:51Z" finished-at="2019-06-17T09:14:51Z">
          <params>
            <param index="0">
              <value>
                <![CDATA[[TestResult name=testcase_18_SMS status=FAILURE method=HomePageScript_Game_Convert.testcase_18_SMS()[pri:0, instance:com.payzing.testcase.HomePageScript_Game_Convert@ae45eb6] output={null}]]]>
              </value>
            </param>
          </params>
          <reporter-output>
          </reporter-output>
        </test-method> <!-- afterMethod -->
        <test-method status="PASS" signature="afterClass()[pri:0, instance:com.payzing.testcase.HomePageScript_Game_Convert@ae45eb6]" name="afterClass" is-config="true" duration-ms="71" started-at="2019-06-17T09:14:51Z" finished-at="2019-06-17T09:14:51Z">
          <reporter-output>
          </reporter-output>
        </test-method> <!-- afterClass -->
      </class> <!-- com.payzing.testcase.HomePageScript_Game_Convert -->
      <class name="com.payzing.testcase.HomePageScript">
        <test-method status="PASS" signature="beforeClass(java.lang.String, java.lang.String, java.lang.String)[pri:0, instance:com.payzing.testcase.HomePageScript@27efef64]" name="beforeClass" is-config="true" duration-ms="20561" started-at="2019-06-17T08:53:12Z" finished-at="2019-06-17T08:53:33Z">
          <params>
            <param index="0">
              <value>
                <![CDATA[chrome]]>
              </value>
            </param>
            <param index="1">
              <value>
                <![CDATA[74.0.3729.6]]>
              </value>
            </param>
            <param index="2">
              <value>
                <![CDATA[https://pay.zing.vn]]>
              </value>
            </param>
          </params>
          <reporter-output>
          </reporter-output>
        </test-method> <!-- beforeClass -->
        <test-method status="PASS" signature="beforeMethod()[pri:0, instance:com.payzing.testcase.HomePageScript@27efef64]" name="beforeMethod" is-config="true" duration-ms="4268" started-at="2019-06-17T08:53:33Z" finished-at="2019-06-17T08:53:37Z">
          <reporter-output>
          </reporter-output>
        </test-method> <!-- beforeMethod -->
        <test-method status="PASS" signature="testcase_01_ZaloPay_Verify_display_QR_code()[pri:0, instance:com.payzing.testcase.HomePageScript@27efef64]" name="testcase_01_ZaloPay_Verify_display_QR_code" duration-ms="2344" started-at="2019-06-17T08:53:37Z" finished-at="2019-06-17T08:53:40Z">
          <reporter-output>
          </reporter-output>
        </test-method> <!-- testcase_01_ZaloPay_Verify_display_QR_code -->
        <test-method status="PASS" signature="afterMethod(org.testng.ITestResult)[pri:0, instance:com.payzing.testcase.HomePageScript@27efef64]" name="afterMethod" is-config="true" duration-ms="1" started-at="2019-06-17T08:53:40Z" finished-at="2019-06-17T08:53:40Z">
          <params>
            <param index="0">
              <value>
                <![CDATA[[TestResult name=testcase_01_ZaloPay_Verify_display_QR_code status=SUCCESS method=HomePageScript.testcase_01_ZaloPay_Verify_display_QR_code()[pri:0, instance:com.payzing.testcase.HomePageScript@27efef64] output={null}]]]>
              </value>
            </param>
          </params>
          <reporter-output>
          </reporter-output>
        </test-method> <!-- afterMethod -->
        <test-method status="PASS" signature="beforeMethod()[pri:0, instance:com.payzing.testcase.HomePageScript@27efef64]" name="beforeMethod" is-config="true" duration-ms="4309" started-at="2019-06-17T08:53:40Z" finished-at="2019-06-17T08:53:44Z">
          <reporter-output>
          </reporter-output>
        </test-method> <!-- beforeMethod -->
        <test-method status="PASS" signature="testcase_02_ZingCard_Verify_display_form_input_information_card()[pri:0, instance:com.payzing.testcase.HomePageScript@27efef64]" name="testcase_02_ZingCard_Verify_display_form_input_information_card" duration-ms="100" started-at="2019-06-17T08:53:44Z" finished-at="2019-06-17T08:53:44Z">
          <reporter-output>
          </reporter-output>
        </test-method> <!-- testcase_02_ZingCard_Verify_display_form_input_information_card -->
        <test-method status="PASS" signature="afterMethod(org.testng.ITestResult)[pri:0, instance:com.payzing.testcase.HomePageScript@27efef64]" name="afterMethod" is-config="true" duration-ms="1" started-at="2019-06-17T08:53:44Z" finished-at="2019-06-17T08:53:44Z">
          <params>
            <param index="0">
              <value>
                <![CDATA[[TestResult name=testcase_02_ZingCard_Verify_display_form_input_information_card status=SUCCESS method=HomePageScript.testcase_02_ZingCard_Verify_display_form_input_information_card()[pri:0, instance:com.payzing.testcase.HomePageScript@27efef64] output={null}]]]>
              </value>
            </param>
          </params>
          <reporter-output>
          </reporter-output>
        </test-method> <!-- afterMethod -->
        <test-method status="PASS" signature="beforeMethod()[pri:0, instance:com.payzing.testcase.HomePageScript@27efef64]" name="beforeMethod" is-config="true" duration-ms="4252" started-at="2019-06-17T08:53:44Z" finished-at="2019-06-17T08:53:48Z">
          <reporter-output>
          </reporter-output>
        </test-method> <!-- beforeMethod -->
        <test-method status="PASS" signature="testcase_03_ZingCard_Verify_display_message_when_dont_input_Seri_and_Pin_card()[pri:0, instance:com.payzing.testcase.HomePageScript@27efef64]" name="testcase_03_ZingCard_Verify_display_message_when_dont_input_Seri_and_Pin_card" duration-ms="814" started-at="2019-06-17T08:53:48Z" finished-at="2019-06-17T08:53:49Z">
          <reporter-output>
          </reporter-output>
        </test-method> <!-- testcase_03_ZingCard_Verify_display_message_when_dont_input_Seri_and_Pin_card -->
        <test-method status="PASS" signature="beforeMethod()[pri:0, instance:com.payzing.testcase.HomePageScript@27efef64]" name="beforeMethod" is-config="true" duration-ms="4262" started-at="2019-06-17T08:53:49Z" finished-at="2019-06-17T08:53:53Z">
          <reporter-output>
          </reporter-output>
        </test-method> <!-- beforeMethod -->
        <test-method status="PASS" signature="afterMethod(org.testng.ITestResult)[pri:0, instance:com.payzing.testcase.HomePageScript@27efef64]" name="afterMethod" is-config="true" duration-ms="0" started-at="2019-06-17T08:53:49Z" finished-at="2019-06-17T08:53:49Z">
          <params>
            <param index="0">
              <value>
                <![CDATA[[TestResult name=testcase_03_ZingCard_Verify_display_message_when_dont_input_Seri_and_Pin_card status=SUCCESS method=HomePageScript.testcase_03_ZingCard_Verify_display_message_when_dont_input_Seri_and_Pin_card()[pri:0, instance:com.payzing.testcase.HomePageScript@27efef64] output={null}]]]>
              </value>
            </param>
          </params>
          <reporter-output>
          </reporter-output>
        </test-method> <!-- afterMethod -->
        <test-method status="PASS" signature="testcase_04_ZingCard_Verify_display_message_when_only_input_Seri()[pri:0, instance:com.payzing.testcase.HomePageScript@27efef64]" name="testcase_04_ZingCard_Verify_display_message_when_only_input_Seri" duration-ms="2422" started-at="2019-06-17T08:53:53Z" finished-at="2019-06-17T08:53:56Z">
          <reporter-output>
          </reporter-output>
        </test-method> <!-- testcase_04_ZingCard_Verify_display_message_when_only_input_Seri -->
        <test-method status="PASS" signature="afterMethod(org.testng.ITestResult)[pri:0, instance:com.payzing.testcase.HomePageScript@27efef64]" name="afterMethod" is-config="true" duration-ms="0" started-at="2019-06-17T08:53:56Z" finished-at="2019-06-17T08:53:56Z">
          <params>
            <param index="0">
              <value>
                <![CDATA[[TestResult name=testcase_04_ZingCard_Verify_display_message_when_only_input_Seri status=SUCCESS method=HomePageScript.testcase_04_ZingCard_Verify_display_message_when_only_input_Seri()[pri:0, instance:com.payzing.testcase.HomePageScript@27efef64] output={null}]]]>
              </value>
            </param>
          </params>
          <reporter-output>
          </reporter-output>
        </test-method> <!-- afterMethod -->
        <test-method status="PASS" signature="beforeMethod()[pri:0, instance:com.payzing.testcase.HomePageScript@27efef64]" name="beforeMethod" is-config="true" duration-ms="4279" started-at="2019-06-17T08:53:56Z" finished-at="2019-06-17T08:54:00Z">
          <reporter-output>
          </reporter-output>
        </test-method> <!-- beforeMethod -->
        <test-method status="PASS" signature="testcase_05_ZingCard_Verify_display_message_when_only_input_Pin()[pri:0, instance:com.payzing.testcase.HomePageScript@27efef64]" name="testcase_05_ZingCard_Verify_display_message_when_only_input_Pin" duration-ms="2388" started-at="2019-06-17T08:54:00Z" finished-at="2019-06-17T08:54:02Z">
          <reporter-output>
          </reporter-output>
        </test-method> <!-- testcase_05_ZingCard_Verify_display_message_when_only_input_Pin -->
        <test-method status="PASS" signature="afterMethod(org.testng.ITestResult)[pri:0, instance:com.payzing.testcase.HomePageScript@27efef64]" name="afterMethod" is-config="true" duration-ms="0" started-at="2019-06-17T08:54:02Z" finished-at="2019-06-17T08:54:02Z">
          <params>
            <param index="0">
              <value>
                <![CDATA[[TestResult name=testcase_05_ZingCard_Verify_display_message_when_only_input_Pin status=SUCCESS method=HomePageScript.testcase_05_ZingCard_Verify_display_message_when_only_input_Pin()[pri:0, instance:com.payzing.testcase.HomePageScript@27efef64] output={null}]]]>
              </value>
            </param>
          </params>
          <reporter-output>
          </reporter-output>
        </test-method> <!-- afterMethod -->
        <test-method status="PASS" signature="beforeMethod()[pri:0, instance:com.payzing.testcase.HomePageScript@27efef64]" name="beforeMethod" is-config="true" duration-ms="4240" started-at="2019-06-17T08:54:02Z" finished-at="2019-06-17T08:54:07Z">
          <reporter-output>
          </reporter-output>
        </test-method> <!-- beforeMethod -->
        <test-method status="PASS" signature="testcase_06_ZingCard_Verify_display_message_when_input_card_invalid()[pri:0, instance:com.payzing.testcase.HomePageScript@27efef64]" name="testcase_06_ZingCard_Verify_display_message_when_input_card_invalid" duration-ms="3398" started-at="2019-06-17T08:54:07Z" finished-at="2019-06-17T08:54:10Z">
          <reporter-output>
          </reporter-output>
        </test-method> <!-- testcase_06_ZingCard_Verify_display_message_when_input_card_invalid -->
        <test-method status="PASS" signature="beforeMethod()[pri:0, instance:com.payzing.testcase.HomePageScript@27efef64]" name="beforeMethod" is-config="true" duration-ms="4260" started-at="2019-06-17T08:54:10Z" finished-at="2019-06-17T08:54:14Z">
          <reporter-output>
          </reporter-output>
        </test-method> <!-- beforeMethod -->
        <test-method status="PASS" signature="afterMethod(org.testng.ITestResult)[pri:0, instance:com.payzing.testcase.HomePageScript@27efef64]" name="afterMethod" is-config="true" duration-ms="0" started-at="2019-06-17T08:54:10Z" finished-at="2019-06-17T08:54:10Z">
          <params>
            <param index="0">
              <value>
                <![CDATA[[TestResult name=testcase_06_ZingCard_Verify_display_message_when_input_card_invalid status=SUCCESS method=HomePageScript.testcase_06_ZingCard_Verify_display_message_when_input_card_invalid()[pri:0, instance:com.payzing.testcase.HomePageScript@27efef64] output={null}]]]>
              </value>
            </param>
          </params>
          <reporter-output>
          </reporter-output>
        </test-method> <!-- afterMethod -->
        <test-method status="FAIL" signature="testcase_07_ZingCard_Verify_display_message_when_input_card_had_used()[pri:0, instance:com.payzing.testcase.HomePageScript@27efef64]" name="testcase_07_ZingCard_Verify_display_message_when_input_card_had_used" duration-ms="3899" started-at="2019-06-17T08:54:14Z" finished-at="2019-06-17T08:54:18Z">
          <exception class="java.lang.AssertionError">
            <message>
              <![CDATA[expected [Th  c s dng, vui lng khng dng li nhiu ln!] but found [Th  c s dng, giao dch tht bi!]]]>
            </message>
            <full-stacktrace>
              <![CDATA[java.lang.AssertionError: expected [Th  c s dng, vui lng khng dng li nhiu ln!] but found [Th  c s dng, giao dch tht bi!]
	at org.testng.Assert.fail(Assert.java:94)
	at org.testng.Assert.failNotEquals(Assert.java:494)
	at org.testng.Assert.assertEquals(Assert.java:123)
	at org.testng.Assert.assertEquals(Assert.java:176)
	at org.testng.Assert.assertEquals(Assert.java:186)
	at CommonPage.CommonTestcase.verifyEqual(CommonTestcase.java:59)
	at com.payzing.testcase.HomePageScript.testcase_07_ZingCard_Verify_display_message_when_input_card_had_used(HomePageScript.java:290)
	at sun.reflect.NativeMethodAccessorImpl.invoke0(Native Method)
	at sun.reflect.NativeMethodAccessorImpl.invoke(NativeMethodAccessorImpl.java:62)
	at sun.reflect.DelegatingMethodAccessorImpl.invoke(DelegatingMethodAccessorImpl.java:43)
	at java.lang.reflect.Method.invoke(Method.java:498)
	at org.testng.internal.MethodInvocationHelper.invokeMethod(MethodInvocationHelper.java:80)
	at org.testng.internal.Invoker.invokeMethod(Invoker.java:714)
	at org.testng.internal.Invoker.invokeTestMethod(Invoker.java:901)
	at org.testng.internal.Invoker.invokeTestMethods(Invoker.java:1231)
	at org.testng.internal.TestMethodWorker.invokeTestMethods(TestMethodWorker.java:127)
	at org.testng.internal.TestMethodWorker.run(TestMethodWorker.java:111)
	at org.testng.TestRunner.privateRun(TestRunner.java:767)
	at org.testng.TestRunner.run(TestRunner.java:617)
	at org.testng.SuiteRunner.runTest(SuiteRunner.java:334)
	at org.testng.SuiteRunner.access$000(SuiteRunner.java:37)
	at org.testng.SuiteRunner$SuiteWorker.run(SuiteRunner.java:368)
	at org.testng.internal.thread.ThreadUtil$2.call(ThreadUtil.java:64)
	at java.util.concurrent.FutureTask.run(FutureTask.java:266)
	at java.util.concurrent.ThreadPoolExecutor.runWorker(ThreadPoolExecutor.java:1149)
	at java.util.concurrent.ThreadPoolExecutor$Worker.run(ThreadPoolExecutor.java:624)
	at java.lang.Thread.run(Thread.java:748)
]]>
            </full-stacktrace>
          </exception> <!-- java.lang.AssertionError -->
          <reporter-output>
          </reporter-output>
        </test-method> <!-- testcase_07_ZingCard_Verify_display_message_when_input_card_had_used -->
        <test-method status="PASS" signature="afterMethod(org.testng.ITestResult)[pri:0, instance:com.payzing.testcase.HomePageScript@27efef64]" name="afterMethod" is-config="true" duration-ms="0" started-at="2019-06-17T08:54:18Z" finished-at="2019-06-17T08:54:18Z">
          <params>
            <param index="0">
              <value>
                <![CDATA[[TestResult name=testcase_07_ZingCard_Verify_display_message_when_input_card_had_used status=FAILURE method=HomePageScript.testcase_07_ZingCard_Verify_display_message_when_input_card_had_used()[pri:0, instance:com.payzing.testcase.HomePageScript@27efef64] output={null}]]]>
              </value>
            </param>
          </params>
          <reporter-output>
          </reporter-output>
        </test-method> <!-- afterMethod -->
        <test-method status="PASS" signature="beforeMethod()[pri:0, instance:com.payzing.testcase.HomePageScript@27efef64]" name="beforeMethod" is-config="true" duration-ms="4255" started-at="2019-06-17T08:54:18Z" finished-at="2019-06-17T08:54:22Z">
          <reporter-output>
          </reporter-output>
        </test-method> <!-- beforeMethod -->
        <test-method status="PASS" signature="testcase_08_ATM_Transfer_Napas()[pri:0, instance:com.payzing.testcase.HomePageScript@27efef64]" name="testcase_08_ATM_Transfer_Napas" duration-ms="6818" started-at="2019-06-17T08:54:22Z" finished-at="2019-06-17T08:54:29Z">
          <reporter-output>
          </reporter-output>
        </test-method> <!-- testcase_08_ATM_Transfer_Napas -->
        <test-method status="PASS" signature="afterMethod(org.testng.ITestResult)[pri:0, instance:com.payzing.testcase.HomePageScript@27efef64]" name="afterMethod" is-config="true" duration-ms="1" started-at="2019-06-17T08:54:29Z" finished-at="2019-06-17T08:54:29Z">
          <params>
            <param index="0">
              <value>
                <![CDATA[[TestResult name=testcase_08_ATM_Transfer_Napas status=SUCCESS method=HomePageScript.testcase_08_ATM_Transfer_Napas()[pri:0, instance:com.payzing.testcase.HomePageScript@27efef64] output={null}]]]>
              </value>
            </param>
          </params>
          <reporter-output>
          </reporter-output>
        </test-method> <!-- afterMethod -->
        <test-method status="PASS" signature="beforeMethod()[pri:0, instance:com.payzing.testcase.HomePageScript@27efef64]" name="beforeMethod" is-config="true" duration-ms="4761" started-at="2019-06-17T08:54:29Z" finished-at="2019-06-17T08:54:34Z">
          <reporter-output>
          </reporter-output>
        </test-method> <!-- beforeMethod -->
        <test-method status="PASS" signature="testcase_09_ATM_Transfer_Napas_Verify_display_message_when_dont_input_information_card()[pri:0, instance:com.payzing.testcase.HomePageScript@27efef64]" name="testcase_09_ATM_Transfer_Napas_Verify_display_message_when_dont_input_information_card" duration-ms="7297" started-at="2019-06-17T08:54:34Z" finished-at="2019-06-17T08:54:41Z">
          <reporter-output>
          </reporter-output>
        </test-method> <!-- testcase_09_ATM_Transfer_Napas_Verify_display_message_when_dont_input_information_card -->
        <test-method status="PASS" signature="beforeMethod()[pri:0, instance:com.payzing.testcase.HomePageScript@27efef64]" name="beforeMethod" is-config="true" duration-ms="4893" started-at="2019-06-17T08:54:41Z" finished-at="2019-06-17T08:54:46Z">
          <reporter-output>
          </reporter-output>
        </test-method> <!-- beforeMethod -->
        <test-method status="PASS" signature="afterMethod(org.testng.ITestResult)[pri:0, instance:com.payzing.testcase.HomePageScript@27efef64]" name="afterMethod" is-config="true" duration-ms="0" started-at="2019-06-17T08:54:41Z" finished-at="2019-06-17T08:54:41Z">
          <params>
            <param index="0">
              <value>
                <![CDATA[[TestResult name=testcase_09_ATM_Transfer_Napas_Verify_display_message_when_dont_input_information_card status=SUCCESS method=HomePageScript.testcase_09_ATM_Transfer_Napas_Verify_display_message_when_dont_input_information_card()[pri:0, instance:com.payzing.testcase.HomePageScript@27efef64] output={null}]]]>
              </value>
            </param>
          </params>
          <reporter-output>
          </reporter-output>
        </test-method> <!-- afterMethod -->
        <test-method status="PASS" signature="testcase_10_ATM_Transfer_Napas()[pri:0, instance:com.payzing.testcase.HomePageScript@27efef64]" name="testcase_10_ATM_Transfer_Napas" duration-ms="24132" started-at="2019-06-17T08:54:46Z" finished-at="2019-06-17T08:55:10Z">
          <reporter-output>
          </reporter-output>
        </test-method> <!-- testcase_10_ATM_Transfer_Napas -->
        <test-method status="PASS" signature="beforeMethod()[pri:0, instance:com.payzing.testcase.HomePageScript@27efef64]" name="beforeMethod" is-config="true" duration-ms="4277" started-at="2019-06-17T08:55:10Z" finished-at="2019-06-17T08:55:15Z">
          <reporter-output>
          </reporter-output>
        </test-method> <!-- beforeMethod -->
        <test-method status="PASS" signature="afterMethod(org.testng.ITestResult)[pri:0, instance:com.payzing.testcase.HomePageScript@27efef64]" name="afterMethod" is-config="true" duration-ms="0" started-at="2019-06-17T08:55:10Z" finished-at="2019-06-17T08:55:10Z">
          <params>
            <param index="0">
              <value>
                <![CDATA[[TestResult name=testcase_10_ATM_Transfer_Napas status=SUCCESS method=HomePageScript.testcase_10_ATM_Transfer_Napas()[pri:0, instance:com.payzing.testcase.HomePageScript@27efef64] output={null}]]]>
              </value>
            </param>
          </params>
          <reporter-output>
          </reporter-output>
        </test-method> <!-- afterMethod -->
        <test-method status="FAIL" signature="testcase_11_ATM_Transfer_BANK_WEB()[pri:0, instance:com.payzing.testcase.HomePageScript@27efef64]" name="testcase_11_ATM_Transfer_BANK_WEB" duration-ms="108350" started-at="2019-06-17T08:55:15Z" finished-at="2019-06-17T08:57:03Z">
          <exception class="org.openqa.selenium.TimeoutException">
            <message>
              <![CDATA[Expected condition failed: waiting for visibility of element located by By.xpath: //a[contains(@class,'back')] (tried for 100 second(s) with 500 milliseconds interval)]]>
            </message>
            <full-stacktrace>
              <![CDATA[org.openqa.selenium.TimeoutException: Expected condition failed: waiting for visibility of element located by By.xpath: //a[contains(@class,'back')] (tried for 100 second(s) with 500 milliseconds interval)
	at org.openqa.selenium.support.ui.WebDriverWait.timeoutException(WebDriverWait.java:81)
	at org.openqa.selenium.support.ui.FluentWait.until(FluentWait.java:271)
	at CommonPage.commonFunction.waitVisible(commonFunction.java:307)
	at com.payzing.actions.HomePage.clickBank_Tranfers_ZALOPAY_Huy_Icon_PopUp_XacNhan_BTT_QuayVe_BTT(HomePage.java:334)
	at com.payzing.testcase.HomePageScript.testcase_11_ATM_Transfer_BANK_WEB(HomePageScript.java:405)
	at sun.reflect.NativeMethodAccessorImpl.invoke0(Native Method)
	at sun.reflect.NativeMethodAccessorImpl.invoke(NativeMethodAccessorImpl.java:62)
	at sun.reflect.DelegatingMethodAccessorImpl.invoke(DelegatingMethodAccessorImpl.java:43)
	at java.lang.reflect.Method.invoke(Method.java:498)
	at org.testng.internal.MethodInvocationHelper.invokeMethod(MethodInvocationHelper.java:80)
	at org.testng.internal.Invoker.invokeMethod(Invoker.java:714)
	at org.testng.internal.Invoker.invokeTestMethod(Invoker.java:901)
	at org.testng.internal.Invoker.invokeTestMethods(Invoker.java:1231)
	at org.testng.internal.TestMethodWorker.invokeTestMethods(TestMethodWorker.java:127)
	at org.testng.internal.TestMethodWorker.run(TestMethodWorker.java:111)
	at org.testng.TestRunner.privateRun(TestRunner.java:767)
	at org.testng.TestRunner.run(TestRunner.java:617)
	at org.testng.SuiteRunner.runTest(SuiteRunner.java:334)
	at org.testng.SuiteRunner.access$000(SuiteRunner.java:37)
	at org.testng.SuiteRunner$SuiteWorker.run(SuiteRunner.java:368)
	at org.testng.internal.thread.ThreadUtil$2.call(ThreadUtil.java:64)
	at java.util.concurrent.FutureTask.run(FutureTask.java:266)
	at java.util.concurrent.ThreadPoolExecutor.runWorker(ThreadPoolExecutor.java:1149)
	at java.util.concurrent.ThreadPoolExecutor$Worker.run(ThreadPoolExecutor.java:624)
	at java.lang.Thread.run(Thread.java:748)
Caused by: org.openqa.selenium.NoSuchElementException: Cannot locate an element using By.xpath: //a[contains(@class,'back')]
For documentation on this error, please visit: http://seleniumhq.org/exceptions/no_such_element.html
Build info: version: '3.11.0', revision: 'e59cfb3', time: '2018-03-11T20:26:55.152Z'
System info: host: 'NHUTBM', ip: '192.168.56.1', os.name: 'Windows 10', os.arch: 'amd64', os.version: '10.0', java.version: '1.8.0_181'
Driver info: driver.version: unknown
	at org.openqa.selenium.support.ui.ExpectedConditions.lambda$findElement$0(ExpectedConditions.java:896)
	at java.util.Optional.orElseThrow(Optional.java:290)
	at org.openqa.selenium.support.ui.ExpectedConditions.findElement(ExpectedConditions.java:895)
	at org.openqa.selenium.support.ui.ExpectedConditions.access$000(ExpectedConditions.java:44)
	at org.openqa.selenium.support.ui.ExpectedConditions$7.apply(ExpectedConditions.java:206)
	at org.openqa.selenium.support.ui.ExpectedConditions$7.apply(ExpectedConditions.java:202)
	at org.openqa.selenium.support.ui.FluentWait.until(FluentWait.java:248)
	... 23 more
]]>
            </full-stacktrace>
          </exception> <!-- org.openqa.selenium.TimeoutException -->
          <reporter-output>
          </reporter-output>
        </test-method> <!-- testcase_11_ATM_Transfer_BANK_WEB -->
        <test-method status="PASS" signature="afterMethod(org.testng.ITestResult)[pri:0, instance:com.payzing.testcase.HomePageScript@27efef64]" name="afterMethod" is-config="true" duration-ms="1" started-at="2019-06-17T08:57:03Z" finished-at="2019-06-17T08:57:03Z">
          <params>
            <param index="0">
              <value>
                <![CDATA[[TestResult name=testcase_11_ATM_Transfer_BANK_WEB status=FAILURE method=HomePageScript.testcase_11_ATM_Transfer_BANK_WEB()[pri:0, instance:com.payzing.testcase.HomePageScript@27efef64] output={null}]]]>
              </value>
            </param>
          </params>
          <reporter-output>
          </reporter-output>
        </test-method> <!-- afterMethod -->
        <test-method status="PASS" signature="beforeMethod()[pri:0, instance:com.payzing.testcase.HomePageScript@27efef64]" name="beforeMethod" is-config="true" duration-ms="4300" started-at="2019-06-17T08:57:03Z" finished-at="2019-06-17T08:57:07Z">
          <reporter-output>
          </reporter-output>
        </test-method> <!-- beforeMethod -->
        <test-method status="FAIL" signature="testcase_12_ATM_Transfer_ZaloPay_Verify_display_form_input_infor_card()[pri:0, instance:com.payzing.testcase.HomePageScript@27efef64]" name="testcase_12_ATM_Transfer_ZaloPay_Verify_display_form_input_infor_card" duration-ms="4902" started-at="2019-06-17T08:57:07Z" finished-at="2019-06-17T08:57:12Z">
          <exception class="org.openqa.selenium.ElementClickInterceptedException">
            <message>
              <![CDATA[element click intercepted: Element <span data-bind="text: gtCore.mess.ContinutePayment">...</span> is not clickable at point (767, 234). Other element would receive the click: <div id="preloader-background">...</div>
  (Session info: chrome=75.0.3770.90)
  (Driver info: chromedriver=74.0.3729.6 (255758eccf3d244491b8a1317aa76e1ce10d57e9-refs/branch-heads/3729@{#29}),platform=Windows NT 10.0.17134 x86_64) (WARNING: The server did not provide any stacktrace information)
Command duration or timeout: 0 milliseconds
Build info: version: '3.11.0', revision: 'e59cfb3', time: '2018-03-11T20:26:55.152Z'
System info: host: 'NHUTBM', ip: '192.168.56.1', os.name: 'Windows 10', os.arch: 'amd64', os.version: '10.0', java.version: '1.8.0_181'
Driver info: org.openqa.selenium.chrome.ChromeDriver
Capabilities {acceptInsecureCerts: false, acceptSslCerts: false, applicationCacheEnabled: false, browserConnectionEnabled: false, browserName: chrome, chrome: {chromedriverVersion: 74.0.3729.6 (255758eccf3d24..., userDataDir: C:\Users\LAP121~1\AppData\L...}, cssSelectorsEnabled: true, databaseEnabled: false, goog:chromeOptions: {debuggerAddress: localhost:59849}, handlesAlerts: true, hasTouchScreen: false, javascriptEnabled: true, locationContextEnabled: true, mobileEmulationEnabled: false, nativeEvents: true, networkConnectionEnabled: false, pageLoadStrategy: normal, platform: XP, platformName: XP, proxy: Proxy(), rotatable: false, setWindowRect: true, strictFileInteractability: false, takesHeapSnapshot: true, takesScreenshot: true, timeouts: {implicit: 0, pageLoad: 300000, script: 30000}, unexpectedAlertBehaviour: ignore, unhandledPromptBehavior: ignore, version: 75.0.3770.90, webStorageEnabled: true}
Session ID: 97c3d0f192e8962babed8a5a08f216de]]>
            </message>
            <full-stacktrace>
              <![CDATA[org.openqa.selenium.ElementClickInterceptedException: element click intercepted: Element <span data-bind="text: gtCore.mess.ContinutePayment">...</span> is not clickable at point (767, 234). Other element would receive the click: <div id="preloader-background">...</div>
  (Session info: chrome=75.0.3770.90)
  (Driver info: chromedriver=74.0.3729.6 (255758eccf3d244491b8a1317aa76e1ce10d57e9-refs/branch-heads/3729@{#29}),platform=Windows NT 10.0.17134 x86_64) (WARNING: The server did not provide any stacktrace information)
Command duration or timeout: 0 milliseconds
Build info: version: '3.11.0', revision: 'e59cfb3', time: '2018-03-11T20:26:55.152Z'
System info: host: 'NHUTBM', ip: '192.168.56.1', os.name: 'Windows 10', os.arch: 'amd64', os.version: '10.0', java.version: '1.8.0_181'
Driver info: org.openqa.selenium.chrome.ChromeDriver
Capabilities {acceptInsecureCerts: false, acceptSslCerts: false, applicationCacheEnabled: false, browserConnectionEnabled: false, browserName: chrome, chrome: {chromedriverVersion: 74.0.3729.6 (255758eccf3d24..., userDataDir: C:\Users\LAP121~1\AppData\L...}, cssSelectorsEnabled: true, databaseEnabled: false, goog:chromeOptions: {debuggerAddress: localhost:59849}, handlesAlerts: true, hasTouchScreen: false, javascriptEnabled: true, locationContextEnabled: true, mobileEmulationEnabled: false, nativeEvents: true, networkConnectionEnabled: false, pageLoadStrategy: normal, platform: XP, platformName: XP, proxy: Proxy(), rotatable: false, setWindowRect: true, strictFileInteractability: false, takesHeapSnapshot: true, takesScreenshot: true, timeouts: {implicit: 0, pageLoad: 300000, script: 30000}, unexpectedAlertBehaviour: ignore, unhandledPromptBehavior: ignore, version: 75.0.3770.90, webStorageEnabled: true}
Session ID: 97c3d0f192e8962babed8a5a08f216de
	at sun.reflect.NativeConstructorAccessorImpl.newInstance0(Native Method)
	at sun.reflect.NativeConstructorAccessorImpl.newInstance(NativeConstructorAccessorImpl.java:62)
	at sun.reflect.DelegatingConstructorAccessorImpl.newInstance(DelegatingConstructorAccessorImpl.java:45)
	at java.lang.reflect.Constructor.newInstance(Constructor.java:423)
	at org.openqa.selenium.remote.ErrorHandler.createThrowable(ErrorHandler.java:214)
	at org.openqa.selenium.remote.ErrorHandler.throwIfResponseFailed(ErrorHandler.java:166)
	at org.openqa.selenium.remote.http.JsonHttpResponseCodec.reconstructValue(JsonHttpResponseCodec.java:40)
	at org.openqa.selenium.remote.http.AbstractHttpResponseCodec.decode(AbstractHttpResponseCodec.java:80)
	at org.openqa.selenium.remote.http.AbstractHttpResponseCodec.decode(AbstractHttpResponseCodec.java:44)
	at org.openqa.selenium.remote.HttpCommandExecutor.execute(HttpCommandExecutor.java:158)
	at org.openqa.selenium.remote.service.DriverCommandExecutor.execute(DriverCommandExecutor.java:83)
	at org.openqa.selenium.remote.RemoteWebDriver.execute(RemoteWebDriver.java:545)
	at org.openqa.selenium.remote.RemoteWebElement.execute(RemoteWebElement.java:279)
	at org.openqa.selenium.remote.RemoteWebElement.click(RemoteWebElement.java:83)
	at CommonPage.commonFunction.click(commonFunction.java:49)
	at com.payzing.actions.HomePage.clickTiepTucThanhToan(HomePage.java:111)
	at com.payzing.testcase.HomePageScript.testcase_12_ATM_Transfer_ZaloPay_Verify_display_form_input_infor_card(HomePageScript.java:436)
	at sun.reflect.NativeMethodAccessorImpl.invoke0(Native Method)
	at sun.reflect.NativeMethodAccessorImpl.invoke(NativeMethodAccessorImpl.java:62)
	at sun.reflect.DelegatingMethodAccessorImpl.invoke(DelegatingMethodAccessorImpl.java:43)
	at java.lang.reflect.Method.invoke(Method.java:498)
	at org.testng.internal.MethodInvocationHelper.invokeMethod(MethodInvocationHelper.java:80)
	at org.testng.internal.Invoker.invokeMethod(Invoker.java:714)
	at org.testng.internal.Invoker.invokeTestMethod(Invoker.java:901)
	at org.testng.internal.Invoker.invokeTestMethods(Invoker.java:1231)
	at org.testng.internal.TestMethodWorker.invokeTestMethods(TestMethodWorker.java:127)
	at org.testng.internal.TestMethodWorker.run(TestMethodWorker.java:111)
	at org.testng.TestRunner.privateRun(TestRunner.java:767)
	at org.testng.TestRunner.run(TestRunner.java:617)
	at org.testng.SuiteRunner.runTest(SuiteRunner.java:334)
	at org.testng.SuiteRunner.access$000(SuiteRunner.java:37)
	at org.testng.SuiteRunner$SuiteWorker.run(SuiteRunner.java:368)
	at org.testng.internal.thread.ThreadUtil$2.call(ThreadUtil.java:64)
	at java.util.concurrent.FutureTask.run(FutureTask.java:266)
	at java.util.concurrent.ThreadPoolExecutor.runWorker(ThreadPoolExecutor.java:1149)
	at java.util.concurrent.ThreadPoolExecutor$Worker.run(ThreadPoolExecutor.java:624)
	at java.lang.Thread.run(Thread.java:748)
]]>
            </full-stacktrace>
          </exception> <!-- org.openqa.selenium.ElementClickInterceptedException -->
          <reporter-output>
          </reporter-output>
        </test-method> <!-- testcase_12_ATM_Transfer_ZaloPay_Verify_display_form_input_infor_card -->
        <test-method status="PASS" signature="beforeMethod()[pri:0, instance:com.payzing.testcase.HomePageScript@27efef64]" name="beforeMethod" is-config="true" duration-ms="4323" started-at="2019-06-17T08:57:12Z" finished-at="2019-06-17T08:57:17Z">
          <reporter-output>
          </reporter-output>
        </test-method> <!-- beforeMethod -->
        <test-method status="PASS" signature="afterMethod(org.testng.ITestResult)[pri:0, instance:com.payzing.testcase.HomePageScript@27efef64]" name="afterMethod" is-config="true" duration-ms="0" started-at="2019-06-17T08:57:12Z" finished-at="2019-06-17T08:57:12Z">
          <params>
            <param index="0">
              <value>
                <![CDATA[[TestResult name=testcase_12_ATM_Transfer_ZaloPay_Verify_display_form_input_infor_card status=FAILURE method=HomePageScript.testcase_12_ATM_Transfer_ZaloPay_Verify_display_form_input_infor_card()[pri:0, instance:com.payzing.testcase.HomePageScript@27efef64] output={null}]]]>
              </value>
            </param>
          </params>
          <reporter-output>
          </reporter-output>
        </test-method> <!-- afterMethod -->
        <test-method status="PASS" signature="testcase_13_ATM_Transfer_ZaloPay_Verify_display_transactionID()[pri:0, instance:com.payzing.testcase.HomePageScript@27efef64]" name="testcase_13_ATM_Transfer_ZaloPay_Verify_display_transactionID" duration-ms="24605" started-at="2019-06-17T08:57:17Z" finished-at="2019-06-17T08:57:41Z">
          <reporter-output>
          </reporter-output>
        </test-method> <!-- testcase_13_ATM_Transfer_ZaloPay_Verify_display_transactionID -->
        <test-method status="PASS" signature="afterMethod(org.testng.ITestResult)[pri:0, instance:com.payzing.testcase.HomePageScript@27efef64]" name="afterMethod" is-config="true" duration-ms="0" started-at="2019-06-17T08:57:41Z" finished-at="2019-06-17T08:57:41Z">
          <params>
            <param index="0">
              <value>
                <![CDATA[[TestResult name=testcase_13_ATM_Transfer_ZaloPay_Verify_display_transactionID status=SUCCESS method=HomePageScript.testcase_13_ATM_Transfer_ZaloPay_Verify_display_transactionID()[pri:0, instance:com.payzing.testcase.HomePageScript@27efef64] output={null}]]]>
              </value>
            </param>
          </params>
          <reporter-output>
          </reporter-output>
        </test-method> <!-- afterMethod -->
        <test-method status="PASS" signature="beforeMethod()[pri:0, instance:com.payzing.testcase.HomePageScript@27efef64]" name="beforeMethod" is-config="true" duration-ms="4251" started-at="2019-06-17T08:57:41Z" finished-at="2019-06-17T08:57:45Z">
          <reporter-output>
          </reporter-output>
        </test-method> <!-- beforeMethod -->
        <test-method status="PASS" signature="testcase_14_Credit_Card()[pri:0, instance:com.payzing.testcase.HomePageScript@27efef64]" name="testcase_14_Credit_Card" duration-ms="24138" started-at="2019-06-17T08:57:45Z" finished-at="2019-06-17T08:58:10Z">
          <reporter-output>
          </reporter-output>
        </test-method> <!-- testcase_14_Credit_Card -->
        <test-method status="PASS" signature="afterMethod(org.testng.ITestResult)[pri:0, instance:com.payzing.testcase.HomePageScript@27efef64]" name="afterMethod" is-config="true" duration-ms="0" started-at="2019-06-17T08:58:10Z" finished-at="2019-06-17T08:58:10Z">
          <params>
            <param index="0">
              <value>
                <![CDATA[[TestResult name=testcase_14_Credit_Card status=SUCCESS method=HomePageScript.testcase_14_Credit_Card()[pri:0, instance:com.payzing.testcase.HomePageScript@27efef64] output={null}]]]>
              </value>
            </param>
          </params>
          <reporter-output>
          </reporter-output>
        </test-method> <!-- afterMethod -->
        <test-method status="PASS" signature="beforeMethod()[pri:0, instance:com.payzing.testcase.HomePageScript@27efef64]" name="beforeMethod" is-config="true" duration-ms="4286" started-at="2019-06-17T08:58:10Z" finished-at="2019-06-17T08:58:14Z">
          <reporter-output>
          </reporter-output>
        </test-method> <!-- beforeMethod -->
        <test-method status="PASS" signature="testcase_15_SMS()[pri:0, instance:com.payzing.testcase.HomePageScript@27efef64]" name="testcase_15_SMS" duration-ms="4379" started-at="2019-06-17T08:58:14Z" finished-at="2019-06-17T08:58:18Z">
          <reporter-output>
          </reporter-output>
        </test-method> <!-- testcase_15_SMS -->
        <test-method status="PASS" signature="afterMethod(org.testng.ITestResult)[pri:0, instance:com.payzing.testcase.HomePageScript@27efef64]" name="afterMethod" is-config="true" duration-ms="1" started-at="2019-06-17T08:58:18Z" finished-at="2019-06-17T08:58:18Z">
          <params>
            <param index="0">
              <value>
                <![CDATA[[TestResult name=testcase_15_SMS status=SUCCESS method=HomePageScript.testcase_15_SMS()[pri:0, instance:com.payzing.testcase.HomePageScript@27efef64] output={null}]]]>
              </value>
            </param>
          </params>
          <reporter-output>
          </reporter-output>
        </test-method> <!-- afterMethod -->
        <test-method status="PASS" signature="afterClass()[pri:0, instance:com.payzing.testcase.HomePageScript@27efef64]" name="afterClass" is-config="true" duration-ms="72" started-at="2019-06-17T08:58:18Z" finished-at="2019-06-17T08:58:18Z">
          <reporter-output>
          </reporter-output>
        </test-method> <!-- afterClass -->
      </class> <!-- com.payzing.testcase.HomePageScript -->
    </test> <!-- Login guru on Chrome -->
  </suite> <!-- Suite -->
</testng-results>
